CRITICAL - 2020-07-24 00:12:35 --> Class 'App\Controllers\Cate_Model' not found
#0 D:\Coding\Xampp\htdocs\Codeigniter\system\CodeIgniter.php(918): App\Controllers\PostController->getAdd()
#1 D:\Coding\Xampp\htdocs\Codeigniter\system\CodeIgniter.php(404): CodeIgniter\CodeIgniter->runController(Object(App\Controllers\PostController))
#2 D:\Coding\Xampp\htdocs\Codeigniter\system\CodeIgniter.php(312): CodeIgniter\CodeIgniter->handleRequest(NULL, Object(Config\Cache), false)
#3 D:\Coding\Xampp\htdocs\Codeigniter\index.php(46): CodeIgniter\CodeIgniter->run()
#4 {main}
CRITICAL - 2020-07-24 00:13:22 --> Class 'App\Controllers\Cate_Model' not found
#0 D:\Coding\Xampp\htdocs\Codeigniter\system\CodeIgniter.php(918): App\Controllers\PostController->getAdd()
#1 D:\Coding\Xampp\htdocs\Codeigniter\system\CodeIgniter.php(404): CodeIgniter\CodeIgniter->runController(Object(App\Controllers\PostController))
#2 D:\Coding\Xampp\htdocs\Codeigniter\system\CodeIgniter.php(312): CodeIgniter\CodeIgniter->handleRequest(NULL, Object(Config\Cache), false)
#3 D:\Coding\Xampp\htdocs\Codeigniter\index.php(46): CodeIgniter\CodeIgniter->run()
#4 {main}
CRITICAL - 2020-07-24 00:18:46 --> Trying to get property 'parent_cate_id' of non-object
#0 D:\Coding\Xampp\htdocs\Codeigniter\app\Views\admin\post\add.php(138): CodeIgniter\Debug\Exceptions->errorHandler(8, 'Trying to get p...', 'D:\\Coding\\Xampp...', 138, Array)
#1 D:\Coding\Xampp\htdocs\Codeigniter\system\View\View.php(246): include('D:\\Coding\\Xampp...')
#2 D:\Coding\Xampp\htdocs\Codeigniter\system\Common.php(1119): CodeIgniter\View\View->render('admin/post/add', Array, true)
#3 D:\Coding\Xampp\htdocs\Codeigniter\app\Controllers\PostController.php(24): view('admin/post/add', Array)
#4 D:\Coding\Xampp\htdocs\Codeigniter\system\CodeIgniter.php(918): App\Controllers\PostController->getAdd()
#5 D:\Coding\Xampp\htdocs\Codeigniter\system\CodeIgniter.php(404): CodeIgniter\CodeIgniter->runController(Object(App\Controllers\PostController))
#6 D:\Coding\Xampp\htdocs\Codeigniter\system\CodeIgniter.php(312): CodeIgniter\CodeIgniter->handleRequest(NULL, Object(Config\Cache), false)
#7 D:\Coding\Xampp\htdocs\Codeigniter\index.php(46): CodeIgniter\CodeIgniter->run()
#8 {main}
CRITICAL - 2020-07-24 00:18:58 --> Trying to get property 'cate_name' of non-object
#0 D:\Coding\Xampp\htdocs\Codeigniter\app\Views\admin\post\add.php(139): CodeIgniter\Debug\Exceptions->errorHandler(8, 'Trying to get p...', 'D:\\Coding\\Xampp...', 139, Array)
#1 D:\Coding\Xampp\htdocs\Codeigniter\system\View\View.php(246): include('D:\\Coding\\Xampp...')
#2 D:\Coding\Xampp\htdocs\Codeigniter\system\Common.php(1119): CodeIgniter\View\View->render('admin/post/add', Array, true)
#3 D:\Coding\Xampp\htdocs\Codeigniter\app\Controllers\PostController.php(24): view('admin/post/add', Array)
#4 D:\Coding\Xampp\htdocs\Codeigniter\system\CodeIgniter.php(918): App\Controllers\PostController->getAdd()
#5 D:\Coding\Xampp\htdocs\Codeigniter\system\CodeIgniter.php(404): CodeIgniter\CodeIgniter->runController(Object(App\Controllers\PostController))
#6 D:\Coding\Xampp\htdocs\Codeigniter\system\CodeIgniter.php(312): CodeIgniter\CodeIgniter->handleRequest(NULL, Object(Config\Cache), false)
#7 D:\Coding\Xampp\htdocs\Codeigniter\index.php(46): CodeIgniter\CodeIgniter->run()
#8 {main}
CRITICAL - 2020-07-24 00:29:58 --> Undefined variable: flag
#0 D:\Coding\Xampp\htdocs\Codeigniter\app\Views\admin\post\add.php(142): CodeIgniter\Debug\Exceptions->errorHandler(8, 'Undefined varia...', 'D:\\Coding\\Xampp...', 142, Array)
#1 D:\Coding\Xampp\htdocs\Codeigniter\system\View\View.php(246): include('D:\\Coding\\Xampp...')
#2 D:\Coding\Xampp\htdocs\Codeigniter\system\Common.php(1119): CodeIgniter\View\View->render('admin/post/add', Array, true)
#3 D:\Coding\Xampp\htdocs\Codeigniter\app\Controllers\PostController.php(24): view('admin/post/add', Array)
#4 D:\Coding\Xampp\htdocs\Codeigniter\system\CodeIgniter.php(918): App\Controllers\PostController->getAdd()
#5 D:\Coding\Xampp\htdocs\Codeigniter\system\CodeIgniter.php(404): CodeIgniter\CodeIgniter->runController(Object(App\Controllers\PostController))
#6 D:\Coding\Xampp\htdocs\Codeigniter\system\CodeIgniter.php(312): CodeIgniter\CodeIgniter->handleRequest(NULL, Object(Config\Cache), false)
#7 D:\Coding\Xampp\htdocs\Codeigniter\index.php(46): CodeIgniter\CodeIgniter->run()
#8 {main}
CRITICAL - 2020-07-24 00:30:07 --> Undefined variable: flag
#0 D:\Coding\Xampp\htdocs\Codeigniter\app\Views\admin\post\add.php(142): CodeIgniter\Debug\Exceptions->errorHandler(8, 'Undefined varia...', 'D:\\Coding\\Xampp...', 142, Array)
#1 D:\Coding\Xampp\htdocs\Codeigniter\system\View\View.php(246): include('D:\\Coding\\Xampp...')
#2 D:\Coding\Xampp\htdocs\Codeigniter\system\Common.php(1119): CodeIgniter\View\View->render('admin/post/add', Array, true)
#3 D:\Coding\Xampp\htdocs\Codeigniter\app\Controllers\PostController.php(24): view('admin/post/add', Array)
#4 D:\Coding\Xampp\htdocs\Codeigniter\system\CodeIgniter.php(918): App\Controllers\PostController->getAdd()
#5 D:\Coding\Xampp\htdocs\Codeigniter\system\CodeIgniter.php(404): CodeIgniter\CodeIgniter->runController(Object(App\Controllers\PostController))
#6 D:\Coding\Xampp\htdocs\Codeigniter\system\CodeIgniter.php(312): CodeIgniter\CodeIgniter->handleRequest(NULL, Object(Config\Cache), false)
#7 D:\Coding\Xampp\htdocs\Codeigniter\index.php(46): CodeIgniter\CodeIgniter->run()
#8 {main}
CRITICAL - 2020-07-24 00:34:28 --> Undefined variable: sub_cate
#0 D:\Coding\Xampp\htdocs\Codeigniter\app\Views\admin\post\add.php(145): CodeIgniter\Debug\Exceptions->errorHandler(8, 'Undefined varia...', 'D:\\Coding\\Xampp...', 145, Array)
#1 D:\Coding\Xampp\htdocs\Codeigniter\system\View\View.php(246): include('D:\\Coding\\Xampp...')
#2 D:\Coding\Xampp\htdocs\Codeigniter\system\Common.php(1119): CodeIgniter\View\View->render('admin/post/add', Array, true)
#3 D:\Coding\Xampp\htdocs\Codeigniter\app\Controllers\PostController.php(24): view('admin/post/add', Array)
#4 D:\Coding\Xampp\htdocs\Codeigniter\system\CodeIgniter.php(918): App\Controllers\PostController->getAdd()
#5 D:\Coding\Xampp\htdocs\Codeigniter\system\CodeIgniter.php(404): CodeIgniter\CodeIgniter->runController(Object(App\Controllers\PostController))
#6 D:\Coding\Xampp\htdocs\Codeigniter\system\CodeIgniter.php(312): CodeIgniter\CodeIgniter->handleRequest(NULL, Object(Config\Cache), false)
#7 D:\Coding\Xampp\htdocs\Codeigniter\index.php(46): CodeIgniter\CodeIgniter->run()
#8 {main}
CRITICAL - 2020-07-24 00:35:52 --> Undefined variable: sub_cate
#0 D:\Coding\Xampp\htdocs\Codeigniter\app\Views\admin\post\add.php(141): CodeIgniter\Debug\Exceptions->errorHandler(8, 'Undefined varia...', 'D:\\Coding\\Xampp...', 141, Array)
#1 D:\Coding\Xampp\htdocs\Codeigniter\system\View\View.php(246): include('D:\\Coding\\Xampp...')
#2 D:\Coding\Xampp\htdocs\Codeigniter\system\Common.php(1119): CodeIgniter\View\View->render('admin/post/add', Array, true)
#3 D:\Coding\Xampp\htdocs\Codeigniter\app\Controllers\PostController.php(24): view('admin/post/add', Array)
#4 D:\Coding\Xampp\htdocs\Codeigniter\system\CodeIgniter.php(918): App\Controllers\PostController->getAdd()
#5 D:\Coding\Xampp\htdocs\Codeigniter\system\CodeIgniter.php(404): CodeIgniter\CodeIgniter->runController(Object(App\Controllers\PostController))
#6 D:\Coding\Xampp\htdocs\Codeigniter\system\CodeIgniter.php(312): CodeIgniter\CodeIgniter->handleRequest(NULL, Object(Config\Cache), false)
#7 D:\Coding\Xampp\htdocs\Codeigniter\index.php(46): CodeIgniter\CodeIgniter->run()
#8 {main}
CRITICAL - 2020-07-24 00:35:53 --> Undefined variable: sub_cate
#0 D:\Coding\Xampp\htdocs\Codeigniter\app\Views\admin\post\add.php(141): CodeIgniter\Debug\Exceptions->errorHandler(8, 'Undefined varia...', 'D:\\Coding\\Xampp...', 141, Array)
#1 D:\Coding\Xampp\htdocs\Codeigniter\system\View\View.php(246): include('D:\\Coding\\Xampp...')
#2 D:\Coding\Xampp\htdocs\Codeigniter\system\Common.php(1119): CodeIgniter\View\View->render('admin/post/add', Array, true)
#3 D:\Coding\Xampp\htdocs\Codeigniter\app\Controllers\PostController.php(24): view('admin/post/add', Array)
#4 D:\Coding\Xampp\htdocs\Codeigniter\system\CodeIgniter.php(918): App\Controllers\PostController->getAdd()
#5 D:\Coding\Xampp\htdocs\Codeigniter\system\CodeIgniter.php(404): CodeIgniter\CodeIgniter->runController(Object(App\Controllers\PostController))
#6 D:\Coding\Xampp\htdocs\Codeigniter\system\CodeIgniter.php(312): CodeIgniter\CodeIgniter->handleRequest(NULL, Object(Config\Cache), false)
#7 D:\Coding\Xampp\htdocs\Codeigniter\index.php(46): CodeIgniter\CodeIgniter->run()
#8 {main}
CRITICAL - 2020-07-24 00:35:53 --> Undefined variable: sub_cate
#0 D:\Coding\Xampp\htdocs\Codeigniter\app\Views\admin\post\add.php(141): CodeIgniter\Debug\Exceptions->errorHandler(8, 'Undefined varia...', 'D:\\Coding\\Xampp...', 141, Array)
#1 D:\Coding\Xampp\htdocs\Codeigniter\system\View\View.php(246): include('D:\\Coding\\Xampp...')
#2 D:\Coding\Xampp\htdocs\Codeigniter\system\Common.php(1119): CodeIgniter\View\View->render('admin/post/add', Array, true)
#3 D:\Coding\Xampp\htdocs\Codeigniter\app\Controllers\PostController.php(24): view('admin/post/add', Array)
#4 D:\Coding\Xampp\htdocs\Codeigniter\system\CodeIgniter.php(918): App\Controllers\PostController->getAdd()
#5 D:\Coding\Xampp\htdocs\Codeigniter\system\CodeIgniter.php(404): CodeIgniter\CodeIgniter->runController(Object(App\Controllers\PostController))
#6 D:\Coding\Xampp\htdocs\Codeigniter\system\CodeIgniter.php(312): CodeIgniter\CodeIgniter->handleRequest(NULL, Object(Config\Cache), false)
#7 D:\Coding\Xampp\htdocs\Codeigniter\index.php(46): CodeIgniter\CodeIgniter->run()
#8 {main}
CRITICAL - 2020-07-24 00:35:53 --> Undefined variable: sub_cate
#0 D:\Coding\Xampp\htdocs\Codeigniter\app\Views\admin\post\add.php(141): CodeIgniter\Debug\Exceptions->errorHandler(8, 'Undefined varia...', 'D:\\Coding\\Xampp...', 141, Array)
#1 D:\Coding\Xampp\htdocs\Codeigniter\system\View\View.php(246): include('D:\\Coding\\Xampp...')
#2 D:\Coding\Xampp\htdocs\Codeigniter\system\Common.php(1119): CodeIgniter\View\View->render('admin/post/add', Array, true)
#3 D:\Coding\Xampp\htdocs\Codeigniter\app\Controllers\PostController.php(24): view('admin/post/add', Array)
#4 D:\Coding\Xampp\htdocs\Codeigniter\system\CodeIgniter.php(918): App\Controllers\PostController->getAdd()
#5 D:\Coding\Xampp\htdocs\Codeigniter\system\CodeIgniter.php(404): CodeIgniter\CodeIgniter->runController(Object(App\Controllers\PostController))
#6 D:\Coding\Xampp\htdocs\Codeigniter\system\CodeIgniter.php(312): CodeIgniter\CodeIgniter->handleRequest(NULL, Object(Config\Cache), false)
#7 D:\Coding\Xampp\htdocs\Codeigniter\index.php(46): CodeIgniter\CodeIgniter->run()
#8 {main}
CRITICAL - 2020-07-24 00:38:35 --> Cannot use isset() on the result of an expression (you can use "null !== expression" instead)
#0 [internal function]: CodeIgniter\Debug\Exceptions->shutdownHandler()
#1 {main}
CRITICAL - 2020-07-24 00:54:20 --> Undefined variable: cate
#0 D:\Coding\Xampp\htdocs\Codeigniter\app\Views\admin\post\post.php(43): CodeIgniter\Debug\Exceptions->errorHandler(8, 'Undefined varia...', 'D:\\Coding\\Xampp...', 43, Array)
#1 D:\Coding\Xampp\htdocs\Codeigniter\system\View\View.php(246): include('D:\\Coding\\Xampp...')
#2 D:\Coding\Xampp\htdocs\Codeigniter\system\Common.php(1119): CodeIgniter\View\View->render('admin/post/post', Array, true)
#3 D:\Coding\Xampp\htdocs\Codeigniter\app\Controllers\PostController.php(13): view('admin/post/post')
#4 D:\Coding\Xampp\htdocs\Codeigniter\system\CodeIgniter.php(918): App\Controllers\PostController->index()
#5 D:\Coding\Xampp\htdocs\Codeigniter\system\CodeIgniter.php(404): CodeIgniter\CodeIgniter->runController(Object(App\Controllers\PostController))
#6 D:\Coding\Xampp\htdocs\Codeigniter\system\CodeIgniter.php(312): CodeIgniter\CodeIgniter->handleRequest(NULL, Object(Config\Cache), false)
#7 D:\Coding\Xampp\htdocs\Codeigniter\index.php(46): CodeIgniter\CodeIgniter->run()
#8 {main}
CRITICAL - 2020-07-24 00:56:01 --> Undefined variable: cate
#0 D:\Coding\Xampp\htdocs\Codeigniter\app\Controllers\PostController.php(14): CodeIgniter\Debug\Exceptions->errorHandler(8, 'Undefined varia...', 'D:\\Coding\\Xampp...', 14, Array)
#1 D:\Coding\Xampp\htdocs\Codeigniter\system\CodeIgniter.php(918): App\Controllers\PostController->index()
#2 D:\Coding\Xampp\htdocs\Codeigniter\system\CodeIgniter.php(404): CodeIgniter\CodeIgniter->runController(Object(App\Controllers\PostController))
#3 D:\Coding\Xampp\htdocs\Codeigniter\system\CodeIgniter.php(312): CodeIgniter\CodeIgniter->handleRequest(NULL, Object(Config\Cache), false)
#4 D:\Coding\Xampp\htdocs\Codeigniter\index.php(46): CodeIgniter\CodeIgniter->run()
#5 {main}
CRITICAL - 2020-07-24 00:56:29 --> Undefined property: stdClass::$cate_id
#0 D:\Coding\Xampp\htdocs\Codeigniter\app\Views\admin\post\post.php(50): CodeIgniter\Debug\Exceptions->errorHandler(8, 'Undefined prope...', 'D:\\Coding\\Xampp...', 50, Array)
#1 D:\Coding\Xampp\htdocs\Codeigniter\system\View\View.php(246): include('D:\\Coding\\Xampp...')
#2 D:\Coding\Xampp\htdocs\Codeigniter\system\Common.php(1119): CodeIgniter\View\View->render('admin/post/post', Array, true)
#3 D:\Coding\Xampp\htdocs\Codeigniter\app\Controllers\PostController.php(15): view('admin/post/post', Array)
#4 D:\Coding\Xampp\htdocs\Codeigniter\system\CodeIgniter.php(918): App\Controllers\PostController->index()
#5 D:\Coding\Xampp\htdocs\Codeigniter\system\CodeIgniter.php(404): CodeIgniter\CodeIgniter->runController(Object(App\Controllers\PostController))
#6 D:\Coding\Xampp\htdocs\Codeigniter\system\CodeIgniter.php(312): CodeIgniter\CodeIgniter->handleRequest(NULL, Object(Config\Cache), false)
#7 D:\Coding\Xampp\htdocs\Codeigniter\index.php(46): CodeIgniter\CodeIgniter->run()
#8 {main}
