CRITICAL - 2020-08-09 14:40:23 --> Undefined variable: totalTime
#0 D:\Coding\Xampp\htdocs\Codeigniter\system\Debug\Toolbar\Views\toolbar.tpl.php(56): CodeIgniter\Debug\Exceptions->errorHandler(8, 'Undefined varia...', 'D:\\Coding\\Xampp...', 56, Array)
#1 D:\Coding\Xampp\htdocs\Codeigniter\system\Debug\Toolbar.php(498): include('D:\\Coding\\Xampp...')
#2 D:\Coding\Xampp\htdocs\Codeigniter\system\Debug\Toolbar.php(455): CodeIgniter\Debug\Toolbar->format(Array, 'html')
#3 D:\Coding\Xampp\htdocs\Codeigniter\app\Config\Events.php(50): CodeIgniter\Debug\Toolbar->respond()
#4 [internal function]: CodeIgniter\Events\Events::Config\{closure}()
#5 D:\Coding\Xampp\htdocs\Codeigniter\system\Events\Events.php(188): call_user_func(Object(Closure))
#6 D:\Coding\Xampp\htdocs\Codeigniter\system\CodeIgniter.php(293): CodeIgniter\Events\Events::trigger('pre_system')
#7 D:\Coding\Xampp\htdocs\Codeigniter\index.php(46): CodeIgniter\CodeIgniter->run()
#8 {main}
CRITICAL - 2020-08-09 22:42:51 --> Undefined variable: totalTime
#0 D:\Coding\Xampp\htdocs\Codeigniter\system\Debug\Toolbar\Views\toolbar.tpl.php(56): CodeIgniter\Debug\Exceptions->errorHandler(8, 'Undefined varia...', 'D:\\Coding\\Xampp...', 56, Array)
#1 D:\Coding\Xampp\htdocs\Codeigniter\system\Debug\Toolbar.php(498): include('D:\\Coding\\Xampp...')
#2 D:\Coding\Xampp\htdocs\Codeigniter\system\Debug\Toolbar.php(455): CodeIgniter\Debug\Toolbar->format(Array, 'html')
#3 D:\Coding\Xampp\htdocs\Codeigniter\app\Config\Events.php(50): CodeIgniter\Debug\Toolbar->respond()
#4 [internal function]: CodeIgniter\Events\Events::Config\{closure}()
#5 D:\Coding\Xampp\htdocs\Codeigniter\system\Events\Events.php(188): call_user_func(Object(Closure))
#6 D:\Coding\Xampp\htdocs\Codeigniter\system\CodeIgniter.php(293): CodeIgniter\Events\Events::trigger('pre_system')
#7 D:\Coding\Xampp\htdocs\Codeigniter\index.php(46): CodeIgniter\CodeIgniter->run()
#8 {main}
CRITICAL - 2020-08-09 22:44:18 --> Undefined variable: totalTime
#0 D:\Coding\Xampp\htdocs\Codeigniter\system\Debug\Toolbar\Views\toolbar.tpl.php(56): CodeIgniter\Debug\Exceptions->errorHandler(8, 'Undefined varia...', 'D:\\Coding\\Xampp...', 56, Array)
#1 D:\Coding\Xampp\htdocs\Codeigniter\system\Debug\Toolbar.php(498): include('D:\\Coding\\Xampp...')
#2 D:\Coding\Xampp\htdocs\Codeigniter\system\Debug\Toolbar.php(455): CodeIgniter\Debug\Toolbar->format(Array, 'html')
#3 D:\Coding\Xampp\htdocs\Codeigniter\app\Config\Events.php(50): CodeIgniter\Debug\Toolbar->respond()
#4 [internal function]: CodeIgniter\Events\Events::Config\{closure}()
#5 D:\Coding\Xampp\htdocs\Codeigniter\system\Events\Events.php(188): call_user_func(Object(Closure))
#6 D:\Coding\Xampp\htdocs\Codeigniter\system\CodeIgniter.php(293): CodeIgniter\Events\Events::trigger('pre_system')
#7 D:\Coding\Xampp\htdocs\Codeigniter\index.php(46): CodeIgniter\CodeIgniter->run()
#8 {main}
CRITICAL - 2020-08-09 22:45:58 --> Undefined variable: totalTime
#0 D:\Coding\Xampp\htdocs\Codeigniter\system\Debug\Toolbar\Views\toolbar.tpl.php(56): CodeIgniter\Debug\Exceptions->errorHandler(8, 'Undefined varia...', 'D:\\Coding\\Xampp...', 56, Array)
#1 D:\Coding\Xampp\htdocs\Codeigniter\system\Debug\Toolbar.php(498): include('D:\\Coding\\Xampp...')
#2 D:\Coding\Xampp\htdocs\Codeigniter\system\Debug\Toolbar.php(455): CodeIgniter\Debug\Toolbar->format(Array, 'html')
#3 D:\Coding\Xampp\htdocs\Codeigniter\app\Config\Events.php(50): CodeIgniter\Debug\Toolbar->respond()
#4 [internal function]: CodeIgniter\Events\Events::Config\{closure}()
#5 D:\Coding\Xampp\htdocs\Codeigniter\system\Events\Events.php(188): call_user_func(Object(Closure))
#6 D:\Coding\Xampp\htdocs\Codeigniter\system\CodeIgniter.php(293): CodeIgniter\Events\Events::trigger('pre_system')
#7 D:\Coding\Xampp\htdocs\Codeigniter\index.php(46): CodeIgniter\CodeIgniter->run()
#8 {main}
CRITICAL - 2020-08-09 22:48:05 --> Undefined variable: totalTime
#0 D:\Coding\Xampp\htdocs\Codeigniter\system\Debug\Toolbar\Views\toolbar.tpl.php(56): CodeIgniter\Debug\Exceptions->errorHandler(8, 'Undefined varia...', 'D:\\Coding\\Xampp...', 56, Array)
#1 D:\Coding\Xampp\htdocs\Codeigniter\system\Debug\Toolbar.php(498): include('D:\\Coding\\Xampp...')
#2 D:\Coding\Xampp\htdocs\Codeigniter\system\Debug\Toolbar.php(455): CodeIgniter\Debug\Toolbar->format(Array, 'html')
#3 D:\Coding\Xampp\htdocs\Codeigniter\app\Config\Events.php(50): CodeIgniter\Debug\Toolbar->respond()
#4 [internal function]: CodeIgniter\Events\Events::Config\{closure}()
#5 D:\Coding\Xampp\htdocs\Codeigniter\system\Events\Events.php(188): call_user_func(Object(Closure))
#6 D:\Coding\Xampp\htdocs\Codeigniter\system\CodeIgniter.php(293): CodeIgniter\Events\Events::trigger('pre_system')
#7 D:\Coding\Xampp\htdocs\Codeigniter\index.php(46): CodeIgniter\CodeIgniter->run()
#8 {main}
CRITICAL - 2020-08-09 23:06:04 --> Undefined variable: totalTime
#0 D:\Coding\Xampp\htdocs\Codeigniter\system\Debug\Toolbar\Views\toolbar.tpl.php(56): CodeIgniter\Debug\Exceptions->errorHandler(8, 'Undefined varia...', 'D:\\Coding\\Xampp...', 56, Array)
#1 D:\Coding\Xampp\htdocs\Codeigniter\system\Debug\Toolbar.php(498): include('D:\\Coding\\Xampp...')
#2 D:\Coding\Xampp\htdocs\Codeigniter\system\Debug\Toolbar.php(455): CodeIgniter\Debug\Toolbar->format(Array, 'html')
#3 D:\Coding\Xampp\htdocs\Codeigniter\app\Config\Events.php(50): CodeIgniter\Debug\Toolbar->respond()
#4 [internal function]: CodeIgniter\Events\Events::Config\{closure}()
#5 D:\Coding\Xampp\htdocs\Codeigniter\system\Events\Events.php(188): call_user_func(Object(Closure))
#6 D:\Coding\Xampp\htdocs\Codeigniter\system\CodeIgniter.php(293): CodeIgniter\Events\Events::trigger('pre_system')
#7 D:\Coding\Xampp\htdocs\Codeigniter\index.php(46): CodeIgniter\CodeIgniter->run()
#8 {main}
CRITICAL - 2020-08-09 23:08:26 --> Undefined variable: totalTime
#0 D:\Coding\Xampp\htdocs\Codeigniter\system\Debug\Toolbar\Views\toolbar.tpl.php(56): CodeIgniter\Debug\Exceptions->errorHandler(8, 'Undefined varia...', 'D:\\Coding\\Xampp...', 56, Array)
#1 D:\Coding\Xampp\htdocs\Codeigniter\system\Debug\Toolbar.php(498): include('D:\\Coding\\Xampp...')
#2 D:\Coding\Xampp\htdocs\Codeigniter\system\Debug\Toolbar.php(455): CodeIgniter\Debug\Toolbar->format(Array, 'html')
#3 D:\Coding\Xampp\htdocs\Codeigniter\app\Config\Events.php(50): CodeIgniter\Debug\Toolbar->respond()
#4 [internal function]: CodeIgniter\Events\Events::Config\{closure}()
#5 D:\Coding\Xampp\htdocs\Codeigniter\system\Events\Events.php(188): call_user_func(Object(Closure))
#6 D:\Coding\Xampp\htdocs\Codeigniter\system\CodeIgniter.php(293): CodeIgniter\Events\Events::trigger('pre_system')
#7 D:\Coding\Xampp\htdocs\Codeigniter\index.php(46): CodeIgniter\CodeIgniter->run()
#8 {main}
CRITICAL - 2020-08-09 23:11:37 --> Undefined variable: totalTime
#0 D:\Coding\Xampp\htdocs\Codeigniter\system\Debug\Toolbar\Views\toolbar.tpl.php(56): CodeIgniter\Debug\Exceptions->errorHandler(8, 'Undefined varia...', 'D:\\Coding\\Xampp...', 56, Array)
#1 D:\Coding\Xampp\htdocs\Codeigniter\system\Debug\Toolbar.php(498): include('D:\\Coding\\Xampp...')
#2 D:\Coding\Xampp\htdocs\Codeigniter\system\Debug\Toolbar.php(455): CodeIgniter\Debug\Toolbar->format(Array, 'html')
#3 D:\Coding\Xampp\htdocs\Codeigniter\app\Config\Events.php(50): CodeIgniter\Debug\Toolbar->respond()
#4 [internal function]: CodeIgniter\Events\Events::Config\{closure}()
#5 D:\Coding\Xampp\htdocs\Codeigniter\system\Events\Events.php(188): call_user_func(Object(Closure))
#6 D:\Coding\Xampp\htdocs\Codeigniter\system\CodeIgniter.php(293): CodeIgniter\Events\Events::trigger('pre_system')
#7 D:\Coding\Xampp\htdocs\Codeigniter\index.php(46): CodeIgniter\CodeIgniter->run()
#8 {main}
CRITICAL - 2020-08-09 23:12:20 --> Undefined variable: totalTime
#0 D:\Coding\Xampp\htdocs\Codeigniter\system\Debug\Toolbar\Views\toolbar.tpl.php(56): CodeIgniter\Debug\Exceptions->errorHandler(8, 'Undefined varia...', 'D:\\Coding\\Xampp...', 56, Array)
#1 D:\Coding\Xampp\htdocs\Codeigniter\system\Debug\Toolbar.php(498): include('D:\\Coding\\Xampp...')
#2 D:\Coding\Xampp\htdocs\Codeigniter\system\Debug\Toolbar.php(455): CodeIgniter\Debug\Toolbar->format(Array, 'html')
#3 D:\Coding\Xampp\htdocs\Codeigniter\app\Config\Events.php(50): CodeIgniter\Debug\Toolbar->respond()
#4 [internal function]: CodeIgniter\Events\Events::Config\{closure}()
#5 D:\Coding\Xampp\htdocs\Codeigniter\system\Events\Events.php(188): call_user_func(Object(Closure))
#6 D:\Coding\Xampp\htdocs\Codeigniter\system\CodeIgniter.php(293): CodeIgniter\Events\Events::trigger('pre_system')
#7 D:\Coding\Xampp\htdocs\Codeigniter\index.php(46): CodeIgniter\CodeIgniter->run()
#8 {main}
CRITICAL - 2020-08-09 23:18:50 --> Undefined variable: totalTime
#0 D:\Coding\Xampp\htdocs\Codeigniter\system\Debug\Toolbar\Views\toolbar.tpl.php(56): CodeIgniter\Debug\Exceptions->errorHandler(8, 'Undefined varia...', 'D:\\Coding\\Xampp...', 56, Array)
#1 D:\Coding\Xampp\htdocs\Codeigniter\system\Debug\Toolbar.php(498): include('D:\\Coding\\Xampp...')
#2 D:\Coding\Xampp\htdocs\Codeigniter\system\Debug\Toolbar.php(455): CodeIgniter\Debug\Toolbar->format(Array, 'html')
#3 D:\Coding\Xampp\htdocs\Codeigniter\app\Config\Events.php(50): CodeIgniter\Debug\Toolbar->respond()
#4 [internal function]: CodeIgniter\Events\Events::Config\{closure}()
#5 D:\Coding\Xampp\htdocs\Codeigniter\system\Events\Events.php(188): call_user_func(Object(Closure))
#6 D:\Coding\Xampp\htdocs\Codeigniter\system\CodeIgniter.php(293): CodeIgniter\Events\Events::trigger('pre_system')
#7 D:\Coding\Xampp\htdocs\Codeigniter\index.php(46): CodeIgniter\CodeIgniter->run()
#8 {main}
CRITICAL - 2020-08-09 23:22:39 --> Undefined variable: totalTime
#0 D:\Coding\Xampp\htdocs\Codeigniter\system\Debug\Toolbar\Views\toolbar.tpl.php(56): CodeIgniter\Debug\Exceptions->errorHandler(8, 'Undefined varia...', 'D:\\Coding\\Xampp...', 56, Array)
#1 D:\Coding\Xampp\htdocs\Codeigniter\system\Debug\Toolbar.php(498): include('D:\\Coding\\Xampp...')
#2 D:\Coding\Xampp\htdocs\Codeigniter\system\Debug\Toolbar.php(455): CodeIgniter\Debug\Toolbar->format(Array, 'html')
#3 D:\Coding\Xampp\htdocs\Codeigniter\app\Config\Events.php(50): CodeIgniter\Debug\Toolbar->respond()
#4 [internal function]: CodeIgniter\Events\Events::Config\{closure}()
#5 D:\Coding\Xampp\htdocs\Codeigniter\system\Events\Events.php(188): call_user_func(Object(Closure))
#6 D:\Coding\Xampp\htdocs\Codeigniter\system\CodeIgniter.php(293): CodeIgniter\Events\Events::trigger('pre_system')
#7 D:\Coding\Xampp\htdocs\Codeigniter\index.php(46): CodeIgniter\CodeIgniter->run()
#8 {main}
CRITICAL - 2020-08-09 23:27:59 --> Undefined variable: totalTime
#0 D:\Coding\Xampp\htdocs\Codeigniter\system\Debug\Toolbar\Views\toolbar.tpl.php(56): CodeIgniter\Debug\Exceptions->errorHandler(8, 'Undefined varia...', 'D:\\Coding\\Xampp...', 56, Array)
#1 D:\Coding\Xampp\htdocs\Codeigniter\system\Debug\Toolbar.php(498): include('D:\\Coding\\Xampp...')
#2 D:\Coding\Xampp\htdocs\Codeigniter\system\Debug\Toolbar.php(455): CodeIgniter\Debug\Toolbar->format(Array, 'html')
#3 D:\Coding\Xampp\htdocs\Codeigniter\app\Config\Events.php(50): CodeIgniter\Debug\Toolbar->respond()
#4 [internal function]: CodeIgniter\Events\Events::Config\{closure}()
#5 D:\Coding\Xampp\htdocs\Codeigniter\system\Events\Events.php(188): call_user_func(Object(Closure))
#6 D:\Coding\Xampp\htdocs\Codeigniter\system\CodeIgniter.php(293): CodeIgniter\Events\Events::trigger('pre_system')
#7 D:\Coding\Xampp\htdocs\Codeigniter\index.php(46): CodeIgniter\CodeIgniter->run()
#8 {main}
CRITICAL - 2020-08-09 23:30:47 --> Undefined variable: totalTime
#0 D:\Coding\Xampp\htdocs\Codeigniter\system\Debug\Toolbar\Views\toolbar.tpl.php(56): CodeIgniter\Debug\Exceptions->errorHandler(8, 'Undefined varia...', 'D:\\Coding\\Xampp...', 56, Array)
#1 D:\Coding\Xampp\htdocs\Codeigniter\system\Debug\Toolbar.php(498): include('D:\\Coding\\Xampp...')
#2 D:\Coding\Xampp\htdocs\Codeigniter\system\Debug\Toolbar.php(455): CodeIgniter\Debug\Toolbar->format(Array, 'html')
#3 D:\Coding\Xampp\htdocs\Codeigniter\app\Config\Events.php(50): CodeIgniter\Debug\Toolbar->respond()
#4 [internal function]: CodeIgniter\Events\Events::Config\{closure}()
#5 D:\Coding\Xampp\htdocs\Codeigniter\system\Events\Events.php(188): call_user_func(Object(Closure))
#6 D:\Coding\Xampp\htdocs\Codeigniter\system\CodeIgniter.php(293): CodeIgniter\Events\Events::trigger('pre_system')
#7 D:\Coding\Xampp\htdocs\Codeigniter\index.php(46): CodeIgniter\CodeIgniter->run()
#8 {main}
CRITICAL - 2020-08-09 23:31:42 --> Undefined variable: totalTime
#0 D:\Coding\Xampp\htdocs\Codeigniter\system\Debug\Toolbar\Views\toolbar.tpl.php(56): CodeIgniter\Debug\Exceptions->errorHandler(8, 'Undefined varia...', 'D:\\Coding\\Xampp...', 56, Array)
#1 D:\Coding\Xampp\htdocs\Codeigniter\system\Debug\Toolbar.php(498): include('D:\\Coding\\Xampp...')
#2 D:\Coding\Xampp\htdocs\Codeigniter\system\Debug\Toolbar.php(455): CodeIgniter\Debug\Toolbar->format(Array, 'html')
#3 D:\Coding\Xampp\htdocs\Codeigniter\app\Config\Events.php(50): CodeIgniter\Debug\Toolbar->respond()
#4 [internal function]: CodeIgniter\Events\Events::Config\{closure}()
#5 D:\Coding\Xampp\htdocs\Codeigniter\system\Events\Events.php(188): call_user_func(Object(Closure))
#6 D:\Coding\Xampp\htdocs\Codeigniter\system\CodeIgniter.php(293): CodeIgniter\Events\Events::trigger('pre_system')
#7 D:\Coding\Xampp\htdocs\Codeigniter\index.php(46): CodeIgniter\CodeIgniter->run()
#8 {main}
CRITICAL - 2020-08-09 23:32:28 --> Undefined variable: totalTime
#0 D:\Coding\Xampp\htdocs\Codeigniter\system\Debug\Toolbar\Views\toolbar.tpl.php(56): CodeIgniter\Debug\Exceptions->errorHandler(8, 'Undefined varia...', 'D:\\Coding\\Xampp...', 56, Array)
#1 D:\Coding\Xampp\htdocs\Codeigniter\system\Debug\Toolbar.php(498): include('D:\\Coding\\Xampp...')
#2 D:\Coding\Xampp\htdocs\Codeigniter\system\Debug\Toolbar.php(455): CodeIgniter\Debug\Toolbar->format(Array, 'html')
#3 D:\Coding\Xampp\htdocs\Codeigniter\app\Config\Events.php(50): CodeIgniter\Debug\Toolbar->respond()
#4 [internal function]: CodeIgniter\Events\Events::Config\{closure}()
#5 D:\Coding\Xampp\htdocs\Codeigniter\system\Events\Events.php(188): call_user_func(Object(Closure))
#6 D:\Coding\Xampp\htdocs\Codeigniter\system\CodeIgniter.php(293): CodeIgniter\Events\Events::trigger('pre_system')
#7 D:\Coding\Xampp\htdocs\Codeigniter\index.php(46): CodeIgniter\CodeIgniter->run()
#8 {main}
