CRITICAL - 2020-07-28 06:44:04 --> Not unique table/alias: 'post'
#0 D:\Coding\Xampp\htdocs\Codeigniter\system\Database\MySQLi\Connection.php(331): mysqli->query('SELECT *\nFROM `...')
#1 D:\Coding\Xampp\htdocs\Codeigniter\system\Database\BaseConnection.php(741): CodeIgniter\Database\MySQLi\Connection->execute('SELECT *\nFROM `...')
#2 D:\Coding\Xampp\htdocs\Codeigniter\system\Database\BaseConnection.php(669): CodeIgniter\Database\BaseConnection->simpleQuery('SELECT *\nFROM `...')
#3 D:\Coding\Xampp\htdocs\Codeigniter\system\Database\BaseBuilder.php(1860): CodeIgniter\Database\BaseConnection->query('SELECT *\nFROM `...', Array, false)
#4 D:\Coding\Xampp\htdocs\Codeigniter\system\Model.php(1818): CodeIgniter\Database\BaseBuilder->get()
#5 D:\Coding\Xampp\htdocs\Codeigniter\app\Controllers\HomeController.php(16): CodeIgniter\Model->__call('get', Array)
#6 D:\Coding\Xampp\htdocs\Codeigniter\system\CodeIgniter.php(918): App\Controllers\HomeController->index()
#7 D:\Coding\Xampp\htdocs\Codeigniter\system\CodeIgniter.php(404): CodeIgniter\CodeIgniter->runController(Object(App\Controllers\HomeController))
#8 D:\Coding\Xampp\htdocs\Codeigniter\system\CodeIgniter.php(312): CodeIgniter\CodeIgniter->handleRequest(NULL, Object(Config\Cache), false)
#9 D:\Coding\Xampp\htdocs\Codeigniter\index.php(46): CodeIgniter\CodeIgniter->run()
#10 {main}
CRITICAL - 2020-07-28 06:45:28 --> Not unique table/alias: 'post'
#0 D:\Coding\Xampp\htdocs\Codeigniter\system\Database\MySQLi\Connection.php(331): mysqli->query('SELECT *\nFROM `...')
#1 D:\Coding\Xampp\htdocs\Codeigniter\system\Database\BaseConnection.php(741): CodeIgniter\Database\MySQLi\Connection->execute('SELECT *\nFROM `...')
#2 D:\Coding\Xampp\htdocs\Codeigniter\system\Database\BaseConnection.php(669): CodeIgniter\Database\BaseConnection->simpleQuery('SELECT *\nFROM `...')
#3 D:\Coding\Xampp\htdocs\Codeigniter\system\Database\BaseBuilder.php(1860): CodeIgniter\Database\BaseConnection->query('SELECT *\nFROM `...', Array, false)
#4 D:\Coding\Xampp\htdocs\Codeigniter\system\Model.php(1818): CodeIgniter\Database\BaseBuilder->get()
#5 D:\Coding\Xampp\htdocs\Codeigniter\app\Controllers\HomeController.php(16): CodeIgniter\Model->__call('get', Array)
#6 D:\Coding\Xampp\htdocs\Codeigniter\system\CodeIgniter.php(918): App\Controllers\HomeController->index()
#7 D:\Coding\Xampp\htdocs\Codeigniter\system\CodeIgniter.php(404): CodeIgniter\CodeIgniter->runController(Object(App\Controllers\HomeController))
#8 D:\Coding\Xampp\htdocs\Codeigniter\system\CodeIgniter.php(312): CodeIgniter\CodeIgniter->handleRequest(NULL, Object(Config\Cache), false)
#9 D:\Coding\Xampp\htdocs\Codeigniter\index.php(46): CodeIgniter\CodeIgniter->run()
#10 {main}
CRITICAL - 2020-07-28 07:02:11 --> syntax error, unexpected ')', expecting ';' or ','
#0 D:\Coding\Xampp\htdocs\Codeigniter\system\Common.php(1119): CodeIgniter\View\View->render('site/home', Array, true)
#1 D:\Coding\Xampp\htdocs\Codeigniter\app\Controllers\HomeController.php(20): view('site/home', Array)
#2 D:\Coding\Xampp\htdocs\Codeigniter\system\CodeIgniter.php(918): App\Controllers\HomeController->index()
#3 D:\Coding\Xampp\htdocs\Codeigniter\system\CodeIgniter.php(404): CodeIgniter\CodeIgniter->runController(Object(App\Controllers\HomeController))
#4 D:\Coding\Xampp\htdocs\Codeigniter\system\CodeIgniter.php(312): CodeIgniter\CodeIgniter->handleRequest(NULL, Object(Config\Cache), false)
#5 D:\Coding\Xampp\htdocs\Codeigniter\index.php(46): CodeIgniter\CodeIgniter->run()
#6 {main}
CRITICAL - 2020-07-28 07:03:36 --> Undefined variable: totalTime
#0 D:\Coding\Xampp\htdocs\Codeigniter\system\Debug\Toolbar\Views\toolbar.tpl.php(56): CodeIgniter\Debug\Exceptions->errorHandler(8, 'Undefined varia...', 'D:\\Coding\\Xampp...', 56, Array)
#1 D:\Coding\Xampp\htdocs\Codeigniter\system\Debug\Toolbar.php(498): include('D:\\Coding\\Xampp...')
#2 D:\Coding\Xampp\htdocs\Codeigniter\system\Debug\Toolbar.php(455): CodeIgniter\Debug\Toolbar->format(Array, 'html')
#3 D:\Coding\Xampp\htdocs\Codeigniter\app\Config\Events.php(50): CodeIgniter\Debug\Toolbar->respond()
#4 [internal function]: CodeIgniter\Events\Events::Config\{closure}()
#5 D:\Coding\Xampp\htdocs\Codeigniter\system\Events\Events.php(188): call_user_func(Object(Closure))
#6 D:\Coding\Xampp\htdocs\Codeigniter\system\CodeIgniter.php(293): CodeIgniter\Events\Events::trigger('pre_system')
#7 D:\Coding\Xampp\htdocs\Codeigniter\index.php(46): CodeIgniter\CodeIgniter->run()
#8 {main}
CRITICAL - 2020-07-28 07:06:42 --> Not unique table/alias: 'post'
#0 D:\Coding\Xampp\htdocs\Codeigniter\system\Database\MySQLi\Connection.php(331): mysqli->query('SELECT *\nFROM `...')
#1 D:\Coding\Xampp\htdocs\Codeigniter\system\Database\BaseConnection.php(741): CodeIgniter\Database\MySQLi\Connection->execute('SELECT *\nFROM `...')
#2 D:\Coding\Xampp\htdocs\Codeigniter\system\Database\BaseConnection.php(669): CodeIgniter\Database\BaseConnection->simpleQuery('SELECT *\nFROM `...')
#3 D:\Coding\Xampp\htdocs\Codeigniter\system\Database\BaseBuilder.php(1860): CodeIgniter\Database\BaseConnection->query('SELECT *\nFROM `...', Array, false)
#4 D:\Coding\Xampp\htdocs\Codeigniter\system\Model.php(1818): CodeIgniter\Database\BaseBuilder->get()
#5 D:\Coding\Xampp\htdocs\Codeigniter\app\Controllers\HomeController.php(16): CodeIgniter\Model->__call('get', Array)
#6 D:\Coding\Xampp\htdocs\Codeigniter\system\CodeIgniter.php(918): App\Controllers\HomeController->index()
#7 D:\Coding\Xampp\htdocs\Codeigniter\system\CodeIgniter.php(404): CodeIgniter\CodeIgniter->runController(Object(App\Controllers\HomeController))
#8 D:\Coding\Xampp\htdocs\Codeigniter\system\CodeIgniter.php(312): CodeIgniter\CodeIgniter->handleRequest(NULL, Object(Config\Cache), false)
#9 D:\Coding\Xampp\htdocs\Codeigniter\index.php(46): CodeIgniter\CodeIgniter->run()
#10 {main}
CRITICAL - 2020-07-28 07:28:03 --> Undefined property: App\Controllers\HomeController::$db
#0 D:\Coding\Xampp\htdocs\Codeigniter\app\Controllers\HomeController.php(18): CodeIgniter\Debug\Exceptions->errorHandler(8, 'Undefined prope...', 'D:\\Coding\\Xampp...', 18, Array)
#1 D:\Coding\Xampp\htdocs\Codeigniter\system\CodeIgniter.php(918): App\Controllers\HomeController->index()
#2 D:\Coding\Xampp\htdocs\Codeigniter\system\CodeIgniter.php(404): CodeIgniter\CodeIgniter->runController(Object(App\Controllers\HomeController))
#3 D:\Coding\Xampp\htdocs\Codeigniter\system\CodeIgniter.php(312): CodeIgniter\CodeIgniter->handleRequest(NULL, Object(Config\Cache), false)
#4 D:\Coding\Xampp\htdocs\Codeigniter\index.php(46): CodeIgniter\CodeIgniter->run()
#5 {main}
CRITICAL - 2020-07-28 07:28:55 --> Undefined property: App\Controllers\HomeController::$db
#0 D:\Coding\Xampp\htdocs\Codeigniter\app\Controllers\HomeController.php(19): CodeIgniter\Debug\Exceptions->errorHandler(8, 'Undefined prope...', 'D:\\Coding\\Xampp...', 19, Array)
#1 D:\Coding\Xampp\htdocs\Codeigniter\system\CodeIgniter.php(918): App\Controllers\HomeController->index()
#2 D:\Coding\Xampp\htdocs\Codeigniter\system\CodeIgniter.php(404): CodeIgniter\CodeIgniter->runController(Object(App\Controllers\HomeController))
#3 D:\Coding\Xampp\htdocs\Codeigniter\system\CodeIgniter.php(312): CodeIgniter\CodeIgniter->handleRequest(NULL, Object(Config\Cache), false)
#4 D:\Coding\Xampp\htdocs\Codeigniter\index.php(46): CodeIgniter\CodeIgniter->run()
#5 {main}
CRITICAL - 2020-07-28 07:28:56 --> Undefined property: App\Controllers\HomeController::$db
#0 D:\Coding\Xampp\htdocs\Codeigniter\app\Controllers\HomeController.php(19): CodeIgniter\Debug\Exceptions->errorHandler(8, 'Undefined prope...', 'D:\\Coding\\Xampp...', 19, Array)
#1 D:\Coding\Xampp\htdocs\Codeigniter\system\CodeIgniter.php(918): App\Controllers\HomeController->index()
#2 D:\Coding\Xampp\htdocs\Codeigniter\system\CodeIgniter.php(404): CodeIgniter\CodeIgniter->runController(Object(App\Controllers\HomeController))
#3 D:\Coding\Xampp\htdocs\Codeigniter\system\CodeIgniter.php(312): CodeIgniter\CodeIgniter->handleRequest(NULL, Object(Config\Cache), false)
#4 D:\Coding\Xampp\htdocs\Codeigniter\index.php(46): CodeIgniter\CodeIgniter->run()
#5 {main}
CRITICAL - 2020-07-28 07:30:04 --> Undefined property: App\Controllers\HomeController::$db
#0 D:\Coding\Xampp\htdocs\Codeigniter\app\Controllers\HomeController.php(19): CodeIgniter\Debug\Exceptions->errorHandler(8, 'Undefined prope...', 'D:\\Coding\\Xampp...', 19, Array)
#1 D:\Coding\Xampp\htdocs\Codeigniter\system\CodeIgniter.php(918): App\Controllers\HomeController->index()
#2 D:\Coding\Xampp\htdocs\Codeigniter\system\CodeIgniter.php(404): CodeIgniter\CodeIgniter->runController(Object(App\Controllers\HomeController))
#3 D:\Coding\Xampp\htdocs\Codeigniter\system\CodeIgniter.php(312): CodeIgniter\CodeIgniter->handleRequest(NULL, Object(Config\Cache), false)
#4 D:\Coding\Xampp\htdocs\Codeigniter\index.php(46): CodeIgniter\CodeIgniter->run()
#5 {main}
CRITICAL - 2020-07-28 07:30:14 --> Undefined property: App\Controllers\HomeController::$db
#0 D:\Coding\Xampp\htdocs\Codeigniter\app\Controllers\HomeController.php(19): CodeIgniter\Debug\Exceptions->errorHandler(8, 'Undefined prope...', 'D:\\Coding\\Xampp...', 19, Array)
#1 D:\Coding\Xampp\htdocs\Codeigniter\system\CodeIgniter.php(918): App\Controllers\HomeController->index()
#2 D:\Coding\Xampp\htdocs\Codeigniter\system\CodeIgniter.php(404): CodeIgniter\CodeIgniter->runController(Object(App\Controllers\HomeController))
#3 D:\Coding\Xampp\htdocs\Codeigniter\system\CodeIgniter.php(312): CodeIgniter\CodeIgniter->handleRequest(NULL, Object(Config\Cache), false)
#4 D:\Coding\Xampp\htdocs\Codeigniter\index.php(46): CodeIgniter\CodeIgniter->run()
#5 {main}
CRITICAL - 2020-07-28 07:30:15 --> Undefined property: App\Controllers\HomeController::$db
#0 D:\Coding\Xampp\htdocs\Codeigniter\app\Controllers\HomeController.php(19): CodeIgniter\Debug\Exceptions->errorHandler(8, 'Undefined prope...', 'D:\\Coding\\Xampp...', 19, Array)
#1 D:\Coding\Xampp\htdocs\Codeigniter\system\CodeIgniter.php(918): App\Controllers\HomeController->index()
#2 D:\Coding\Xampp\htdocs\Codeigniter\system\CodeIgniter.php(404): CodeIgniter\CodeIgniter->runController(Object(App\Controllers\HomeController))
#3 D:\Coding\Xampp\htdocs\Codeigniter\system\CodeIgniter.php(312): CodeIgniter\CodeIgniter->handleRequest(NULL, Object(Config\Cache), false)
#4 D:\Coding\Xampp\htdocs\Codeigniter\index.php(46): CodeIgniter\CodeIgniter->run()
#5 {main}
CRITICAL - 2020-07-28 07:30:15 --> Undefined property: App\Controllers\HomeController::$db
#0 D:\Coding\Xampp\htdocs\Codeigniter\app\Controllers\HomeController.php(19): CodeIgniter\Debug\Exceptions->errorHandler(8, 'Undefined prope...', 'D:\\Coding\\Xampp...', 19, Array)
#1 D:\Coding\Xampp\htdocs\Codeigniter\system\CodeIgniter.php(918): App\Controllers\HomeController->index()
#2 D:\Coding\Xampp\htdocs\Codeigniter\system\CodeIgniter.php(404): CodeIgniter\CodeIgniter->runController(Object(App\Controllers\HomeController))
#3 D:\Coding\Xampp\htdocs\Codeigniter\system\CodeIgniter.php(312): CodeIgniter\CodeIgniter->handleRequest(NULL, Object(Config\Cache), false)
#4 D:\Coding\Xampp\htdocs\Codeigniter\index.php(46): CodeIgniter\CodeIgniter->run()
#5 {main}
CRITICAL - 2020-07-28 18:12:51 --> Undefined property: App\Controllers\HomeController::$db
#0 D:\Coding\Xampp\htdocs\Codeigniter\app\Controllers\HomeController.php(19): CodeIgniter\Debug\Exceptions->errorHandler(8, 'Undefined prope...', 'D:\\Coding\\Xampp...', 19, Array)
#1 D:\Coding\Xampp\htdocs\Codeigniter\system\CodeIgniter.php(918): App\Controllers\HomeController->index()
#2 D:\Coding\Xampp\htdocs\Codeigniter\system\CodeIgniter.php(404): CodeIgniter\CodeIgniter->runController(Object(App\Controllers\HomeController))
#3 D:\Coding\Xampp\htdocs\Codeigniter\system\CodeIgniter.php(312): CodeIgniter\CodeIgniter->handleRequest(NULL, Object(Config\Cache), false)
#4 D:\Coding\Xampp\htdocs\Codeigniter\index.php(46): CodeIgniter\CodeIgniter->run()
#5 {main}
CRITICAL - 2020-07-28 18:13:50 --> Undefined property: App\Controllers\HomeController::$db
#0 D:\Coding\Xampp\htdocs\Codeigniter\app\Controllers\HomeController.php(19): CodeIgniter\Debug\Exceptions->errorHandler(8, 'Undefined prope...', 'D:\\Coding\\Xampp...', 19, Array)
#1 D:\Coding\Xampp\htdocs\Codeigniter\system\CodeIgniter.php(918): App\Controllers\HomeController->index()
#2 D:\Coding\Xampp\htdocs\Codeigniter\system\CodeIgniter.php(404): CodeIgniter\CodeIgniter->runController(Object(App\Controllers\HomeController))
#3 D:\Coding\Xampp\htdocs\Codeigniter\system\CodeIgniter.php(312): CodeIgniter\CodeIgniter->handleRequest(NULL, Object(Config\Cache), false)
#4 D:\Coding\Xampp\htdocs\Codeigniter\index.php(46): CodeIgniter\CodeIgniter->run()
#5 {main}
CRITICAL - 2020-07-28 18:14:48 --> Not unique table/alias: 'post'
#0 D:\Coding\Xampp\htdocs\Codeigniter\system\Database\MySQLi\Connection.php(331): mysqli->query('SELECT *\nFROM `...')
#1 D:\Coding\Xampp\htdocs\Codeigniter\system\Database\BaseConnection.php(741): CodeIgniter\Database\MySQLi\Connection->execute('SELECT *\nFROM `...')
#2 D:\Coding\Xampp\htdocs\Codeigniter\system\Database\BaseConnection.php(669): CodeIgniter\Database\BaseConnection->simpleQuery('SELECT *\nFROM `...')
#3 D:\Coding\Xampp\htdocs\Codeigniter\system\Database\BaseBuilder.php(1860): CodeIgniter\Database\BaseConnection->query('SELECT *\nFROM `...', Array, false)
#4 D:\Coding\Xampp\htdocs\Codeigniter\system\Model.php(1818): CodeIgniter\Database\BaseBuilder->get()
#5 D:\Coding\Xampp\htdocs\Codeigniter\app\Controllers\HomeController.php(19): CodeIgniter\Model->__call('get', Array)
#6 D:\Coding\Xampp\htdocs\Codeigniter\system\CodeIgniter.php(918): App\Controllers\HomeController->index()
#7 D:\Coding\Xampp\htdocs\Codeigniter\system\CodeIgniter.php(404): CodeIgniter\CodeIgniter->runController(Object(App\Controllers\HomeController))
#8 D:\Coding\Xampp\htdocs\Codeigniter\system\CodeIgniter.php(312): CodeIgniter\CodeIgniter->handleRequest(NULL, Object(Config\Cache), false)
#9 D:\Coding\Xampp\htdocs\Codeigniter\index.php(46): CodeIgniter\CodeIgniter->run()
#10 {main}
CRITICAL - 2020-07-28 19:09:08 --> Undefined variable: totalTime
#0 D:\Coding\Xampp\htdocs\Codeigniter\system\Debug\Toolbar\Views\toolbar.tpl.php(56): CodeIgniter\Debug\Exceptions->errorHandler(8, 'Undefined varia...', 'D:\\Coding\\Xampp...', 56, Array)
#1 D:\Coding\Xampp\htdocs\Codeigniter\system\Debug\Toolbar.php(498): include('D:\\Coding\\Xampp...')
#2 D:\Coding\Xampp\htdocs\Codeigniter\system\Debug\Toolbar.php(455): CodeIgniter\Debug\Toolbar->format(Array, 'html')
#3 D:\Coding\Xampp\htdocs\Codeigniter\app\Config\Events.php(50): CodeIgniter\Debug\Toolbar->respond()
#4 [internal function]: CodeIgniter\Events\Events::Config\{closure}()
#5 D:\Coding\Xampp\htdocs\Codeigniter\system\Events\Events.php(188): call_user_func(Object(Closure))
#6 D:\Coding\Xampp\htdocs\Codeigniter\system\CodeIgniter.php(293): CodeIgniter\Events\Events::trigger('pre_system')
#7 D:\Coding\Xampp\htdocs\Codeigniter\index.php(46): CodeIgniter\CodeIgniter->run()
#8 {main}
CRITICAL - 2020-07-28 22:32:05 --> syntax error, unexpected 'foreach' (T_FOREACH)
#0 D:\Coding\Xampp\htdocs\Codeigniter\system\Autoloader\Autoloader.php(296): CodeIgniter\Autoloader\Autoloader->requireFile('D:\\Coding\\Xampp...')
#1 D:\Coding\Xampp\htdocs\Codeigniter\system\Autoloader\Autoloader.php(258): CodeIgniter\Autoloader\Autoloader->loadInNamespace('App\\Controllers...')
#2 [internal function]: CodeIgniter\Autoloader\Autoloader->loadClass('App\\Controllers...')
#3 [internal function]: spl_autoload_call('App\\Controllers...')
#4 D:\Coding\Xampp\htdocs\Codeigniter\system\CodeIgniter.php(869): class_exists('\\App\\Controller...', true)
#5 D:\Coding\Xampp\htdocs\Codeigniter\system\CodeIgniter.php(394): CodeIgniter\CodeIgniter->startController()
#6 D:\Coding\Xampp\htdocs\Codeigniter\system\CodeIgniter.php(312): CodeIgniter\CodeIgniter->handleRequest(NULL, Object(Config\Cache), false)
#7 D:\Coding\Xampp\htdocs\Codeigniter\index.php(46): CodeIgniter\CodeIgniter->run()
#8 {main}
CRITICAL - 2020-07-28 22:33:04 --> syntax error, unexpected 'foreach' (T_FOREACH)
#0 D:\Coding\Xampp\htdocs\Codeigniter\system\Autoloader\Autoloader.php(296): CodeIgniter\Autoloader\Autoloader->requireFile('D:\\Coding\\Xampp...')
#1 D:\Coding\Xampp\htdocs\Codeigniter\system\Autoloader\Autoloader.php(258): CodeIgniter\Autoloader\Autoloader->loadInNamespace('App\\Controllers...')
#2 [internal function]: CodeIgniter\Autoloader\Autoloader->loadClass('App\\Controllers...')
#3 [internal function]: spl_autoload_call('App\\Controllers...')
#4 D:\Coding\Xampp\htdocs\Codeigniter\system\CodeIgniter.php(869): class_exists('\\App\\Controller...', true)
#5 D:\Coding\Xampp\htdocs\Codeigniter\system\CodeIgniter.php(394): CodeIgniter\CodeIgniter->startController()
#6 D:\Coding\Xampp\htdocs\Codeigniter\system\CodeIgniter.php(312): CodeIgniter\CodeIgniter->handleRequest(NULL, Object(Config\Cache), false)
#7 D:\Coding\Xampp\htdocs\Codeigniter\index.php(46): CodeIgniter\CodeIgniter->run()
#8 {main}
CRITICAL - 2020-07-28 22:33:31 --> Trying to get property 'cate_id' of non-object
#0 D:\Coding\Xampp\htdocs\Codeigniter\app\Controllers\HomeController.php(24): CodeIgniter\Debug\Exceptions->errorHandler(8, 'Trying to get p...', 'D:\\Coding\\Xampp...', 24, Array)
#1 D:\Coding\Xampp\htdocs\Codeigniter\system\CodeIgniter.php(918): App\Controllers\HomeController->index()
#2 D:\Coding\Xampp\htdocs\Codeigniter\system\CodeIgniter.php(404): CodeIgniter\CodeIgniter->runController(Object(App\Controllers\HomeController))
#3 D:\Coding\Xampp\htdocs\Codeigniter\system\CodeIgniter.php(312): CodeIgniter\CodeIgniter->handleRequest(NULL, Object(Config\Cache), false)
#4 D:\Coding\Xampp\htdocs\Codeigniter\index.php(46): CodeIgniter\CodeIgniter->run()
#5 {main}
CRITICAL - 2020-07-28 23:28:50 --> Creating default object from empty value
#0 D:\Coding\Xampp\htdocs\Codeigniter\app\Views\site\home.php(122): CodeIgniter\Debug\Exceptions->errorHandler(2, 'Creating defaul...', 'D:\\Coding\\Xampp...', 122, Array)
#1 D:\Coding\Xampp\htdocs\Codeigniter\system\View\View.php(246): include('D:\\Coding\\Xampp...')
#2 D:\Coding\Xampp\htdocs\Codeigniter\system\Common.php(1119): CodeIgniter\View\View->render('site/home', Array, true)
#3 D:\Coding\Xampp\htdocs\Codeigniter\app\Controllers\HomeController.php(36): view('site/home', Array)
#4 D:\Coding\Xampp\htdocs\Codeigniter\system\CodeIgniter.php(918): App\Controllers\HomeController->index()
#5 D:\Coding\Xampp\htdocs\Codeigniter\system\CodeIgniter.php(404): CodeIgniter\CodeIgniter->runController(Object(App\Controllers\HomeController))
#6 D:\Coding\Xampp\htdocs\Codeigniter\system\CodeIgniter.php(312): CodeIgniter\CodeIgniter->handleRequest(NULL, Object(Config\Cache), false)
#7 D:\Coding\Xampp\htdocs\Codeigniter\index.php(46): CodeIgniter\CodeIgniter->run()
#8 {main}
CRITICAL - 2020-07-28 23:29:16 --> Creating default object from empty value
#0 D:\Coding\Xampp\htdocs\Codeigniter\app\Views\site\home.php(122): CodeIgniter\Debug\Exceptions->errorHandler(2, 'Creating defaul...', 'D:\\Coding\\Xampp...', 122, Array)
#1 D:\Coding\Xampp\htdocs\Codeigniter\system\View\View.php(246): include('D:\\Coding\\Xampp...')
#2 D:\Coding\Xampp\htdocs\Codeigniter\system\Common.php(1119): CodeIgniter\View\View->render('site/home', Array, true)
#3 D:\Coding\Xampp\htdocs\Codeigniter\app\Controllers\HomeController.php(36): view('site/home', Array)
#4 D:\Coding\Xampp\htdocs\Codeigniter\system\CodeIgniter.php(918): App\Controllers\HomeController->index()
#5 D:\Coding\Xampp\htdocs\Codeigniter\system\CodeIgniter.php(404): CodeIgniter\CodeIgniter->runController(Object(App\Controllers\HomeController))
#6 D:\Coding\Xampp\htdocs\Codeigniter\system\CodeIgniter.php(312): CodeIgniter\CodeIgniter->handleRequest(NULL, Object(Config\Cache), false)
#7 D:\Coding\Xampp\htdocs\Codeigniter\index.php(46): CodeIgniter\CodeIgniter->run()
#8 {main}
CRITICAL - 2020-07-28 23:30:02 --> Undefined variable: cate
#0 D:\Coding\Xampp\htdocs\Codeigniter\app\Views\site\home.php(124): CodeIgniter\Debug\Exceptions->errorHandler(8, 'Undefined varia...', 'D:\\Coding\\Xampp...', 124, Array)
#1 D:\Coding\Xampp\htdocs\Codeigniter\system\View\View.php(246): include('D:\\Coding\\Xampp...')
#2 D:\Coding\Xampp\htdocs\Codeigniter\system\Common.php(1119): CodeIgniter\View\View->render('site/home', Array, true)
#3 D:\Coding\Xampp\htdocs\Codeigniter\app\Controllers\HomeController.php(36): view('site/home', Array)
#4 D:\Coding\Xampp\htdocs\Codeigniter\system\CodeIgniter.php(918): App\Controllers\HomeController->index()
#5 D:\Coding\Xampp\htdocs\Codeigniter\system\CodeIgniter.php(404): CodeIgniter\CodeIgniter->runController(Object(App\Controllers\HomeController))
#6 D:\Coding\Xampp\htdocs\Codeigniter\system\CodeIgniter.php(312): CodeIgniter\CodeIgniter->handleRequest(NULL, Object(Config\Cache), false)
#7 D:\Coding\Xampp\htdocs\Codeigniter\index.php(46): CodeIgniter\CodeIgniter->run()
#8 {main}
CRITICAL - 2020-07-28 23:30:03 --> Undefined variable: cate
#0 D:\Coding\Xampp\htdocs\Codeigniter\app\Views\site\home.php(124): CodeIgniter\Debug\Exceptions->errorHandler(8, 'Undefined varia...', 'D:\\Coding\\Xampp...', 124, Array)
#1 D:\Coding\Xampp\htdocs\Codeigniter\system\View\View.php(246): include('D:\\Coding\\Xampp...')
#2 D:\Coding\Xampp\htdocs\Codeigniter\system\Common.php(1119): CodeIgniter\View\View->render('site/home', Array, true)
#3 D:\Coding\Xampp\htdocs\Codeigniter\app\Controllers\HomeController.php(36): view('site/home', Array)
#4 D:\Coding\Xampp\htdocs\Codeigniter\system\CodeIgniter.php(918): App\Controllers\HomeController->index()
#5 D:\Coding\Xampp\htdocs\Codeigniter\system\CodeIgniter.php(404): CodeIgniter\CodeIgniter->runController(Object(App\Controllers\HomeController))
#6 D:\Coding\Xampp\htdocs\Codeigniter\system\CodeIgniter.php(312): CodeIgniter\CodeIgniter->handleRequest(NULL, Object(Config\Cache), false)
#7 D:\Coding\Xampp\htdocs\Codeigniter\index.php(46): CodeIgniter\CodeIgniter->run()
#8 {main}
CRITICAL - 2020-07-28 23:30:19 --> Undefined variable: row
#0 D:\Coding\Xampp\htdocs\Codeigniter\app\Views\site\home.php(125): CodeIgniter\Debug\Exceptions->errorHandler(8, 'Undefined varia...', 'D:\\Coding\\Xampp...', 125, Array)
#1 D:\Coding\Xampp\htdocs\Codeigniter\system\View\View.php(246): include('D:\\Coding\\Xampp...')
#2 D:\Coding\Xampp\htdocs\Codeigniter\system\Common.php(1119): CodeIgniter\View\View->render('site/home', Array, true)
#3 D:\Coding\Xampp\htdocs\Codeigniter\app\Controllers\HomeController.php(36): view('site/home', Array)
#4 D:\Coding\Xampp\htdocs\Codeigniter\system\CodeIgniter.php(918): App\Controllers\HomeController->index()
#5 D:\Coding\Xampp\htdocs\Codeigniter\system\CodeIgniter.php(404): CodeIgniter\CodeIgniter->runController(Object(App\Controllers\HomeController))
#6 D:\Coding\Xampp\htdocs\Codeigniter\system\CodeIgniter.php(312): CodeIgniter\CodeIgniter->handleRequest(NULL, Object(Config\Cache), false)
#7 D:\Coding\Xampp\htdocs\Codeigniter\index.php(46): CodeIgniter\CodeIgniter->run()
#8 {main}
CRITICAL - 2020-07-28 23:42:15 --> Trying to access array offset on value of type null
#0 D:\Coding\Xampp\htdocs\Codeigniter\app\Views\site\home.php(135): CodeIgniter\Debug\Exceptions->errorHandler(8, 'Trying to acces...', 'D:\\Coding\\Xampp...', 135, Array)
#1 D:\Coding\Xampp\htdocs\Codeigniter\system\View\View.php(246): include('D:\\Coding\\Xampp...')
#2 D:\Coding\Xampp\htdocs\Codeigniter\system\Common.php(1119): CodeIgniter\View\View->render('site/home', Array, true)
#3 D:\Coding\Xampp\htdocs\Codeigniter\app\Controllers\HomeController.php(36): view('site/home', Array)
#4 D:\Coding\Xampp\htdocs\Codeigniter\system\CodeIgniter.php(918): App\Controllers\HomeController->index()
#5 D:\Coding\Xampp\htdocs\Codeigniter\system\CodeIgniter.php(404): CodeIgniter\CodeIgniter->runController(Object(App\Controllers\HomeController))
#6 D:\Coding\Xampp\htdocs\Codeigniter\system\CodeIgniter.php(312): CodeIgniter\CodeIgniter->handleRequest(NULL, Object(Config\Cache), false)
#7 D:\Coding\Xampp\htdocs\Codeigniter\index.php(46): CodeIgniter\CodeIgniter->run()
#8 {main}
CRITICAL - 2020-07-28 23:42:48 --> Trying to get property 'post_title' of non-object
#0 D:\Coding\Xampp\htdocs\Codeigniter\app\Views\site\home.php(135): CodeIgniter\Debug\Exceptions->errorHandler(8, 'Trying to get p...', 'D:\\Coding\\Xampp...', 135, Array)
#1 D:\Coding\Xampp\htdocs\Codeigniter\system\View\View.php(246): include('D:\\Coding\\Xampp...')
#2 D:\Coding\Xampp\htdocs\Codeigniter\system\Common.php(1119): CodeIgniter\View\View->render('site/home', Array, true)
#3 D:\Coding\Xampp\htdocs\Codeigniter\app\Controllers\HomeController.php(36): view('site/home', Array)
#4 D:\Coding\Xampp\htdocs\Codeigniter\system\CodeIgniter.php(918): App\Controllers\HomeController->index()
#5 D:\Coding\Xampp\htdocs\Codeigniter\system\CodeIgniter.php(404): CodeIgniter\CodeIgniter->runController(Object(App\Controllers\HomeController))
#6 D:\Coding\Xampp\htdocs\Codeigniter\system\CodeIgniter.php(312): CodeIgniter\CodeIgniter->handleRequest(NULL, Object(Config\Cache), false)
#7 D:\Coding\Xampp\htdocs\Codeigniter\index.php(46): CodeIgniter\CodeIgniter->run()
#8 {main}
CRITICAL - 2020-07-28 23:42:59 --> Trying to access array offset on value of type null
#0 D:\Coding\Xampp\htdocs\Codeigniter\app\Views\site\home.php(135): CodeIgniter\Debug\Exceptions->errorHandler(8, 'Trying to acces...', 'D:\\Coding\\Xampp...', 135, Array)
#1 D:\Coding\Xampp\htdocs\Codeigniter\system\View\View.php(246): include('D:\\Coding\\Xampp...')
#2 D:\Coding\Xampp\htdocs\Codeigniter\system\Common.php(1119): CodeIgniter\View\View->render('site/home', Array, true)
#3 D:\Coding\Xampp\htdocs\Codeigniter\app\Controllers\HomeController.php(36): view('site/home', Array)
#4 D:\Coding\Xampp\htdocs\Codeigniter\system\CodeIgniter.php(918): App\Controllers\HomeController->index()
#5 D:\Coding\Xampp\htdocs\Codeigniter\system\CodeIgniter.php(404): CodeIgniter\CodeIgniter->runController(Object(App\Controllers\HomeController))
#6 D:\Coding\Xampp\htdocs\Codeigniter\system\CodeIgniter.php(312): CodeIgniter\CodeIgniter->handleRequest(NULL, Object(Config\Cache), false)
#7 D:\Coding\Xampp\htdocs\Codeigniter\index.php(46): CodeIgniter\CodeIgniter->run()
#8 {main}
CRITICAL - 2020-07-28 23:44:10 --> syntax error, unexpected 'echo' (T_ECHO)
#0 D:\Coding\Xampp\htdocs\Codeigniter\system\Common.php(1119): CodeIgniter\View\View->render('site/home', Array, true)
#1 D:\Coding\Xampp\htdocs\Codeigniter\app\Controllers\HomeController.php(36): view('site/home', Array)
#2 D:\Coding\Xampp\htdocs\Codeigniter\system\CodeIgniter.php(918): App\Controllers\HomeController->index()
#3 D:\Coding\Xampp\htdocs\Codeigniter\system\CodeIgniter.php(404): CodeIgniter\CodeIgniter->runController(Object(App\Controllers\HomeController))
#4 D:\Coding\Xampp\htdocs\Codeigniter\system\CodeIgniter.php(312): CodeIgniter\CodeIgniter->handleRequest(NULL, Object(Config\Cache), false)
#5 D:\Coding\Xampp\htdocs\Codeigniter\index.php(46): CodeIgniter\CodeIgniter->run()
#6 {main}
CRITICAL - 2020-07-28 23:44:18 --> Trying to access array offset on value of type null
#0 D:\Coding\Xampp\htdocs\Codeigniter\app\Views\site\home.php(135): CodeIgniter\Debug\Exceptions->errorHandler(8, 'Trying to acces...', 'D:\\Coding\\Xampp...', 135, Array)
#1 D:\Coding\Xampp\htdocs\Codeigniter\system\View\View.php(246): include('D:\\Coding\\Xampp...')
#2 D:\Coding\Xampp\htdocs\Codeigniter\system\Common.php(1119): CodeIgniter\View\View->render('site/home', Array, true)
#3 D:\Coding\Xampp\htdocs\Codeigniter\app\Controllers\HomeController.php(36): view('site/home', Array)
#4 D:\Coding\Xampp\htdocs\Codeigniter\system\CodeIgniter.php(918): App\Controllers\HomeController->index()
#5 D:\Coding\Xampp\htdocs\Codeigniter\system\CodeIgniter.php(404): CodeIgniter\CodeIgniter->runController(Object(App\Controllers\HomeController))
#6 D:\Coding\Xampp\htdocs\Codeigniter\system\CodeIgniter.php(312): CodeIgniter\CodeIgniter->handleRequest(NULL, Object(Config\Cache), false)
#7 D:\Coding\Xampp\htdocs\Codeigniter\index.php(46): CodeIgniter\CodeIgniter->run()
#8 {main}
CRITICAL - 2020-07-28 23:45:00 --> Trying to access array offset on value of type null
#0 D:\Coding\Xampp\htdocs\Codeigniter\app\Views\site\home.php(127): CodeIgniter\Debug\Exceptions->errorHandler(8, 'Trying to acces...', 'D:\\Coding\\Xampp...', 127, Array)
#1 D:\Coding\Xampp\htdocs\Codeigniter\system\View\View.php(246): include('D:\\Coding\\Xampp...')
#2 D:\Coding\Xampp\htdocs\Codeigniter\system\Common.php(1119): CodeIgniter\View\View->render('site/home', Array, true)
#3 D:\Coding\Xampp\htdocs\Codeigniter\app\Controllers\HomeController.php(36): view('site/home', Array)
#4 D:\Coding\Xampp\htdocs\Codeigniter\system\CodeIgniter.php(918): App\Controllers\HomeController->index()
#5 D:\Coding\Xampp\htdocs\Codeigniter\system\CodeIgniter.php(404): CodeIgniter\CodeIgniter->runController(Object(App\Controllers\HomeController))
#6 D:\Coding\Xampp\htdocs\Codeigniter\system\CodeIgniter.php(312): CodeIgniter\CodeIgniter->handleRequest(NULL, Object(Config\Cache), false)
#7 D:\Coding\Xampp\htdocs\Codeigniter\index.php(46): CodeIgniter\CodeIgniter->run()
#8 {main}
CRITICAL - 2020-07-28 23:46:13 --> Illegal string offset 'post_title'
#0 D:\Coding\Xampp\htdocs\Codeigniter\app\Views\site\home.php(128): CodeIgniter\Debug\Exceptions->errorHandler(2, 'Illegal string ...', 'D:\\Coding\\Xampp...', 128, Array)
#1 D:\Coding\Xampp\htdocs\Codeigniter\system\View\View.php(246): include('D:\\Coding\\Xampp...')
#2 D:\Coding\Xampp\htdocs\Codeigniter\system\Common.php(1119): CodeIgniter\View\View->render('site/home', Array, true)
#3 D:\Coding\Xampp\htdocs\Codeigniter\app\Controllers\HomeController.php(36): view('site/home', Array)
#4 D:\Coding\Xampp\htdocs\Codeigniter\system\CodeIgniter.php(918): App\Controllers\HomeController->index()
#5 D:\Coding\Xampp\htdocs\Codeigniter\system\CodeIgniter.php(404): CodeIgniter\CodeIgniter->runController(Object(App\Controllers\HomeController))
#6 D:\Coding\Xampp\htdocs\Codeigniter\system\CodeIgniter.php(312): CodeIgniter\CodeIgniter->handleRequest(NULL, Object(Config\Cache), false)
#7 D:\Coding\Xampp\htdocs\Codeigniter\index.php(46): CodeIgniter\CodeIgniter->run()
#8 {main}
CRITICAL - 2020-07-28 23:59:02 --> Undefined index: post_title
#0 D:\Coding\Xampp\htdocs\Codeigniter\app\Views\site\home.php(137): CodeIgniter\Debug\Exceptions->errorHandler(8, 'Undefined index...', 'D:\\Coding\\Xampp...', 137, Array)
#1 D:\Coding\Xampp\htdocs\Codeigniter\system\View\View.php(246): include('D:\\Coding\\Xampp...')
#2 D:\Coding\Xampp\htdocs\Codeigniter\system\Common.php(1119): CodeIgniter\View\View->render('site/home', Array, true)
#3 D:\Coding\Xampp\htdocs\Codeigniter\app\Controllers\HomeController.php(36): view('site/home', Array)
#4 D:\Coding\Xampp\htdocs\Codeigniter\system\CodeIgniter.php(918): App\Controllers\HomeController->index()
#5 D:\Coding\Xampp\htdocs\Codeigniter\system\CodeIgniter.php(404): CodeIgniter\CodeIgniter->runController(Object(App\Controllers\HomeController))
#6 D:\Coding\Xampp\htdocs\Codeigniter\system\CodeIgniter.php(312): CodeIgniter\CodeIgniter->handleRequest(NULL, Object(Config\Cache), false)
#7 D:\Coding\Xampp\htdocs\Codeigniter\index.php(46): CodeIgniter\CodeIgniter->run()
#8 {main}
CRITICAL - 2020-07-28 23:59:42 --> Undefined offset: 0
#0 D:\Coding\Xampp\htdocs\Codeigniter\app\Views\site\home.php(137): CodeIgniter\Debug\Exceptions->errorHandler(8, 'Undefined offse...', 'D:\\Coding\\Xampp...', 137, Array)
#1 D:\Coding\Xampp\htdocs\Codeigniter\system\View\View.php(246): include('D:\\Coding\\Xampp...')
#2 D:\Coding\Xampp\htdocs\Codeigniter\system\Common.php(1119): CodeIgniter\View\View->render('site/home', Array, true)
#3 D:\Coding\Xampp\htdocs\Codeigniter\app\Controllers\HomeController.php(36): view('site/home', Array)
#4 D:\Coding\Xampp\htdocs\Codeigniter\system\CodeIgniter.php(918): App\Controllers\HomeController->index()
#5 D:\Coding\Xampp\htdocs\Codeigniter\system\CodeIgniter.php(404): CodeIgniter\CodeIgniter->runController(Object(App\Controllers\HomeController))
#6 D:\Coding\Xampp\htdocs\Codeigniter\system\CodeIgniter.php(312): CodeIgniter\CodeIgniter->handleRequest(NULL, Object(Config\Cache), false)
#7 D:\Coding\Xampp\htdocs\Codeigniter\index.php(46): CodeIgniter\CodeIgniter->run()
#8 {main}
