CRITICAL - 2020-08-06 18:08:21 --> json_decode() expects parameter 1 to be string, array given
#0 [internal function]: CodeIgniter\Debug\Exceptions->errorHandler(2, 'json_decode() e...', 'D:\\Coding\\Xampp...', 35, Array)
#1 D:\Coding\Xampp\htdocs\Codeigniter\app\Views\site\siteMap.php(35): json_decode(Array)
#2 D:\Coding\Xampp\htdocs\Codeigniter\system\View\View.php(246): include('D:\\Coding\\Xampp...')
#3 D:\Coding\Xampp\htdocs\Codeigniter\system\Common.php(1119): CodeIgniter\View\View->render('site/siteMap', Array, true)
#4 D:\Coding\Xampp\htdocs\Codeigniter\app\Controllers\HomeController.php(187): view('site/siteMap', Array)
#5 D:\Coding\Xampp\htdocs\Codeigniter\system\CodeIgniter.php(918): App\Controllers\HomeController->siteMap()
#6 D:\Coding\Xampp\htdocs\Codeigniter\system\CodeIgniter.php(404): CodeIgniter\CodeIgniter->runController(Object(App\Controllers\HomeController))
#7 D:\Coding\Xampp\htdocs\Codeigniter\system\CodeIgniter.php(312): CodeIgniter\CodeIgniter->handleRequest(NULL, Object(Config\Cache), false)
#8 D:\Coding\Xampp\htdocs\Codeigniter\index.php(46): CodeIgniter\CodeIgniter->run()
#9 {main}
CRITICAL - 2020-08-06 18:10:40 --> syntax error, unexpected 'if' (T_IF)
#0 D:\Coding\Xampp\htdocs\Codeigniter\system\Common.php(1119): CodeIgniter\View\View->render('site/siteMap', Array, true)
#1 D:\Coding\Xampp\htdocs\Codeigniter\app\Controllers\HomeController.php(187): view('site/siteMap', Array)
#2 D:\Coding\Xampp\htdocs\Codeigniter\system\CodeIgniter.php(918): App\Controllers\HomeController->siteMap()
#3 D:\Coding\Xampp\htdocs\Codeigniter\system\CodeIgniter.php(404): CodeIgniter\CodeIgniter->runController(Object(App\Controllers\HomeController))
#4 D:\Coding\Xampp\htdocs\Codeigniter\system\CodeIgniter.php(312): CodeIgniter\CodeIgniter->handleRequest(NULL, Object(Config\Cache), false)
#5 D:\Coding\Xampp\htdocs\Codeigniter\index.php(46): CodeIgniter\CodeIgniter->run()
#6 {main}
CRITICAL - 2020-08-06 18:12:45 --> Array to string conversion
#0 D:\Coding\Xampp\htdocs\Codeigniter\app\Views\site\siteMap.php(36): CodeIgniter\Debug\Exceptions->errorHandler(8, 'Array to string...', 'D:\\Coding\\Xampp...', 36, Array)
#1 D:\Coding\Xampp\htdocs\Codeigniter\system\View\View.php(246): include('D:\\Coding\\Xampp...')
#2 D:\Coding\Xampp\htdocs\Codeigniter\system\Common.php(1119): CodeIgniter\View\View->render('site/siteMap', Array, true)
#3 D:\Coding\Xampp\htdocs\Codeigniter\app\Controllers\HomeController.php(187): view('site/siteMap', Array)
#4 D:\Coding\Xampp\htdocs\Codeigniter\system\CodeIgniter.php(918): App\Controllers\HomeController->siteMap()
#5 D:\Coding\Xampp\htdocs\Codeigniter\system\CodeIgniter.php(404): CodeIgniter\CodeIgniter->runController(Object(App\Controllers\HomeController))
#6 D:\Coding\Xampp\htdocs\Codeigniter\system\CodeIgniter.php(312): CodeIgniter\CodeIgniter->handleRequest(NULL, Object(Config\Cache), false)
#7 D:\Coding\Xampp\htdocs\Codeigniter\index.php(46): CodeIgniter\CodeIgniter->run()
#8 {main}
CRITICAL - 2020-08-06 18:13:17 --> json_decode() expects parameter 1 to be string, array given
#0 [internal function]: CodeIgniter\Debug\Exceptions->errorHandler(2, 'json_decode() e...', 'D:\\Coding\\Xampp...', 36, Array)
#1 D:\Coding\Xampp\htdocs\Codeigniter\app\Views\site\siteMap.php(36): json_decode(Array)
#2 D:\Coding\Xampp\htdocs\Codeigniter\system\View\View.php(246): include('D:\\Coding\\Xampp...')
#3 D:\Coding\Xampp\htdocs\Codeigniter\system\Common.php(1119): CodeIgniter\View\View->render('site/siteMap', Array, true)
#4 D:\Coding\Xampp\htdocs\Codeigniter\app\Controllers\HomeController.php(187): view('site/siteMap', Array)
#5 D:\Coding\Xampp\htdocs\Codeigniter\system\CodeIgniter.php(918): App\Controllers\HomeController->siteMap()
#6 D:\Coding\Xampp\htdocs\Codeigniter\system\CodeIgniter.php(404): CodeIgniter\CodeIgniter->runController(Object(App\Controllers\HomeController))
#7 D:\Coding\Xampp\htdocs\Codeigniter\system\CodeIgniter.php(312): CodeIgniter\CodeIgniter->handleRequest(NULL, Object(Config\Cache), false)
#8 D:\Coding\Xampp\htdocs\Codeigniter\index.php(46): CodeIgniter\CodeIgniter->run()
#9 {main}
CRITICAL - 2020-08-06 18:17:14 --> explode() expects parameter 2 to be string, array given
#0 [internal function]: CodeIgniter\Debug\Exceptions->errorHandler(2, 'explode() expec...', 'D:\\Coding\\Xampp...', 37, Array)
#1 D:\Coding\Xampp\htdocs\Codeigniter\app\Views\site\siteMap.php(37): explode(',', Array)
#2 D:\Coding\Xampp\htdocs\Codeigniter\system\View\View.php(246): include('D:\\Coding\\Xampp...')
#3 D:\Coding\Xampp\htdocs\Codeigniter\system\Common.php(1119): CodeIgniter\View\View->render('site/siteMap', Array, true)
#4 D:\Coding\Xampp\htdocs\Codeigniter\app\Controllers\HomeController.php(188): view('site/siteMap', Array)
#5 D:\Coding\Xampp\htdocs\Codeigniter\system\CodeIgniter.php(918): App\Controllers\HomeController->siteMap()
#6 D:\Coding\Xampp\htdocs\Codeigniter\system\CodeIgniter.php(404): CodeIgniter\CodeIgniter->runController(Object(App\Controllers\HomeController))
#7 D:\Coding\Xampp\htdocs\Codeigniter\system\CodeIgniter.php(312): CodeIgniter\CodeIgniter->handleRequest(NULL, Object(Config\Cache), false)
#8 D:\Coding\Xampp\htdocs\Codeigniter\index.php(46): CodeIgniter\CodeIgniter->run()
#9 {main}
CRITICAL - 2020-08-06 18:17:44 --> explode() expects parameter 2 to be string, array given
#0 [internal function]: CodeIgniter\Debug\Exceptions->errorHandler(2, 'explode() expec...', 'D:\\Coding\\Xampp...', 37, Array)
#1 D:\Coding\Xampp\htdocs\Codeigniter\app\Views\site\siteMap.php(37): explode(',', Array)
#2 D:\Coding\Xampp\htdocs\Codeigniter\system\View\View.php(246): include('D:\\Coding\\Xampp...')
#3 D:\Coding\Xampp\htdocs\Codeigniter\system\Common.php(1119): CodeIgniter\View\View->render('site/siteMap', Array, true)
#4 D:\Coding\Xampp\htdocs\Codeigniter\app\Controllers\HomeController.php(188): view('site/siteMap', Array)
#5 D:\Coding\Xampp\htdocs\Codeigniter\system\CodeIgniter.php(918): App\Controllers\HomeController->siteMap()
#6 D:\Coding\Xampp\htdocs\Codeigniter\system\CodeIgniter.php(404): CodeIgniter\CodeIgniter->runController(Object(App\Controllers\HomeController))
#7 D:\Coding\Xampp\htdocs\Codeigniter\system\CodeIgniter.php(312): CodeIgniter\CodeIgniter->handleRequest(NULL, Object(Config\Cache), false)
#8 D:\Coding\Xampp\htdocs\Codeigniter\index.php(46): CodeIgniter\CodeIgniter->run()
#9 {main}
CRITICAL - 2020-08-06 18:19:12 --> explode() expects parameter 2 to be string, array given
#0 [internal function]: CodeIgniter\Debug\Exceptions->errorHandler(2, 'explode() expec...', 'D:\\Coding\\Xampp...', 37, Array)
#1 D:\Coding\Xampp\htdocs\Codeigniter\app\Views\site\siteMap.php(37): explode(',', Array)
#2 D:\Coding\Xampp\htdocs\Codeigniter\system\View\View.php(246): include('D:\\Coding\\Xampp...')
#3 D:\Coding\Xampp\htdocs\Codeigniter\system\Common.php(1119): CodeIgniter\View\View->render('site/siteMap', Array, true)
#4 D:\Coding\Xampp\htdocs\Codeigniter\app\Controllers\HomeController.php(188): view('site/siteMap', Array)
#5 D:\Coding\Xampp\htdocs\Codeigniter\system\CodeIgniter.php(918): App\Controllers\HomeController->siteMap()
#6 D:\Coding\Xampp\htdocs\Codeigniter\system\CodeIgniter.php(404): CodeIgniter\CodeIgniter->runController(Object(App\Controllers\HomeController))
#7 D:\Coding\Xampp\htdocs\Codeigniter\system\CodeIgniter.php(312): CodeIgniter\CodeIgniter->handleRequest(NULL, Object(Config\Cache), false)
#8 D:\Coding\Xampp\htdocs\Codeigniter\index.php(46): CodeIgniter\CodeIgniter->run()
#9 {main}
CRITICAL - 2020-08-06 18:21:45 --> explode() expects parameter 2 to be string, object given
#0 [internal function]: CodeIgniter\Debug\Exceptions->errorHandler(2, 'explode() expec...', 'D:\\Coding\\Xampp...', 37, Array)
#1 D:\Coding\Xampp\htdocs\Codeigniter\app\Views\site\siteMap.php(37): explode(',', Object(stdClass))
#2 D:\Coding\Xampp\htdocs\Codeigniter\system\View\View.php(246): include('D:\\Coding\\Xampp...')
#3 D:\Coding\Xampp\htdocs\Codeigniter\system\Common.php(1119): CodeIgniter\View\View->render('site/siteMap', Array, true)
#4 D:\Coding\Xampp\htdocs\Codeigniter\app\Controllers\HomeController.php(188): view('site/siteMap', Array)
#5 D:\Coding\Xampp\htdocs\Codeigniter\system\CodeIgniter.php(918): App\Controllers\HomeController->siteMap()
#6 D:\Coding\Xampp\htdocs\Codeigniter\system\CodeIgniter.php(404): CodeIgniter\CodeIgniter->runController(Object(App\Controllers\HomeController))
#7 D:\Coding\Xampp\htdocs\Codeigniter\system\CodeIgniter.php(312): CodeIgniter\CodeIgniter->handleRequest(NULL, Object(Config\Cache), false)
#8 D:\Coding\Xampp\htdocs\Codeigniter\index.php(46): CodeIgniter\CodeIgniter->run()
#9 {main}
CRITICAL - 2020-08-06 18:21:51 --> Cannot use object of type stdClass as array
#0 D:\Coding\Xampp\htdocs\Codeigniter\system\View\View.php(246): include()
#1 D:\Coding\Xampp\htdocs\Codeigniter\system\Common.php(1119): CodeIgniter\View\View->render('site/siteMap', Array, true)
#2 D:\Coding\Xampp\htdocs\Codeigniter\app\Controllers\HomeController.php(188): view('site/siteMap', Array)
#3 D:\Coding\Xampp\htdocs\Codeigniter\system\CodeIgniter.php(918): App\Controllers\HomeController->siteMap()
#4 D:\Coding\Xampp\htdocs\Codeigniter\system\CodeIgniter.php(404): CodeIgniter\CodeIgniter->runController(Object(App\Controllers\HomeController))
#5 D:\Coding\Xampp\htdocs\Codeigniter\system\CodeIgniter.php(312): CodeIgniter\CodeIgniter->handleRequest(NULL, Object(Config\Cache), false)
#6 D:\Coding\Xampp\htdocs\Codeigniter\index.php(46): CodeIgniter\CodeIgniter->run()
#7 {main}
CRITICAL - 2020-08-06 19:31:49 --> Too few arguments to function App\Controllers\HomeController::getDetailPost(), 2 passed in D:\Coding\Xampp\htdocs\Codeigniter\system\CodeIgniter.php on line 918 and exactly 3 expected
#0 D:\Coding\Xampp\htdocs\Codeigniter\system\CodeIgniter.php(918): App\Controllers\HomeController->getDetailPost('blog', 'nhung-meo-giup-...')
#1 D:\Coding\Xampp\htdocs\Codeigniter\system\CodeIgniter.php(404): CodeIgniter\CodeIgniter->runController(Object(App\Controllers\HomeController))
#2 D:\Coding\Xampp\htdocs\Codeigniter\system\CodeIgniter.php(312): CodeIgniter\CodeIgniter->handleRequest(NULL, Object(Config\Cache), false)
#3 D:\Coding\Xampp\htdocs\Codeigniter\index.php(46): CodeIgniter\CodeIgniter->run()
#4 {main}
CRITICAL - 2020-08-06 19:31:51 --> Too few arguments to function App\Controllers\HomeController::getDetailPost(), 2 passed in D:\Coding\Xampp\htdocs\Codeigniter\system\CodeIgniter.php on line 918 and exactly 3 expected
#0 D:\Coding\Xampp\htdocs\Codeigniter\system\CodeIgniter.php(918): App\Controllers\HomeController->getDetailPost('blog', 'nhung-meo-giup-...')
#1 D:\Coding\Xampp\htdocs\Codeigniter\system\CodeIgniter.php(404): CodeIgniter\CodeIgniter->runController(Object(App\Controllers\HomeController))
#2 D:\Coding\Xampp\htdocs\Codeigniter\system\CodeIgniter.php(312): CodeIgniter\CodeIgniter->handleRequest(NULL, Object(Config\Cache), false)
#3 D:\Coding\Xampp\htdocs\Codeigniter\index.php(46): CodeIgniter\CodeIgniter->run()
#4 {main}
CRITICAL - 2020-08-06 22:40:37 --> Argument 2 passed to view() must be of the type array, null given, called in D:\Coding\Xampp\htdocs\Codeigniter\app\Controllers\HomeController.php on line 192
#0 D:\Coding\Xampp\htdocs\Codeigniter\app\Controllers\HomeController.php(192): view('site/tags', NULL)
#1 D:\Coding\Xampp\htdocs\Codeigniter\system\CodeIgniter.php(918): App\Controllers\HomeController->tags('b\xC3\xA0i-vi\xE1\xBA\xBFt-dan...')
#2 D:\Coding\Xampp\htdocs\Codeigniter\system\CodeIgniter.php(404): CodeIgniter\CodeIgniter->runController(Object(App\Controllers\HomeController))
#3 D:\Coding\Xampp\htdocs\Codeigniter\system\CodeIgniter.php(312): CodeIgniter\CodeIgniter->handleRequest(NULL, Object(Config\Cache), false)
#4 D:\Coding\Xampp\htdocs\Codeigniter\index.php(46): CodeIgniter\CodeIgniter->run()
#5 {main}
CRITICAL - 2020-08-06 22:44:59 --> array_slice() expects parameter 1 to be array, null given
#0 [internal function]: CodeIgniter\Debug\Exceptions->errorHandler(2, 'array_slice() e...', 'D:\\Coding\\Xampp...', 14, Array)
#1 D:\Coding\Xampp\htdocs\Codeigniter\app\Views\site\tags.php(14): array_slice(NULL, 0, 3)
#2 D:\Coding\Xampp\htdocs\Codeigniter\system\View\View.php(246): include('D:\\Coding\\Xampp...')
#3 D:\Coding\Xampp\htdocs\Codeigniter\system\Common.php(1119): CodeIgniter\View\View->render('site/tags', Array, true)
#4 D:\Coding\Xampp\htdocs\Codeigniter\app\Controllers\HomeController.php(195): view('site/tags', Array)
#5 D:\Coding\Xampp\htdocs\Codeigniter\system\CodeIgniter.php(918): App\Controllers\HomeController->tags('b\xC3\xA0i-vi\xE1\xBA\xBFt-dan...')
#6 D:\Coding\Xampp\htdocs\Codeigniter\system\CodeIgniter.php(404): CodeIgniter\CodeIgniter->runController(Object(App\Controllers\HomeController))
#7 D:\Coding\Xampp\htdocs\Codeigniter\system\CodeIgniter.php(312): CodeIgniter\CodeIgniter->handleRequest(NULL, Object(Config\Cache), false)
#8 D:\Coding\Xampp\htdocs\Codeigniter\index.php(46): CodeIgniter\CodeIgniter->run()
#9 {main}
CRITICAL - 2020-08-06 22:46:30 --> syntax error, unexpected 'return' (T_RETURN)
#0 D:\Coding\Xampp\htdocs\Codeigniter\system\Autoloader\Autoloader.php(296): CodeIgniter\Autoloader\Autoloader->requireFile('D:\\Coding\\Xampp...')
#1 D:\Coding\Xampp\htdocs\Codeigniter\system\Autoloader\Autoloader.php(258): CodeIgniter\Autoloader\Autoloader->loadInNamespace('App\\Controllers...')
#2 [internal function]: CodeIgniter\Autoloader\Autoloader->loadClass('App\\Controllers...')
#3 [internal function]: spl_autoload_call('App\\Controllers...')
#4 D:\Coding\Xampp\htdocs\Codeigniter\system\CodeIgniter.php(869): class_exists('\\App\\Controller...', true)
#5 D:\Coding\Xampp\htdocs\Codeigniter\system\CodeIgniter.php(394): CodeIgniter\CodeIgniter->startController()
#6 D:\Coding\Xampp\htdocs\Codeigniter\system\CodeIgniter.php(312): CodeIgniter\CodeIgniter->handleRequest(NULL, Object(Config\Cache), false)
#7 D:\Coding\Xampp\htdocs\Codeigniter\index.php(46): CodeIgniter\CodeIgniter->run()
#8 {main}
CRITICAL - 2020-08-06 22:46:37 --> syntax error, unexpected 'return' (T_RETURN)
#0 D:\Coding\Xampp\htdocs\Codeigniter\system\Autoloader\Autoloader.php(296): CodeIgniter\Autoloader\Autoloader->requireFile('D:\\Coding\\Xampp...')
#1 D:\Coding\Xampp\htdocs\Codeigniter\system\Autoloader\Autoloader.php(258): CodeIgniter\Autoloader\Autoloader->loadInNamespace('App\\Controllers...')
#2 [internal function]: CodeIgniter\Autoloader\Autoloader->loadClass('App\\Controllers...')
#3 [internal function]: spl_autoload_call('App\\Controllers...')
#4 D:\Coding\Xampp\htdocs\Codeigniter\system\CodeIgniter.php(869): class_exists('\\App\\Controller...', true)
#5 D:\Coding\Xampp\htdocs\Codeigniter\system\CodeIgniter.php(394): CodeIgniter\CodeIgniter->startController()
#6 D:\Coding\Xampp\htdocs\Codeigniter\system\CodeIgniter.php(312): CodeIgniter\CodeIgniter->handleRequest(NULL, Object(Config\Cache), false)
#7 D:\Coding\Xampp\htdocs\Codeigniter\index.php(46): CodeIgniter\CodeIgniter->run()
#8 {main}
CRITICAL - 2020-08-06 22:46:56 --> syntax error, unexpected 'return' (T_RETURN)
#0 D:\Coding\Xampp\htdocs\Codeigniter\system\Autoloader\Autoloader.php(296): CodeIgniter\Autoloader\Autoloader->requireFile('D:\\Coding\\Xampp...')
#1 D:\Coding\Xampp\htdocs\Codeigniter\system\Autoloader\Autoloader.php(258): CodeIgniter\Autoloader\Autoloader->loadInNamespace('App\\Controllers...')
#2 [internal function]: CodeIgniter\Autoloader\Autoloader->loadClass('App\\Controllers...')
#3 [internal function]: spl_autoload_call('App\\Controllers...')
#4 D:\Coding\Xampp\htdocs\Codeigniter\system\CodeIgniter.php(869): class_exists('\\App\\Controller...', true)
#5 D:\Coding\Xampp\htdocs\Codeigniter\system\CodeIgniter.php(394): CodeIgniter\CodeIgniter->startController()
#6 D:\Coding\Xampp\htdocs\Codeigniter\system\CodeIgniter.php(312): CodeIgniter\CodeIgniter->handleRequest(NULL, Object(Config\Cache), false)
#7 D:\Coding\Xampp\htdocs\Codeigniter\index.php(46): CodeIgniter\CodeIgniter->run()
#8 {main}
CRITICAL - 2020-08-06 22:46:59 --> syntax error, unexpected 'return' (T_RETURN)
#0 D:\Coding\Xampp\htdocs\Codeigniter\system\Autoloader\Autoloader.php(296): CodeIgniter\Autoloader\Autoloader->requireFile('D:\\Coding\\Xampp...')
#1 D:\Coding\Xampp\htdocs\Codeigniter\system\Autoloader\Autoloader.php(258): CodeIgniter\Autoloader\Autoloader->loadInNamespace('App\\Controllers...')
#2 [internal function]: CodeIgniter\Autoloader\Autoloader->loadClass('App\\Controllers...')
#3 [internal function]: spl_autoload_call('App\\Controllers...')
#4 D:\Coding\Xampp\htdocs\Codeigniter\system\CodeIgniter.php(869): class_exists('\\App\\Controller...', true)
#5 D:\Coding\Xampp\htdocs\Codeigniter\system\CodeIgniter.php(394): CodeIgniter\CodeIgniter->startController()
#6 D:\Coding\Xampp\htdocs\Codeigniter\system\CodeIgniter.php(312): CodeIgniter\CodeIgniter->handleRequest(NULL, Object(Config\Cache), false)
#7 D:\Coding\Xampp\htdocs\Codeigniter\index.php(46): CodeIgniter\CodeIgniter->run()
#8 {main}
CRITICAL - 2020-08-06 22:46:59 --> syntax error, unexpected 'return' (T_RETURN)
#0 D:\Coding\Xampp\htdocs\Codeigniter\system\Autoloader\Autoloader.php(296): CodeIgniter\Autoloader\Autoloader->requireFile('D:\\Coding\\Xampp...')
#1 D:\Coding\Xampp\htdocs\Codeigniter\system\Autoloader\Autoloader.php(258): CodeIgniter\Autoloader\Autoloader->loadInNamespace('App\\Controllers...')
#2 [internal function]: CodeIgniter\Autoloader\Autoloader->loadClass('App\\Controllers...')
#3 [internal function]: spl_autoload_call('App\\Controllers...')
#4 D:\Coding\Xampp\htdocs\Codeigniter\system\CodeIgniter.php(869): class_exists('\\App\\Controller...', true)
#5 D:\Coding\Xampp\htdocs\Codeigniter\system\CodeIgniter.php(394): CodeIgniter\CodeIgniter->startController()
#6 D:\Coding\Xampp\htdocs\Codeigniter\system\CodeIgniter.php(312): CodeIgniter\CodeIgniter->handleRequest(NULL, Object(Config\Cache), false)
#7 D:\Coding\Xampp\htdocs\Codeigniter\index.php(46): CodeIgniter\CodeIgniter->run()
#8 {main}
CRITICAL - 2020-08-06 22:47:00 --> syntax error, unexpected 'return' (T_RETURN)
#0 D:\Coding\Xampp\htdocs\Codeigniter\system\Autoloader\Autoloader.php(296): CodeIgniter\Autoloader\Autoloader->requireFile('D:\\Coding\\Xampp...')
#1 D:\Coding\Xampp\htdocs\Codeigniter\system\Autoloader\Autoloader.php(258): CodeIgniter\Autoloader\Autoloader->loadInNamespace('App\\Controllers...')
#2 [internal function]: CodeIgniter\Autoloader\Autoloader->loadClass('App\\Controllers...')
#3 [internal function]: spl_autoload_call('App\\Controllers...')
#4 D:\Coding\Xampp\htdocs\Codeigniter\system\CodeIgniter.php(869): class_exists('\\App\\Controller...', true)
#5 D:\Coding\Xampp\htdocs\Codeigniter\system\CodeIgniter.php(394): CodeIgniter\CodeIgniter->startController()
#6 D:\Coding\Xampp\htdocs\Codeigniter\system\CodeIgniter.php(312): CodeIgniter\CodeIgniter->handleRequest(NULL, Object(Config\Cache), false)
#7 D:\Coding\Xampp\htdocs\Codeigniter\index.php(46): CodeIgniter\CodeIgniter->run()
#8 {main}
CRITICAL - 2020-08-06 22:47:00 --> syntax error, unexpected 'return' (T_RETURN)
#0 D:\Coding\Xampp\htdocs\Codeigniter\system\Autoloader\Autoloader.php(296): CodeIgniter\Autoloader\Autoloader->requireFile('D:\\Coding\\Xampp...')
#1 D:\Coding\Xampp\htdocs\Codeigniter\system\Autoloader\Autoloader.php(258): CodeIgniter\Autoloader\Autoloader->loadInNamespace('App\\Controllers...')
#2 [internal function]: CodeIgniter\Autoloader\Autoloader->loadClass('App\\Controllers...')
#3 [internal function]: spl_autoload_call('App\\Controllers...')
#4 D:\Coding\Xampp\htdocs\Codeigniter\system\CodeIgniter.php(869): class_exists('\\App\\Controller...', true)
#5 D:\Coding\Xampp\htdocs\Codeigniter\system\CodeIgniter.php(394): CodeIgniter\CodeIgniter->startController()
#6 D:\Coding\Xampp\htdocs\Codeigniter\system\CodeIgniter.php(312): CodeIgniter\CodeIgniter->handleRequest(NULL, Object(Config\Cache), false)
#7 D:\Coding\Xampp\htdocs\Codeigniter\index.php(46): CodeIgniter\CodeIgniter->run()
#8 {main}
CRITICAL - 2020-08-06 22:47:00 --> syntax error, unexpected 'return' (T_RETURN)
#0 D:\Coding\Xampp\htdocs\Codeigniter\system\Autoloader\Autoloader.php(296): CodeIgniter\Autoloader\Autoloader->requireFile('D:\\Coding\\Xampp...')
#1 D:\Coding\Xampp\htdocs\Codeigniter\system\Autoloader\Autoloader.php(258): CodeIgniter\Autoloader\Autoloader->loadInNamespace('App\\Controllers...')
#2 [internal function]: CodeIgniter\Autoloader\Autoloader->loadClass('App\\Controllers...')
#3 [internal function]: spl_autoload_call('App\\Controllers...')
#4 D:\Coding\Xampp\htdocs\Codeigniter\system\CodeIgniter.php(869): class_exists('\\App\\Controller...', true)
#5 D:\Coding\Xampp\htdocs\Codeigniter\system\CodeIgniter.php(394): CodeIgniter\CodeIgniter->startController()
#6 D:\Coding\Xampp\htdocs\Codeigniter\system\CodeIgniter.php(312): CodeIgniter\CodeIgniter->handleRequest(NULL, Object(Config\Cache), false)
#7 D:\Coding\Xampp\htdocs\Codeigniter\index.php(46): CodeIgniter\CodeIgniter->run()
#8 {main}
CRITICAL - 2020-08-06 22:47:17 --> syntax error, unexpected 'return' (T_RETURN)
#0 D:\Coding\Xampp\htdocs\Codeigniter\system\Autoloader\Autoloader.php(296): CodeIgniter\Autoloader\Autoloader->requireFile('D:\\Coding\\Xampp...')
#1 D:\Coding\Xampp\htdocs\Codeigniter\system\Autoloader\Autoloader.php(258): CodeIgniter\Autoloader\Autoloader->loadInNamespace('App\\Controllers...')
#2 [internal function]: CodeIgniter\Autoloader\Autoloader->loadClass('App\\Controllers...')
#3 [internal function]: spl_autoload_call('App\\Controllers...')
#4 D:\Coding\Xampp\htdocs\Codeigniter\system\CodeIgniter.php(869): class_exists('\\App\\Controller...', true)
#5 D:\Coding\Xampp\htdocs\Codeigniter\system\CodeIgniter.php(394): CodeIgniter\CodeIgniter->startController()
#6 D:\Coding\Xampp\htdocs\Codeigniter\system\CodeIgniter.php(312): CodeIgniter\CodeIgniter->handleRequest(NULL, Object(Config\Cache), false)
#7 D:\Coding\Xampp\htdocs\Codeigniter\index.php(46): CodeIgniter\CodeIgniter->run()
#8 {main}
CRITICAL - 2020-08-06 22:47:18 --> syntax error, unexpected 'return' (T_RETURN)
#0 D:\Coding\Xampp\htdocs\Codeigniter\system\Autoloader\Autoloader.php(296): CodeIgniter\Autoloader\Autoloader->requireFile('D:\\Coding\\Xampp...')
#1 D:\Coding\Xampp\htdocs\Codeigniter\system\Autoloader\Autoloader.php(258): CodeIgniter\Autoloader\Autoloader->loadInNamespace('App\\Controllers...')
#2 [internal function]: CodeIgniter\Autoloader\Autoloader->loadClass('App\\Controllers...')
#3 [internal function]: spl_autoload_call('App\\Controllers...')
#4 D:\Coding\Xampp\htdocs\Codeigniter\system\CodeIgniter.php(869): class_exists('\\App\\Controller...', true)
#5 D:\Coding\Xampp\htdocs\Codeigniter\system\CodeIgniter.php(394): CodeIgniter\CodeIgniter->startController()
#6 D:\Coding\Xampp\htdocs\Codeigniter\system\CodeIgniter.php(312): CodeIgniter\CodeIgniter->handleRequest(NULL, Object(Config\Cache), false)
#7 D:\Coding\Xampp\htdocs\Codeigniter\index.php(46): CodeIgniter\CodeIgniter->run()
#8 {main}
CRITICAL - 2020-08-06 22:47:18 --> syntax error, unexpected 'return' (T_RETURN)
#0 D:\Coding\Xampp\htdocs\Codeigniter\system\Autoloader\Autoloader.php(296): CodeIgniter\Autoloader\Autoloader->requireFile('D:\\Coding\\Xampp...')
#1 D:\Coding\Xampp\htdocs\Codeigniter\system\Autoloader\Autoloader.php(258): CodeIgniter\Autoloader\Autoloader->loadInNamespace('App\\Controllers...')
#2 [internal function]: CodeIgniter\Autoloader\Autoloader->loadClass('App\\Controllers...')
#3 [internal function]: spl_autoload_call('App\\Controllers...')
#4 D:\Coding\Xampp\htdocs\Codeigniter\system\CodeIgniter.php(869): class_exists('\\App\\Controller...', true)
#5 D:\Coding\Xampp\htdocs\Codeigniter\system\CodeIgniter.php(394): CodeIgniter\CodeIgniter->startController()
#6 D:\Coding\Xampp\htdocs\Codeigniter\system\CodeIgniter.php(312): CodeIgniter\CodeIgniter->handleRequest(NULL, Object(Config\Cache), false)
#7 D:\Coding\Xampp\htdocs\Codeigniter\index.php(46): CodeIgniter\CodeIgniter->run()
#8 {main}
CRITICAL - 2020-08-06 22:47:18 --> syntax error, unexpected 'return' (T_RETURN)
#0 D:\Coding\Xampp\htdocs\Codeigniter\system\Autoloader\Autoloader.php(296): CodeIgniter\Autoloader\Autoloader->requireFile('D:\\Coding\\Xampp...')
#1 D:\Coding\Xampp\htdocs\Codeigniter\system\Autoloader\Autoloader.php(258): CodeIgniter\Autoloader\Autoloader->loadInNamespace('App\\Controllers...')
#2 [internal function]: CodeIgniter\Autoloader\Autoloader->loadClass('App\\Controllers...')
#3 [internal function]: spl_autoload_call('App\\Controllers...')
#4 D:\Coding\Xampp\htdocs\Codeigniter\system\CodeIgniter.php(869): class_exists('\\App\\Controller...', true)
#5 D:\Coding\Xampp\htdocs\Codeigniter\system\CodeIgniter.php(394): CodeIgniter\CodeIgniter->startController()
#6 D:\Coding\Xampp\htdocs\Codeigniter\system\CodeIgniter.php(312): CodeIgniter\CodeIgniter->handleRequest(NULL, Object(Config\Cache), false)
#7 D:\Coding\Xampp\htdocs\Codeigniter\index.php(46): CodeIgniter\CodeIgniter->run()
#8 {main}
CRITICAL - 2020-08-06 22:47:19 --> syntax error, unexpected 'return' (T_RETURN)
#0 D:\Coding\Xampp\htdocs\Codeigniter\system\Autoloader\Autoloader.php(296): CodeIgniter\Autoloader\Autoloader->requireFile('D:\\Coding\\Xampp...')
#1 D:\Coding\Xampp\htdocs\Codeigniter\system\Autoloader\Autoloader.php(258): CodeIgniter\Autoloader\Autoloader->loadInNamespace('App\\Controllers...')
#2 [internal function]: CodeIgniter\Autoloader\Autoloader->loadClass('App\\Controllers...')
#3 [internal function]: spl_autoload_call('App\\Controllers...')
#4 D:\Coding\Xampp\htdocs\Codeigniter\system\CodeIgniter.php(869): class_exists('\\App\\Controller...', true)
#5 D:\Coding\Xampp\htdocs\Codeigniter\system\CodeIgniter.php(394): CodeIgniter\CodeIgniter->startController()
#6 D:\Coding\Xampp\htdocs\Codeigniter\system\CodeIgniter.php(312): CodeIgniter\CodeIgniter->handleRequest(NULL, Object(Config\Cache), false)
#7 D:\Coding\Xampp\htdocs\Codeigniter\index.php(46): CodeIgniter\CodeIgniter->run()
#8 {main}
CRITICAL - 2020-08-06 22:47:19 --> syntax error, unexpected 'return' (T_RETURN)
#0 D:\Coding\Xampp\htdocs\Codeigniter\system\Autoloader\Autoloader.php(296): CodeIgniter\Autoloader\Autoloader->requireFile('D:\\Coding\\Xampp...')
#1 D:\Coding\Xampp\htdocs\Codeigniter\system\Autoloader\Autoloader.php(258): CodeIgniter\Autoloader\Autoloader->loadInNamespace('App\\Controllers...')
#2 [internal function]: CodeIgniter\Autoloader\Autoloader->loadClass('App\\Controllers...')
#3 [internal function]: spl_autoload_call('App\\Controllers...')
#4 D:\Coding\Xampp\htdocs\Codeigniter\system\CodeIgniter.php(869): class_exists('\\App\\Controller...', true)
#5 D:\Coding\Xampp\htdocs\Codeigniter\system\CodeIgniter.php(394): CodeIgniter\CodeIgniter->startController()
#6 D:\Coding\Xampp\htdocs\Codeigniter\system\CodeIgniter.php(312): CodeIgniter\CodeIgniter->handleRequest(NULL, Object(Config\Cache), false)
#7 D:\Coding\Xampp\htdocs\Codeigniter\index.php(46): CodeIgniter\CodeIgniter->run()
#8 {main}
CRITICAL - 2020-08-06 22:47:27 --> syntax error, unexpected 'return' (T_RETURN)
#0 D:\Coding\Xampp\htdocs\Codeigniter\system\Autoloader\Autoloader.php(296): CodeIgniter\Autoloader\Autoloader->requireFile('D:\\Coding\\Xampp...')
#1 D:\Coding\Xampp\htdocs\Codeigniter\system\Autoloader\Autoloader.php(258): CodeIgniter\Autoloader\Autoloader->loadInNamespace('App\\Controllers...')
#2 [internal function]: CodeIgniter\Autoloader\Autoloader->loadClass('App\\Controllers...')
#3 [internal function]: spl_autoload_call('App\\Controllers...')
#4 D:\Coding\Xampp\htdocs\Codeigniter\system\CodeIgniter.php(869): class_exists('\\App\\Controller...', true)
#5 D:\Coding\Xampp\htdocs\Codeigniter\system\CodeIgniter.php(394): CodeIgniter\CodeIgniter->startController()
#6 D:\Coding\Xampp\htdocs\Codeigniter\system\CodeIgniter.php(312): CodeIgniter\CodeIgniter->handleRequest(NULL, Object(Config\Cache), false)
#7 D:\Coding\Xampp\htdocs\Codeigniter\index.php(46): CodeIgniter\CodeIgniter->run()
#8 {main}
CRITICAL - 2020-08-06 22:47:34 --> syntax error, unexpected 'return' (T_RETURN)
#0 D:\Coding\Xampp\htdocs\Codeigniter\system\Autoloader\Autoloader.php(296): CodeIgniter\Autoloader\Autoloader->requireFile('D:\\Coding\\Xampp...')
#1 D:\Coding\Xampp\htdocs\Codeigniter\system\Autoloader\Autoloader.php(258): CodeIgniter\Autoloader\Autoloader->loadInNamespace('App\\Controllers...')
#2 [internal function]: CodeIgniter\Autoloader\Autoloader->loadClass('App\\Controllers...')
#3 [internal function]: spl_autoload_call('App\\Controllers...')
#4 D:\Coding\Xampp\htdocs\Codeigniter\system\CodeIgniter.php(869): class_exists('\\App\\Controller...', true)
#5 D:\Coding\Xampp\htdocs\Codeigniter\system\CodeIgniter.php(394): CodeIgniter\CodeIgniter->startController()
#6 D:\Coding\Xampp\htdocs\Codeigniter\system\CodeIgniter.php(312): CodeIgniter\CodeIgniter->handleRequest(NULL, Object(Config\Cache), false)
#7 D:\Coding\Xampp\htdocs\Codeigniter\index.php(46): CodeIgniter\CodeIgniter->run()
#8 {main}
CRITICAL - 2020-08-06 22:47:40 --> syntax error, unexpected 'return' (T_RETURN)
#0 D:\Coding\Xampp\htdocs\Codeigniter\system\Autoloader\Autoloader.php(296): CodeIgniter\Autoloader\Autoloader->requireFile('D:\\Coding\\Xampp...')
#1 D:\Coding\Xampp\htdocs\Codeigniter\system\Autoloader\Autoloader.php(258): CodeIgniter\Autoloader\Autoloader->loadInNamespace('App\\Controllers...')
#2 [internal function]: CodeIgniter\Autoloader\Autoloader->loadClass('App\\Controllers...')
#3 [internal function]: spl_autoload_call('App\\Controllers...')
#4 D:\Coding\Xampp\htdocs\Codeigniter\system\CodeIgniter.php(869): class_exists('\\App\\Controller...', true)
#5 D:\Coding\Xampp\htdocs\Codeigniter\system\CodeIgniter.php(394): CodeIgniter\CodeIgniter->startController()
#6 D:\Coding\Xampp\htdocs\Codeigniter\system\CodeIgniter.php(312): CodeIgniter\CodeIgniter->handleRequest(NULL, Object(Config\Cache), false)
#7 D:\Coding\Xampp\htdocs\Codeigniter\index.php(46): CodeIgniter\CodeIgniter->run()
#8 {main}
CRITICAL - 2020-08-06 22:48:05 --> syntax error, unexpected 'return' (T_RETURN)
#0 D:\Coding\Xampp\htdocs\Codeigniter\system\Autoloader\Autoloader.php(296): CodeIgniter\Autoloader\Autoloader->requireFile('D:\\Coding\\Xampp...')
#1 D:\Coding\Xampp\htdocs\Codeigniter\system\Autoloader\Autoloader.php(258): CodeIgniter\Autoloader\Autoloader->loadInNamespace('App\\Controllers...')
#2 [internal function]: CodeIgniter\Autoloader\Autoloader->loadClass('App\\Controllers...')
#3 [internal function]: spl_autoload_call('App\\Controllers...')
#4 D:\Coding\Xampp\htdocs\Codeigniter\system\CodeIgniter.php(869): class_exists('\\App\\Controller...', true)
#5 D:\Coding\Xampp\htdocs\Codeigniter\system\CodeIgniter.php(394): CodeIgniter\CodeIgniter->startController()
#6 D:\Coding\Xampp\htdocs\Codeigniter\system\CodeIgniter.php(312): CodeIgniter\CodeIgniter->handleRequest(NULL, Object(Config\Cache), false)
#7 D:\Coding\Xampp\htdocs\Codeigniter\index.php(46): CodeIgniter\CodeIgniter->run()
#8 {main}
CRITICAL - 2020-08-06 22:48:31 --> syntax error, unexpected 'return' (T_RETURN)
#0 D:\Coding\Xampp\htdocs\Codeigniter\system\Autoloader\Autoloader.php(296): CodeIgniter\Autoloader\Autoloader->requireFile('D:\\Coding\\Xampp...')
#1 D:\Coding\Xampp\htdocs\Codeigniter\system\Autoloader\Autoloader.php(258): CodeIgniter\Autoloader\Autoloader->loadInNamespace('App\\Controllers...')
#2 [internal function]: CodeIgniter\Autoloader\Autoloader->loadClass('App\\Controllers...')
#3 [internal function]: spl_autoload_call('App\\Controllers...')
#4 D:\Coding\Xampp\htdocs\Codeigniter\system\CodeIgniter.php(869): class_exists('\\App\\Controller...', true)
#5 D:\Coding\Xampp\htdocs\Codeigniter\system\CodeIgniter.php(394): CodeIgniter\CodeIgniter->startController()
#6 D:\Coding\Xampp\htdocs\Codeigniter\system\CodeIgniter.php(312): CodeIgniter\CodeIgniter->handleRequest(NULL, Object(Config\Cache), false)
#7 D:\Coding\Xampp\htdocs\Codeigniter\index.php(46): CodeIgniter\CodeIgniter->run()
#8 {main}
CRITICAL - 2020-08-06 22:49:24 --> syntax error, unexpected 'return' (T_RETURN)
#0 D:\Coding\Xampp\htdocs\Codeigniter\system\Autoloader\Autoloader.php(296): CodeIgniter\Autoloader\Autoloader->requireFile('D:\\Coding\\Xampp...')
#1 D:\Coding\Xampp\htdocs\Codeigniter\system\Autoloader\Autoloader.php(258): CodeIgniter\Autoloader\Autoloader->loadInNamespace('App\\Controllers...')
#2 [internal function]: CodeIgniter\Autoloader\Autoloader->loadClass('App\\Controllers...')
#3 [internal function]: spl_autoload_call('App\\Controllers...')
#4 D:\Coding\Xampp\htdocs\Codeigniter\system\CodeIgniter.php(869): class_exists('\\App\\Controller...', true)
#5 D:\Coding\Xampp\htdocs\Codeigniter\system\CodeIgniter.php(394): CodeIgniter\CodeIgniter->startController()
#6 D:\Coding\Xampp\htdocs\Codeigniter\system\CodeIgniter.php(312): CodeIgniter\CodeIgniter->handleRequest(NULL, Object(Config\Cache), false)
#7 D:\Coding\Xampp\htdocs\Codeigniter\index.php(46): CodeIgniter\CodeIgniter->run()
#8 {main}
CRITICAL - 2020-08-06 22:50:00 --> Undefined variable: tags_origin
#0 D:\Coding\Xampp\htdocs\Codeigniter\app\Views\site\tags.php(8): CodeIgniter\Debug\Exceptions->errorHandler(8, 'Undefined varia...', 'D:\\Coding\\Xampp...', 8, Array)
#1 D:\Coding\Xampp\htdocs\Codeigniter\system\View\View.php(246): include('D:\\Coding\\Xampp...')
#2 D:\Coding\Xampp\htdocs\Codeigniter\system\Common.php(1119): CodeIgniter\View\View->render('site/tags', Array, true)
#3 D:\Coding\Xampp\htdocs\Codeigniter\app\Controllers\HomeController.php(196): view('site/tags')
#4 D:\Coding\Xampp\htdocs\Codeigniter\system\CodeIgniter.php(918): App\Controllers\HomeController->tags('b\xC3\xA0i-vi\xE1\xBA\xBFt-dan...')
#5 D:\Coding\Xampp\htdocs\Codeigniter\system\CodeIgniter.php(404): CodeIgniter\CodeIgniter->runController(Object(App\Controllers\HomeController))
#6 D:\Coding\Xampp\htdocs\Codeigniter\system\CodeIgniter.php(312): CodeIgniter\CodeIgniter->handleRequest(NULL, Object(Config\Cache), false)
#7 D:\Coding\Xampp\htdocs\Codeigniter\index.php(46): CodeIgniter\CodeIgniter->run()
#8 {main}
CRITICAL - 2020-08-06 22:50:24 --> Undefined variable: post_cate
#0 D:\Coding\Xampp\htdocs\Codeigniter\app\Views\site\tags.php(14): CodeIgniter\Debug\Exceptions->errorHandler(8, 'Undefined varia...', 'D:\\Coding\\Xampp...', 14, Array)
#1 D:\Coding\Xampp\htdocs\Codeigniter\system\View\View.php(246): include('D:\\Coding\\Xampp...')
#2 D:\Coding\Xampp\htdocs\Codeigniter\system\Common.php(1119): CodeIgniter\View\View->render('site/tags', Array, true)
#3 D:\Coding\Xampp\htdocs\Codeigniter\app\Controllers\HomeController.php(196): view('site/tags', Array)
#4 D:\Coding\Xampp\htdocs\Codeigniter\system\CodeIgniter.php(918): App\Controllers\HomeController->tags('b\xC3\xA0i-vi\xE1\xBA\xBFt-dan...')
#5 D:\Coding\Xampp\htdocs\Codeigniter\system\CodeIgniter.php(404): CodeIgniter\CodeIgniter->runController(Object(App\Controllers\HomeController))
#6 D:\Coding\Xampp\htdocs\Codeigniter\system\CodeIgniter.php(312): CodeIgniter\CodeIgniter->handleRequest(NULL, Object(Config\Cache), false)
#7 D:\Coding\Xampp\htdocs\Codeigniter\index.php(46): CodeIgniter\CodeIgniter->run()
#8 {main}
CRITICAL - 2020-08-06 22:57:07 --> array_slice() expects parameter 1 to be array, string given
#0 [internal function]: CodeIgniter\Debug\Exceptions->errorHandler(2, 'array_slice() e...', 'D:\\Coding\\Xampp...', 13, Array)
#1 D:\Coding\Xampp\htdocs\Codeigniter\app\Views\site\tags.php(13): array_slice('b\xC3\xA0i vi\xE1\xBA\xBFt dan...', 0, 3)
#2 D:\Coding\Xampp\htdocs\Codeigniter\system\View\View.php(246): include('D:\\Coding\\Xampp...')
#3 D:\Coding\Xampp\htdocs\Codeigniter\system\Common.php(1119): CodeIgniter\View\View->render('site/tags', Array, true)
#4 D:\Coding\Xampp\htdocs\Codeigniter\app\Controllers\HomeController.php(196): view('site/tags', Array)
#5 D:\Coding\Xampp\htdocs\Codeigniter\system\CodeIgniter.php(918): App\Controllers\HomeController->tags('b\xC3\xA0i-vi\xE1\xBA\xBFt-dan...')
#6 D:\Coding\Xampp\htdocs\Codeigniter\system\CodeIgniter.php(404): CodeIgniter\CodeIgniter->runController(Object(App\Controllers\HomeController))
#7 D:\Coding\Xampp\htdocs\Codeigniter\system\CodeIgniter.php(312): CodeIgniter\CodeIgniter->handleRequest(NULL, Object(Config\Cache), false)
#8 D:\Coding\Xampp\htdocs\Codeigniter\index.php(46): CodeIgniter\CodeIgniter->run()
#9 {main}
CRITICAL - 2020-08-06 22:57:29 --> Undefined variable: cate_detail
#0 D:\Coding\Xampp\htdocs\Codeigniter\app\Views\site\tags.php(61): CodeIgniter\Debug\Exceptions->errorHandler(8, 'Undefined varia...', 'D:\\Coding\\Xampp...', 61, Array)
#1 D:\Coding\Xampp\htdocs\Codeigniter\system\View\View.php(246): include('D:\\Coding\\Xampp...')
#2 D:\Coding\Xampp\htdocs\Codeigniter\system\Common.php(1119): CodeIgniter\View\View->render('site/tags', Array, true)
#3 D:\Coding\Xampp\htdocs\Codeigniter\app\Controllers\HomeController.php(196): view('site/tags', Array)
#4 D:\Coding\Xampp\htdocs\Codeigniter\system\CodeIgniter.php(918): App\Controllers\HomeController->tags('b\xC3\xA0i-vi\xE1\xBA\xBFt-dan...')
#5 D:\Coding\Xampp\htdocs\Codeigniter\system\CodeIgniter.php(404): CodeIgniter\CodeIgniter->runController(Object(App\Controllers\HomeController))
#6 D:\Coding\Xampp\htdocs\Codeigniter\system\CodeIgniter.php(312): CodeIgniter\CodeIgniter->handleRequest(NULL, Object(Config\Cache), false)
#7 D:\Coding\Xampp\htdocs\Codeigniter\index.php(46): CodeIgniter\CodeIgniter->run()
#8 {main}
CRITICAL - 2020-08-06 22:58:18 --> Undefined variable: pager
#0 D:\Coding\Xampp\htdocs\Codeigniter\app\Views\site\tags.php(98): CodeIgniter\Debug\Exceptions->errorHandler(8, 'Undefined varia...', 'D:\\Coding\\Xampp...', 98, Array)
#1 D:\Coding\Xampp\htdocs\Codeigniter\system\View\View.php(246): include('D:\\Coding\\Xampp...')
#2 D:\Coding\Xampp\htdocs\Codeigniter\system\Common.php(1119): CodeIgniter\View\View->render('site/tags', Array, true)
#3 D:\Coding\Xampp\htdocs\Codeigniter\app\Controllers\HomeController.php(196): view('site/tags', Array)
#4 D:\Coding\Xampp\htdocs\Codeigniter\system\CodeIgniter.php(918): App\Controllers\HomeController->tags('b\xC3\xA0i-vi\xE1\xBA\xBFt-dan...')
#5 D:\Coding\Xampp\htdocs\Codeigniter\system\CodeIgniter.php(404): CodeIgniter\CodeIgniter->runController(Object(App\Controllers\HomeController))
#6 D:\Coding\Xampp\htdocs\Codeigniter\system\CodeIgniter.php(312): CodeIgniter\CodeIgniter->handleRequest(NULL, Object(Config\Cache), false)
#7 D:\Coding\Xampp\htdocs\Codeigniter\index.php(46): CodeIgniter\CodeIgniter->run()
#8 {main}
CRITICAL - 2020-08-06 22:59:00 --> Undefined variable: tags_origin
#0 D:\Coding\Xampp\htdocs\Codeigniter\app\Views\site\tags.php(9): CodeIgniter\Debug\Exceptions->errorHandler(8, 'Undefined varia...', 'D:\\Coding\\Xampp...', 9, Array)
#1 D:\Coding\Xampp\htdocs\Codeigniter\system\View\View.php(246): include('D:\\Coding\\Xampp...')
#2 D:\Coding\Xampp\htdocs\Codeigniter\system\Common.php(1119): CodeIgniter\View\View->render('site/tags', Array, true)
#3 D:\Coding\Xampp\htdocs\Codeigniter\app\Controllers\HomeController.php(199): view('site/tags', Array)
#4 D:\Coding\Xampp\htdocs\Codeigniter\system\CodeIgniter.php(918): App\Controllers\HomeController->tags('b\xC3\xA0i-vi\xE1\xBA\xBFt-dan...')
#5 D:\Coding\Xampp\htdocs\Codeigniter\system\CodeIgniter.php(404): CodeIgniter\CodeIgniter->runController(Object(App\Controllers\HomeController))
#6 D:\Coding\Xampp\htdocs\Codeigniter\system\CodeIgniter.php(312): CodeIgniter\CodeIgniter->handleRequest(NULL, Object(Config\Cache), false)
#7 D:\Coding\Xampp\htdocs\Codeigniter\index.php(46): CodeIgniter\CodeIgniter->run()
#8 {main}
CRITICAL - 2020-08-06 22:59:35 --> Undefined variable: tags_origin
#0 D:\Coding\Xampp\htdocs\Codeigniter\app\Views\site\tags.php(9): CodeIgniter\Debug\Exceptions->errorHandler(8, 'Undefined varia...', 'D:\\Coding\\Xampp...', 9, Array)
#1 D:\Coding\Xampp\htdocs\Codeigniter\system\View\View.php(246): include('D:\\Coding\\Xampp...')
#2 D:\Coding\Xampp\htdocs\Codeigniter\system\Common.php(1119): CodeIgniter\View\View->render('site/tags', Array, true)
#3 D:\Coding\Xampp\htdocs\Codeigniter\app\Controllers\HomeController.php(200): view('site/tags', Array)
#4 D:\Coding\Xampp\htdocs\Codeigniter\system\CodeIgniter.php(918): App\Controllers\HomeController->tags('b\xC3\xA0i-vi\xE1\xBA\xBFt-dan...')
#5 D:\Coding\Xampp\htdocs\Codeigniter\system\CodeIgniter.php(404): CodeIgniter\CodeIgniter->runController(Object(App\Controllers\HomeController))
#6 D:\Coding\Xampp\htdocs\Codeigniter\system\CodeIgniter.php(312): CodeIgniter\CodeIgniter->handleRequest(NULL, Object(Config\Cache), false)
#7 D:\Coding\Xampp\htdocs\Codeigniter\index.php(46): CodeIgniter\CodeIgniter->run()
#8 {main}
CRITICAL - 2020-08-06 23:00:06 --> Undefined variable: post_tag
#0 D:\Coding\Xampp\htdocs\Codeigniter\app\Views\site\tags.php(13): CodeIgniter\Debug\Exceptions->errorHandler(8, 'Undefined varia...', 'D:\\Coding\\Xampp...', 13, Array)
#1 D:\Coding\Xampp\htdocs\Codeigniter\system\View\View.php(246): include('D:\\Coding\\Xampp...')
#2 D:\Coding\Xampp\htdocs\Codeigniter\system\Common.php(1119): CodeIgniter\View\View->render('site/tags', Array, true)
#3 D:\Coding\Xampp\htdocs\Codeigniter\app\Controllers\HomeController.php(200): view('site/tags', Array)
#4 D:\Coding\Xampp\htdocs\Codeigniter\system\CodeIgniter.php(918): App\Controllers\HomeController->tags('b\xC3\xA0i-vi\xE1\xBA\xBFt-dan...')
#5 D:\Coding\Xampp\htdocs\Codeigniter\system\CodeIgniter.php(404): CodeIgniter\CodeIgniter->runController(Object(App\Controllers\HomeController))
#6 D:\Coding\Xampp\htdocs\Codeigniter\system\CodeIgniter.php(312): CodeIgniter\CodeIgniter->handleRequest(NULL, Object(Config\Cache), false)
#7 D:\Coding\Xampp\htdocs\Codeigniter\index.php(46): CodeIgniter\CodeIgniter->run()
#8 {main}
CRITICAL - 2020-08-06 23:00:47 --> Undefined variable: tags_origin
#0 D:\Coding\Xampp\htdocs\Codeigniter\app\Views\site\tags.php(9): CodeIgniter\Debug\Exceptions->errorHandler(8, 'Undefined varia...', 'D:\\Coding\\Xampp...', 9, Array)
#1 D:\Coding\Xampp\htdocs\Codeigniter\system\View\View.php(246): include('D:\\Coding\\Xampp...')
#2 D:\Coding\Xampp\htdocs\Codeigniter\system\Common.php(1119): CodeIgniter\View\View->render('site/tags', Array, true)
#3 D:\Coding\Xampp\htdocs\Codeigniter\app\Controllers\HomeController.php(199): view('site/tags', Array)
#4 D:\Coding\Xampp\htdocs\Codeigniter\system\CodeIgniter.php(918): App\Controllers\HomeController->tags('b\xC3\xA0i-vi\xE1\xBA\xBFt-dan...')
#5 D:\Coding\Xampp\htdocs\Codeigniter\system\CodeIgniter.php(404): CodeIgniter\CodeIgniter->runController(Object(App\Controllers\HomeController))
#6 D:\Coding\Xampp\htdocs\Codeigniter\system\CodeIgniter.php(312): CodeIgniter\CodeIgniter->handleRequest(NULL, Object(Config\Cache), false)
#7 D:\Coding\Xampp\htdocs\Codeigniter\index.php(46): CodeIgniter\CodeIgniter->run()
#8 {main}
CRITICAL - 2020-08-06 23:01:43 --> Undefined variable: cate_detail
#0 D:\Coding\Xampp\htdocs\Codeigniter\app\Views\site\tags.php(99): CodeIgniter\Debug\Exceptions->errorHandler(8, 'Undefined varia...', 'D:\\Coding\\Xampp...', 99, Array)
#1 D:\Coding\Xampp\htdocs\Codeigniter\system\View\View.php(246): include('D:\\Coding\\Xampp...')
#2 D:\Coding\Xampp\htdocs\Codeigniter\system\Common.php(1119): CodeIgniter\View\View->render('site/tags', Array, true)
#3 D:\Coding\Xampp\htdocs\Codeigniter\app\Controllers\HomeController.php(200): view('site/tags', Array)
#4 D:\Coding\Xampp\htdocs\Codeigniter\system\CodeIgniter.php(918): App\Controllers\HomeController->tags('b\xC3\xA0i-vi\xE1\xBA\xBFt-dan...')
#5 D:\Coding\Xampp\htdocs\Codeigniter\system\CodeIgniter.php(404): CodeIgniter\CodeIgniter->runController(Object(App\Controllers\HomeController))
#6 D:\Coding\Xampp\htdocs\Codeigniter\system\CodeIgniter.php(312): CodeIgniter\CodeIgniter->handleRequest(NULL, Object(Config\Cache), false)
#7 D:\Coding\Xampp\htdocs\Codeigniter\index.php(46): CodeIgniter\CodeIgniter->run()
#8 {main}
CRITICAL - 2020-08-06 23:14:52 --> Undefined variable: totalTime
#0 D:\Coding\Xampp\htdocs\Codeigniter\system\Debug\Toolbar\Views\toolbar.tpl.php(56): CodeIgniter\Debug\Exceptions->errorHandler(8, 'Undefined varia...', 'D:\\Coding\\Xampp...', 56, Array)
#1 D:\Coding\Xampp\htdocs\Codeigniter\system\Debug\Toolbar.php(498): include('D:\\Coding\\Xampp...')
#2 D:\Coding\Xampp\htdocs\Codeigniter\system\Debug\Toolbar.php(455): CodeIgniter\Debug\Toolbar->format(Array, 'html')
#3 D:\Coding\Xampp\htdocs\Codeigniter\app\Config\Events.php(50): CodeIgniter\Debug\Toolbar->respond()
#4 [internal function]: CodeIgniter\Events\Events::Config\{closure}()
#5 D:\Coding\Xampp\htdocs\Codeigniter\system\Events\Events.php(188): call_user_func(Object(Closure))
#6 D:\Coding\Xampp\htdocs\Codeigniter\system\CodeIgniter.php(293): CodeIgniter\Events\Events::trigger('pre_system')
#7 D:\Coding\Xampp\htdocs\Codeigniter\index.php(46): CodeIgniter\CodeIgniter->run()
#8 {main}
CRITICAL - 2020-08-06 23:30:01 --> Undefined variable: totalTime
#0 D:\Coding\Xampp\htdocs\Codeigniter\system\Debug\Toolbar\Views\toolbar.tpl.php(56): CodeIgniter\Debug\Exceptions->errorHandler(8, 'Undefined varia...', 'D:\\Coding\\Xampp...', 56, Array)
#1 D:\Coding\Xampp\htdocs\Codeigniter\system\Debug\Toolbar.php(498): include('D:\\Coding\\Xampp...')
#2 D:\Coding\Xampp\htdocs\Codeigniter\system\Debug\Toolbar.php(455): CodeIgniter\Debug\Toolbar->format(Array, 'html')
#3 D:\Coding\Xampp\htdocs\Codeigniter\app\Config\Events.php(50): CodeIgniter\Debug\Toolbar->respond()
#4 [internal function]: CodeIgniter\Events\Events::Config\{closure}()
#5 D:\Coding\Xampp\htdocs\Codeigniter\system\Events\Events.php(188): call_user_func(Object(Closure))
#6 D:\Coding\Xampp\htdocs\Codeigniter\system\CodeIgniter.php(293): CodeIgniter\Events\Events::trigger('pre_system')
#7 D:\Coding\Xampp\htdocs\Codeigniter\index.php(46): CodeIgniter\CodeIgniter->run()
#8 {main}
CRITICAL - 2020-08-06 23:30:11 --> Undefined variable: totalTime
#0 D:\Coding\Xampp\htdocs\Codeigniter\system\Debug\Toolbar\Views\toolbar.tpl.php(56): CodeIgniter\Debug\Exceptions->errorHandler(8, 'Undefined varia...', 'D:\\Coding\\Xampp...', 56, Array)
#1 D:\Coding\Xampp\htdocs\Codeigniter\system\Debug\Toolbar.php(498): include('D:\\Coding\\Xampp...')
#2 D:\Coding\Xampp\htdocs\Codeigniter\system\Debug\Toolbar.php(455): CodeIgniter\Debug\Toolbar->format(Array, 'html')
#3 D:\Coding\Xampp\htdocs\Codeigniter\app\Config\Events.php(50): CodeIgniter\Debug\Toolbar->respond()
#4 [internal function]: CodeIgniter\Events\Events::Config\{closure}()
#5 D:\Coding\Xampp\htdocs\Codeigniter\system\Events\Events.php(188): call_user_func(Object(Closure))
#6 D:\Coding\Xampp\htdocs\Codeigniter\system\CodeIgniter.php(293): CodeIgniter\Events\Events::trigger('pre_system')
#7 D:\Coding\Xampp\htdocs\Codeigniter\index.php(46): CodeIgniter\CodeIgniter->run()
#8 {main}
