CRITICAL - 2020-07-23 18:43:19 --> Call to undefined method App\models\Cate_Model::getResult
#0 D:\Coding\Xampp\htdocs\Codeigniter\app\Controllers\CateController.php(23): CodeIgniter\Model->__call('getResult', Array)
#1 D:\Coding\Xampp\htdocs\Codeigniter\system\CodeIgniter.php(918): App\Controllers\CateController->getAdd()
#2 D:\Coding\Xampp\htdocs\Codeigniter\system\CodeIgniter.php(404): CodeIgniter\CodeIgniter->runController(Object(App\Controllers\CateController))
#3 D:\Coding\Xampp\htdocs\Codeigniter\system\CodeIgniter.php(312): CodeIgniter\CodeIgniter->handleRequest(NULL, Object(Config\Cache), false)
#4 D:\Coding\Xampp\htdocs\Codeigniter\index.php(46): CodeIgniter\CodeIgniter->run()
#5 {main}
CRITICAL - 2020-07-23 18:43:57 --> Unknown column 'cate.deleted_at' in 'where clause'
#0 D:\Coding\Xampp\htdocs\Codeigniter\system\Database\MySQLi\Connection.php(331): mysqli->query('SELECT *\nFROM `...')
#1 D:\Coding\Xampp\htdocs\Codeigniter\system\Database\BaseConnection.php(741): CodeIgniter\Database\MySQLi\Connection->execute('SELECT *\nFROM `...')
#2 D:\Coding\Xampp\htdocs\Codeigniter\system\Database\BaseConnection.php(669): CodeIgniter\Database\BaseConnection->simpleQuery('SELECT *\nFROM `...')
#3 D:\Coding\Xampp\htdocs\Codeigniter\system\Database\BaseBuilder.php(1860): CodeIgniter\Database\BaseConnection->query('SELECT *\nFROM `...', Array, false)
#4 D:\Coding\Xampp\htdocs\Codeigniter\system\Model.php(462): CodeIgniter\Database\BaseBuilder->get()
#5 D:\Coding\Xampp\htdocs\Codeigniter\app\Controllers\CateController.php(23): CodeIgniter\Model->findAll()
#6 D:\Coding\Xampp\htdocs\Codeigniter\system\CodeIgniter.php(918): App\Controllers\CateController->getAdd()
#7 D:\Coding\Xampp\htdocs\Codeigniter\system\CodeIgniter.php(404): CodeIgniter\CodeIgniter->runController(Object(App\Controllers\CateController))
#8 D:\Coding\Xampp\htdocs\Codeigniter\system\CodeIgniter.php(312): CodeIgniter\CodeIgniter->handleRequest(NULL, Object(Config\Cache), false)
#9 D:\Coding\Xampp\htdocs\Codeigniter\index.php(46): CodeIgniter\CodeIgniter->run()
#10 {main}
CRITICAL - 2020-07-23 19:12:22 --> Cannot redeclare App\Controllers\CateController::getAdd()
#0 [internal function]: CodeIgniter\Debug\Exceptions->shutdownHandler()
#1 {main}
CRITICAL - 2020-07-23 19:12:33 --> Cannot redeclare App\Controllers\CateController::getAdd()
#0 [internal function]: CodeIgniter\Debug\Exceptions->shutdownHandler()
#1 {main}
CRITICAL - 2020-07-23 19:15:12 --> Unknown column 'cate.deleted_at' in 'where clause'
#0 D:\Coding\Xampp\htdocs\Codeigniter\system\Database\MySQLi\Connection.php(331): mysqli->query('SELECT *\nFROM `...')
#1 D:\Coding\Xampp\htdocs\Codeigniter\system\Database\BaseConnection.php(741): CodeIgniter\Database\MySQLi\Connection->execute('SELECT *\nFROM `...')
#2 D:\Coding\Xampp\htdocs\Codeigniter\system\Database\BaseConnection.php(669): CodeIgniter\Database\BaseConnection->simpleQuery('SELECT *\nFROM `...')
#3 D:\Coding\Xampp\htdocs\Codeigniter\system\Database\BaseBuilder.php(1860): CodeIgniter\Database\BaseConnection->query('SELECT *\nFROM `...', Array, false)
#4 D:\Coding\Xampp\htdocs\Codeigniter\system\Model.php(398): CodeIgniter\Database\BaseBuilder->get()
#5 D:\Coding\Xampp\htdocs\Codeigniter\app\Controllers\CateController.php(75): CodeIgniter\Model->find('$id')
#6 D:\Coding\Xampp\htdocs\Codeigniter\system\CodeIgniter.php(918): App\Controllers\CateController->getEdit('$id')
#7 D:\Coding\Xampp\htdocs\Codeigniter\system\CodeIgniter.php(404): CodeIgniter\CodeIgniter->runController(Object(App\Controllers\CateController))
#8 D:\Coding\Xampp\htdocs\Codeigniter\system\CodeIgniter.php(312): CodeIgniter\CodeIgniter->handleRequest(NULL, Object(Config\Cache), false)
#9 D:\Coding\Xampp\htdocs\Codeigniter\index.php(46): CodeIgniter\CodeIgniter->run()
#10 {main}
CRITICAL - 2020-07-23 19:16:50 --> Unknown column 'cate.deleted_at' in 'where clause'
#0 D:\Coding\Xampp\htdocs\Codeigniter\system\Database\MySQLi\Connection.php(331): mysqli->query('SELECT *\nFROM `...')
#1 D:\Coding\Xampp\htdocs\Codeigniter\system\Database\BaseConnection.php(741): CodeIgniter\Database\MySQLi\Connection->execute('SELECT *\nFROM `...')
#2 D:\Coding\Xampp\htdocs\Codeigniter\system\Database\BaseConnection.php(669): CodeIgniter\Database\BaseConnection->simpleQuery('SELECT *\nFROM `...')
#3 D:\Coding\Xampp\htdocs\Codeigniter\system\Database\BaseBuilder.php(1860): CodeIgniter\Database\BaseConnection->query('SELECT *\nFROM `...', Array, false)
#4 D:\Coding\Xampp\htdocs\Codeigniter\system\Model.php(398): CodeIgniter\Database\BaseBuilder->get()
#5 D:\Coding\Xampp\htdocs\Codeigniter\app\Controllers\CateController.php(75): CodeIgniter\Model->find('$id')
#6 D:\Coding\Xampp\htdocs\Codeigniter\system\CodeIgniter.php(918): App\Controllers\CateController->getEdit('$id')
#7 D:\Coding\Xampp\htdocs\Codeigniter\system\CodeIgniter.php(404): CodeIgniter\CodeIgniter->runController(Object(App\Controllers\CateController))
#8 D:\Coding\Xampp\htdocs\Codeigniter\system\CodeIgniter.php(312): CodeIgniter\CodeIgniter->handleRequest(NULL, Object(Config\Cache), false)
#9 D:\Coding\Xampp\htdocs\Codeigniter\index.php(46): CodeIgniter\CodeIgniter->run()
#10 {main}
CRITICAL - 2020-07-23 19:17:05 --> Unknown column 'cate.deleted_at' in 'where clause'
#0 D:\Coding\Xampp\htdocs\Codeigniter\system\Database\MySQLi\Connection.php(331): mysqli->query('SELECT *\nFROM `...')
#1 D:\Coding\Xampp\htdocs\Codeigniter\system\Database\BaseConnection.php(741): CodeIgniter\Database\MySQLi\Connection->execute('SELECT *\nFROM `...')
#2 D:\Coding\Xampp\htdocs\Codeigniter\system\Database\BaseConnection.php(669): CodeIgniter\Database\BaseConnection->simpleQuery('SELECT *\nFROM `...')
#3 D:\Coding\Xampp\htdocs\Codeigniter\system\Database\BaseBuilder.php(1860): CodeIgniter\Database\BaseConnection->query('SELECT *\nFROM `...', Array, false)
#4 D:\Coding\Xampp\htdocs\Codeigniter\system\Model.php(398): CodeIgniter\Database\BaseBuilder->get()
#5 D:\Coding\Xampp\htdocs\Codeigniter\app\Controllers\CateController.php(75): CodeIgniter\Model->find('$id')
#6 D:\Coding\Xampp\htdocs\Codeigniter\system\CodeIgniter.php(918): App\Controllers\CateController->getEdit('$id')
#7 D:\Coding\Xampp\htdocs\Codeigniter\system\CodeIgniter.php(404): CodeIgniter\CodeIgniter->runController(Object(App\Controllers\CateController))
#8 D:\Coding\Xampp\htdocs\Codeigniter\system\CodeIgniter.php(312): CodeIgniter\CodeIgniter->handleRequest(NULL, Object(Config\Cache), false)
#9 D:\Coding\Xampp\htdocs\Codeigniter\index.php(46): CodeIgniter\CodeIgniter->run()
#10 {main}
CRITICAL - 2020-07-23 19:17:11 --> Unknown column 'cate.deleted_at' in 'where clause'
#0 D:\Coding\Xampp\htdocs\Codeigniter\system\Database\MySQLi\Connection.php(331): mysqli->query('SELECT *\nFROM `...')
#1 D:\Coding\Xampp\htdocs\Codeigniter\system\Database\BaseConnection.php(741): CodeIgniter\Database\MySQLi\Connection->execute('SELECT *\nFROM `...')
#2 D:\Coding\Xampp\htdocs\Codeigniter\system\Database\BaseConnection.php(669): CodeIgniter\Database\BaseConnection->simpleQuery('SELECT *\nFROM `...')
#3 D:\Coding\Xampp\htdocs\Codeigniter\system\Database\BaseBuilder.php(1860): CodeIgniter\Database\BaseConnection->query('SELECT *\nFROM `...', Array, false)
#4 D:\Coding\Xampp\htdocs\Codeigniter\system\Model.php(398): CodeIgniter\Database\BaseBuilder->get()
#5 D:\Coding\Xampp\htdocs\Codeigniter\app\Controllers\CateController.php(75): CodeIgniter\Model->find('$id')
#6 D:\Coding\Xampp\htdocs\Codeigniter\system\CodeIgniter.php(918): App\Controllers\CateController->getEdit('$id')
#7 D:\Coding\Xampp\htdocs\Codeigniter\system\CodeIgniter.php(404): CodeIgniter\CodeIgniter->runController(Object(App\Controllers\CateController))
#8 D:\Coding\Xampp\htdocs\Codeigniter\system\CodeIgniter.php(312): CodeIgniter\CodeIgniter->handleRequest(NULL, Object(Config\Cache), false)
#9 D:\Coding\Xampp\htdocs\Codeigniter\index.php(46): CodeIgniter\CodeIgniter->run()
#10 {main}
CRITICAL - 2020-07-23 19:19:35 --> Unknown column 'cate.deleted_at' in 'where clause'
#0 D:\Coding\Xampp\htdocs\Codeigniter\system\Database\MySQLi\Connection.php(331): mysqli->query('SELECT *\nFROM `...')
#1 D:\Coding\Xampp\htdocs\Codeigniter\system\Database\BaseConnection.php(741): CodeIgniter\Database\MySQLi\Connection->execute('SELECT *\nFROM `...')
#2 D:\Coding\Xampp\htdocs\Codeigniter\system\Database\BaseConnection.php(669): CodeIgniter\Database\BaseConnection->simpleQuery('SELECT *\nFROM `...')
#3 D:\Coding\Xampp\htdocs\Codeigniter\system\Database\BaseBuilder.php(1860): CodeIgniter\Database\BaseConnection->query('SELECT *\nFROM `...', Array, false)
#4 D:\Coding\Xampp\htdocs\Codeigniter\system\Model.php(398): CodeIgniter\Database\BaseBuilder->get()
#5 D:\Coding\Xampp\htdocs\Codeigniter\app\Controllers\CateController.php(75): CodeIgniter\Model->find('4')
#6 D:\Coding\Xampp\htdocs\Codeigniter\system\CodeIgniter.php(918): App\Controllers\CateController->getEdit('4')
#7 D:\Coding\Xampp\htdocs\Codeigniter\system\CodeIgniter.php(404): CodeIgniter\CodeIgniter->runController(Object(App\Controllers\CateController))
#8 D:\Coding\Xampp\htdocs\Codeigniter\system\CodeIgniter.php(312): CodeIgniter\CodeIgniter->handleRequest(NULL, Object(Config\Cache), false)
#9 D:\Coding\Xampp\htdocs\Codeigniter\index.php(46): CodeIgniter\CodeIgniter->run()
#10 {main}
CRITICAL - 2020-07-23 19:20:06 --> Unknown column 'cate.deleted_at' in 'where clause'
#0 D:\Coding\Xampp\htdocs\Codeigniter\system\Database\MySQLi\Connection.php(331): mysqli->query('SELECT *\nFROM `...')
#1 D:\Coding\Xampp\htdocs\Codeigniter\system\Database\BaseConnection.php(741): CodeIgniter\Database\MySQLi\Connection->execute('SELECT *\nFROM `...')
#2 D:\Coding\Xampp\htdocs\Codeigniter\system\Database\BaseConnection.php(669): CodeIgniter\Database\BaseConnection->simpleQuery('SELECT *\nFROM `...')
#3 D:\Coding\Xampp\htdocs\Codeigniter\system\Database\BaseBuilder.php(1860): CodeIgniter\Database\BaseConnection->query('SELECT *\nFROM `...', Array, false)
#4 D:\Coding\Xampp\htdocs\Codeigniter\system\Model.php(398): CodeIgniter\Database\BaseBuilder->get()
#5 D:\Coding\Xampp\htdocs\Codeigniter\app\Controllers\CateController.php(75): CodeIgniter\Model->find('4')
#6 D:\Coding\Xampp\htdocs\Codeigniter\system\CodeIgniter.php(918): App\Controllers\CateController->getEdit('4')
#7 D:\Coding\Xampp\htdocs\Codeigniter\system\CodeIgniter.php(404): CodeIgniter\CodeIgniter->runController(Object(App\Controllers\CateController))
#8 D:\Coding\Xampp\htdocs\Codeigniter\system\CodeIgniter.php(312): CodeIgniter\CodeIgniter->handleRequest(NULL, Object(Config\Cache), false)
#9 D:\Coding\Xampp\htdocs\Codeigniter\index.php(46): CodeIgniter\CodeIgniter->run()
#10 {main}
CRITICAL - 2020-07-23 19:20:50 --> Unknown column 'cate.deleted_at' in 'where clause'
#0 D:\Coding\Xampp\htdocs\Codeigniter\system\Database\MySQLi\Connection.php(331): mysqli->query('SELECT *\nFROM `...')
#1 D:\Coding\Xampp\htdocs\Codeigniter\system\Database\BaseConnection.php(741): CodeIgniter\Database\MySQLi\Connection->execute('SELECT *\nFROM `...')
#2 D:\Coding\Xampp\htdocs\Codeigniter\system\Database\BaseConnection.php(669): CodeIgniter\Database\BaseConnection->simpleQuery('SELECT *\nFROM `...')
#3 D:\Coding\Xampp\htdocs\Codeigniter\system\Database\BaseBuilder.php(1860): CodeIgniter\Database\BaseConnection->query('SELECT *\nFROM `...', Array, false)
#4 D:\Coding\Xampp\htdocs\Codeigniter\system\Model.php(398): CodeIgniter\Database\BaseBuilder->get()
#5 D:\Coding\Xampp\htdocs\Codeigniter\app\Controllers\CateController.php(75): CodeIgniter\Model->find('4')
#6 D:\Coding\Xampp\htdocs\Codeigniter\system\CodeIgniter.php(918): App\Controllers\CateController->getEdit('4')
#7 D:\Coding\Xampp\htdocs\Codeigniter\system\CodeIgniter.php(404): CodeIgniter\CodeIgniter->runController(Object(App\Controllers\CateController))
#8 D:\Coding\Xampp\htdocs\Codeigniter\system\CodeIgniter.php(312): CodeIgniter\CodeIgniter->handleRequest(NULL, Object(Config\Cache), false)
#9 D:\Coding\Xampp\htdocs\Codeigniter\index.php(46): CodeIgniter\CodeIgniter->run()
#10 {main}
CRITICAL - 2020-07-23 19:21:12 --> Unknown column 'cate.deleted_at' in 'where clause'
#0 D:\Coding\Xampp\htdocs\Codeigniter\system\Database\MySQLi\Connection.php(331): mysqli->query('SELECT *\nFROM `...')
#1 D:\Coding\Xampp\htdocs\Codeigniter\system\Database\BaseConnection.php(741): CodeIgniter\Database\MySQLi\Connection->execute('SELECT *\nFROM `...')
#2 D:\Coding\Xampp\htdocs\Codeigniter\system\Database\BaseConnection.php(669): CodeIgniter\Database\BaseConnection->simpleQuery('SELECT *\nFROM `...')
#3 D:\Coding\Xampp\htdocs\Codeigniter\system\Database\BaseBuilder.php(1860): CodeIgniter\Database\BaseConnection->query('SELECT *\nFROM `...', Array, false)
#4 D:\Coding\Xampp\htdocs\Codeigniter\system\Model.php(398): CodeIgniter\Database\BaseBuilder->get()
#5 D:\Coding\Xampp\htdocs\Codeigniter\app\Controllers\CateController.php(75): CodeIgniter\Model->find('4')
#6 D:\Coding\Xampp\htdocs\Codeigniter\system\CodeIgniter.php(918): App\Controllers\CateController->getEdit('4')
#7 D:\Coding\Xampp\htdocs\Codeigniter\system\CodeIgniter.php(404): CodeIgniter\CodeIgniter->runController(Object(App\Controllers\CateController))
#8 D:\Coding\Xampp\htdocs\Codeigniter\system\CodeIgniter.php(312): CodeIgniter\CodeIgniter->handleRequest(NULL, Object(Config\Cache), false)
#9 D:\Coding\Xampp\htdocs\Codeigniter\index.php(46): CodeIgniter\CodeIgniter->run()
#10 {main}
CRITICAL - 2020-07-23 19:22:18 --> Unknown column 'cate.deleted_at' in 'where clause'
#0 D:\Coding\Xampp\htdocs\Codeigniter\system\Database\MySQLi\Connection.php(331): mysqli->query('SELECT *\nFROM `...')
#1 D:\Coding\Xampp\htdocs\Codeigniter\system\Database\BaseConnection.php(741): CodeIgniter\Database\MySQLi\Connection->execute('SELECT *\nFROM `...')
#2 D:\Coding\Xampp\htdocs\Codeigniter\system\Database\BaseConnection.php(669): CodeIgniter\Database\BaseConnection->simpleQuery('SELECT *\nFROM `...')
#3 D:\Coding\Xampp\htdocs\Codeigniter\system\Database\BaseBuilder.php(1860): CodeIgniter\Database\BaseConnection->query('SELECT *\nFROM `...', Array, false)
#4 D:\Coding\Xampp\htdocs\Codeigniter\system\Model.php(398): CodeIgniter\Database\BaseBuilder->get()
#5 D:\Coding\Xampp\htdocs\Codeigniter\app\Controllers\CateController.php(75): CodeIgniter\Model->find('4')
#6 D:\Coding\Xampp\htdocs\Codeigniter\system\CodeIgniter.php(918): App\Controllers\CateController->getEdit('4')
#7 D:\Coding\Xampp\htdocs\Codeigniter\system\CodeIgniter.php(404): CodeIgniter\CodeIgniter->runController(Object(App\Controllers\CateController))
#8 D:\Coding\Xampp\htdocs\Codeigniter\system\CodeIgniter.php(312): CodeIgniter\CodeIgniter->handleRequest(NULL, Object(Config\Cache), false)
#9 D:\Coding\Xampp\htdocs\Codeigniter\index.php(46): CodeIgniter\CodeIgniter->run()
#10 {main}
CRITICAL - 2020-07-23 19:30:27 --> syntax error, unexpected 'foreach' (T_FOREACH)
#0 D:\Coding\Xampp\htdocs\Codeigniter\system\Common.php(1119): CodeIgniter\View\View->render('admin/cate/cate', Array, true)
#1 D:\Coding\Xampp\htdocs\Codeigniter\app\Controllers\CateController.php(19): view('admin/cate/cate', Array)
#2 D:\Coding\Xampp\htdocs\Codeigniter\system\CodeIgniter.php(918): App\Controllers\CateController->index()
#3 D:\Coding\Xampp\htdocs\Codeigniter\system\CodeIgniter.php(404): CodeIgniter\CodeIgniter->runController(Object(App\Controllers\CateController))
#4 D:\Coding\Xampp\htdocs\Codeigniter\system\CodeIgniter.php(312): CodeIgniter\CodeIgniter->handleRequest(NULL, Object(Config\Cache), false)
#5 D:\Coding\Xampp\htdocs\Codeigniter\index.php(46): CodeIgniter\CodeIgniter->run()
#6 {main}
CRITICAL - 2020-07-23 19:43:23 --> Trying to get property 'cate_name' of non-object
#0 D:\Coding\Xampp\htdocs\Codeigniter\app\Views\admin\cate\edit.php(45): CodeIgniter\Debug\Exceptions->errorHandler(8, 'Trying to get p...', 'D:\\Coding\\Xampp...', 45, Array)
#1 D:\Coding\Xampp\htdocs\Codeigniter\system\View\View.php(246): include('D:\\Coding\\Xampp...')
#2 D:\Coding\Xampp\htdocs\Codeigniter\system\Common.php(1119): CodeIgniter\View\View->render('admin/cate/edit', Array, true)
#3 D:\Coding\Xampp\htdocs\Codeigniter\app\Controllers\CateController.php(82): view('admin/cate/edit', Array)
#4 D:\Coding\Xampp\htdocs\Codeigniter\system\CodeIgniter.php(918): App\Controllers\CateController->getEdit('3')
#5 D:\Coding\Xampp\htdocs\Codeigniter\system\CodeIgniter.php(404): CodeIgniter\CodeIgniter->runController(Object(App\Controllers\CateController))
#6 D:\Coding\Xampp\htdocs\Codeigniter\system\CodeIgniter.php(312): CodeIgniter\CodeIgniter->handleRequest(NULL, Object(Config\Cache), false)
#7 D:\Coding\Xampp\htdocs\Codeigniter\index.php(46): CodeIgniter\CodeIgniter->run()
#8 {main}
CRITICAL - 2020-07-23 19:43:37 --> Undefined index: cate_name
#0 D:\Coding\Xampp\htdocs\Codeigniter\app\Views\admin\cate\edit.php(45): CodeIgniter\Debug\Exceptions->errorHandler(8, 'Undefined index...', 'D:\\Coding\\Xampp...', 45, Array)
#1 D:\Coding\Xampp\htdocs\Codeigniter\system\View\View.php(246): include('D:\\Coding\\Xampp...')
#2 D:\Coding\Xampp\htdocs\Codeigniter\system\Common.php(1119): CodeIgniter\View\View->render('admin/cate/edit', Array, true)
#3 D:\Coding\Xampp\htdocs\Codeigniter\app\Controllers\CateController.php(82): view('admin/cate/edit', Array)
#4 D:\Coding\Xampp\htdocs\Codeigniter\system\CodeIgniter.php(918): App\Controllers\CateController->getEdit('3')
#5 D:\Coding\Xampp\htdocs\Codeigniter\system\CodeIgniter.php(404): CodeIgniter\CodeIgniter->runController(Object(App\Controllers\CateController))
#6 D:\Coding\Xampp\htdocs\Codeigniter\system\CodeIgniter.php(312): CodeIgniter\CodeIgniter->handleRequest(NULL, Object(Config\Cache), false)
#7 D:\Coding\Xampp\htdocs\Codeigniter\index.php(46): CodeIgniter\CodeIgniter->run()
#8 {main}
CRITICAL - 2020-07-23 19:51:28 --> Undefined index: cate_name
#0 D:\Coding\Xampp\htdocs\Codeigniter\app\Views\admin\cate\edit.php(45): CodeIgniter\Debug\Exceptions->errorHandler(8, 'Undefined index...', 'D:\\Coding\\Xampp...', 45, Array)
#1 D:\Coding\Xampp\htdocs\Codeigniter\system\View\View.php(246): include('D:\\Coding\\Xampp...')
#2 D:\Coding\Xampp\htdocs\Codeigniter\system\Common.php(1119): CodeIgniter\View\View->render('admin/cate/edit', Array, true)
#3 D:\Coding\Xampp\htdocs\Codeigniter\app\Controllers\CateController.php(82): view('admin/cate/edit', Array)
#4 D:\Coding\Xampp\htdocs\Codeigniter\system\CodeIgniter.php(918): App\Controllers\CateController->getEdit('3')
#5 D:\Coding\Xampp\htdocs\Codeigniter\system\CodeIgniter.php(404): CodeIgniter\CodeIgniter->runController(Object(App\Controllers\CateController))
#6 D:\Coding\Xampp\htdocs\Codeigniter\system\CodeIgniter.php(312): CodeIgniter\CodeIgniter->handleRequest(NULL, Object(Config\Cache), false)
#7 D:\Coding\Xampp\htdocs\Codeigniter\index.php(46): CodeIgniter\CodeIgniter->run()
#8 {main}
CRITICAL - 2020-07-23 19:55:17 --> Undefined index: cate_name
#0 D:\Coding\Xampp\htdocs\Codeigniter\app\Views\admin\cate\edit.php(45): CodeIgniter\Debug\Exceptions->errorHandler(8, 'Undefined index...', 'D:\\Coding\\Xampp...', 45, Array)
#1 D:\Coding\Xampp\htdocs\Codeigniter\system\View\View.php(246): include('D:\\Coding\\Xampp...')
#2 D:\Coding\Xampp\htdocs\Codeigniter\system\Common.php(1119): CodeIgniter\View\View->render('admin/cate/edit', Array, true)
#3 D:\Coding\Xampp\htdocs\Codeigniter\app\Controllers\CateController.php(82): view('admin/cate/edit', Array)
#4 D:\Coding\Xampp\htdocs\Codeigniter\system\CodeIgniter.php(918): App\Controllers\CateController->getEdit('1')
#5 D:\Coding\Xampp\htdocs\Codeigniter\system\CodeIgniter.php(404): CodeIgniter\CodeIgniter->runController(Object(App\Controllers\CateController))
#6 D:\Coding\Xampp\htdocs\Codeigniter\system\CodeIgniter.php(312): CodeIgniter\CodeIgniter->handleRequest(NULL, Object(Config\Cache), false)
#7 D:\Coding\Xampp\htdocs\Codeigniter\index.php(46): CodeIgniter\CodeIgniter->run()
#8 {main}
CRITICAL - 2020-07-23 19:55:47 --> Undefined index: cate_name
#0 D:\Coding\Xampp\htdocs\Codeigniter\app\Views\admin\cate\edit.php(45): CodeIgniter\Debug\Exceptions->errorHandler(8, 'Undefined index...', 'D:\\Coding\\Xampp...', 45, Array)
#1 D:\Coding\Xampp\htdocs\Codeigniter\system\View\View.php(246): include('D:\\Coding\\Xampp...')
#2 D:\Coding\Xampp\htdocs\Codeigniter\system\Common.php(1119): CodeIgniter\View\View->render('admin/cate/edit', Array, true)
#3 D:\Coding\Xampp\htdocs\Codeigniter\app\Controllers\CateController.php(82): view('admin/cate/edit', Array)
#4 D:\Coding\Xampp\htdocs\Codeigniter\system\CodeIgniter.php(918): App\Controllers\CateController->getEdit('1')
#5 D:\Coding\Xampp\htdocs\Codeigniter\system\CodeIgniter.php(404): CodeIgniter\CodeIgniter->runController(Object(App\Controllers\CateController))
#6 D:\Coding\Xampp\htdocs\Codeigniter\system\CodeIgniter.php(312): CodeIgniter\CodeIgniter->handleRequest(NULL, Object(Config\Cache), false)
#7 D:\Coding\Xampp\htdocs\Codeigniter\index.php(46): CodeIgniter\CodeIgniter->run()
#8 {main}
CRITICAL - 2020-07-23 19:56:32 --> Call to undefined method CodeIgniter\Database\MySQLi\Result::result_array()
#0 D:\Coding\Xampp\htdocs\Codeigniter\system\CodeIgniter.php(918): App\Controllers\CateController->getEdit('1')
#1 D:\Coding\Xampp\htdocs\Codeigniter\system\CodeIgniter.php(404): CodeIgniter\CodeIgniter->runController(Object(App\Controllers\CateController))
#2 D:\Coding\Xampp\htdocs\Codeigniter\system\CodeIgniter.php(312): CodeIgniter\CodeIgniter->handleRequest(NULL, Object(Config\Cache), false)
#3 D:\Coding\Xampp\htdocs\Codeigniter\index.php(46): CodeIgniter\CodeIgniter->run()
#4 {main}
CRITICAL - 2020-07-23 19:57:10 --> Unknown column 'cate.deleted_at' in 'where clause'
#0 D:\Coding\Xampp\htdocs\Codeigniter\system\Database\MySQLi\Connection.php(331): mysqli->query('SELECT *\nFROM `...')
#1 D:\Coding\Xampp\htdocs\Codeigniter\system\Database\BaseConnection.php(741): CodeIgniter\Database\MySQLi\Connection->execute('SELECT *\nFROM `...')
#2 D:\Coding\Xampp\htdocs\Codeigniter\system\Database\BaseConnection.php(669): CodeIgniter\Database\BaseConnection->simpleQuery('SELECT *\nFROM `...')
#3 D:\Coding\Xampp\htdocs\Codeigniter\system\Database\BaseBuilder.php(1860): CodeIgniter\Database\BaseConnection->query('SELECT *\nFROM `...', Array, false)
#4 D:\Coding\Xampp\htdocs\Codeigniter\system\Model.php(506): CodeIgniter\Database\BaseBuilder->get()
#5 D:\Coding\Xampp\htdocs\Codeigniter\app\Controllers\CateController.php(79): CodeIgniter\Model->first()
#6 D:\Coding\Xampp\htdocs\Codeigniter\system\CodeIgniter.php(918): App\Controllers\CateController->getEdit('1')
#7 D:\Coding\Xampp\htdocs\Codeigniter\system\CodeIgniter.php(404): CodeIgniter\CodeIgniter->runController(Object(App\Controllers\CateController))
#8 D:\Coding\Xampp\htdocs\Codeigniter\system\CodeIgniter.php(312): CodeIgniter\CodeIgniter->handleRequest(NULL, Object(Config\Cache), false)
#9 D:\Coding\Xampp\htdocs\Codeigniter\index.php(46): CodeIgniter\CodeIgniter->run()
#10 {main}
CRITICAL - 2020-07-23 19:57:20 --> Call to undefined method App\models\Cate_Model::getResultArray
#0 D:\Coding\Xampp\htdocs\Codeigniter\app\Controllers\CateController.php(79): CodeIgniter\Model->__call('getResultArray', Array)
#1 D:\Coding\Xampp\htdocs\Codeigniter\system\CodeIgniter.php(918): App\Controllers\CateController->getEdit('1')
#2 D:\Coding\Xampp\htdocs\Codeigniter\system\CodeIgniter.php(404): CodeIgniter\CodeIgniter->runController(Object(App\Controllers\CateController))
#3 D:\Coding\Xampp\htdocs\Codeigniter\system\CodeIgniter.php(312): CodeIgniter\CodeIgniter->handleRequest(NULL, Object(Config\Cache), false)
#4 D:\Coding\Xampp\htdocs\Codeigniter\index.php(46): CodeIgniter\CodeIgniter->run()
#5 {main}
CRITICAL - 2020-07-23 19:57:36 --> Undefined index: cate_name
#0 D:\Coding\Xampp\htdocs\Codeigniter\app\Views\admin\cate\edit.php(45): CodeIgniter\Debug\Exceptions->errorHandler(8, 'Undefined index...', 'D:\\Coding\\Xampp...', 45, Array)
#1 D:\Coding\Xampp\htdocs\Codeigniter\system\View\View.php(246): include('D:\\Coding\\Xampp...')
#2 D:\Coding\Xampp\htdocs\Codeigniter\system\Common.php(1119): CodeIgniter\View\View->render('admin/cate/edit', Array, true)
#3 D:\Coding\Xampp\htdocs\Codeigniter\app\Controllers\CateController.php(82): view('admin/cate/edit', Array)
#4 D:\Coding\Xampp\htdocs\Codeigniter\system\CodeIgniter.php(918): App\Controllers\CateController->getEdit('1')
#5 D:\Coding\Xampp\htdocs\Codeigniter\system\CodeIgniter.php(404): CodeIgniter\CodeIgniter->runController(Object(App\Controllers\CateController))
#6 D:\Coding\Xampp\htdocs\Codeigniter\system\CodeIgniter.php(312): CodeIgniter\CodeIgniter->handleRequest(NULL, Object(Config\Cache), false)
#7 D:\Coding\Xampp\htdocs\Codeigniter\index.php(46): CodeIgniter\CodeIgniter->run()
#8 {main}
CRITICAL - 2020-07-23 19:57:53 --> Undefined variable: row
#0 D:\Coding\Xampp\htdocs\Codeigniter\app\Views\admin\cate\edit.php(60): CodeIgniter\Debug\Exceptions->errorHandler(8, 'Undefined varia...', 'D:\\Coding\\Xampp...', 60, Array)
#1 D:\Coding\Xampp\htdocs\Codeigniter\system\View\View.php(246): include('D:\\Coding\\Xampp...')
#2 D:\Coding\Xampp\htdocs\Codeigniter\system\Common.php(1119): CodeIgniter\View\View->render('admin/cate/edit', Array, true)
#3 D:\Coding\Xampp\htdocs\Codeigniter\app\Controllers\CateController.php(82): view('admin/cate/edit', Array)
#4 D:\Coding\Xampp\htdocs\Codeigniter\system\CodeIgniter.php(918): App\Controllers\CateController->getEdit('1')
#5 D:\Coding\Xampp\htdocs\Codeigniter\system\CodeIgniter.php(404): CodeIgniter\CodeIgniter->runController(Object(App\Controllers\CateController))
#6 D:\Coding\Xampp\htdocs\Codeigniter\system\CodeIgniter.php(312): CodeIgniter\CodeIgniter->handleRequest(NULL, Object(Config\Cache), false)
#7 D:\Coding\Xampp\htdocs\Codeigniter\index.php(46): CodeIgniter\CodeIgniter->run()
#8 {main}
CRITICAL - 2020-07-23 19:58:03 --> syntax error, unexpected '?>'
#0 D:\Coding\Xampp\htdocs\Codeigniter\system\Common.php(1119): CodeIgniter\View\View->render('admin/cate/edit', Array, true)
#1 D:\Coding\Xampp\htdocs\Codeigniter\app\Controllers\CateController.php(82): view('admin/cate/edit', Array)
#2 D:\Coding\Xampp\htdocs\Codeigniter\system\CodeIgniter.php(918): App\Controllers\CateController->getEdit('1')
#3 D:\Coding\Xampp\htdocs\Codeigniter\system\CodeIgniter.php(404): CodeIgniter\CodeIgniter->runController(Object(App\Controllers\CateController))
#4 D:\Coding\Xampp\htdocs\Codeigniter\system\CodeIgniter.php(312): CodeIgniter\CodeIgniter->handleRequest(NULL, Object(Config\Cache), false)
#5 D:\Coding\Xampp\htdocs\Codeigniter\index.php(46): CodeIgniter\CodeIgniter->run()
#6 {main}
CRITICAL - 2020-07-23 19:59:00 --> Cannot use object of type stdClass as array
#0 D:\Coding\Xampp\htdocs\Codeigniter\system\View\View.php(246): include()
#1 D:\Coding\Xampp\htdocs\Codeigniter\system\Common.php(1119): CodeIgniter\View\View->render('admin/cate/edit', Array, true)
#2 D:\Coding\Xampp\htdocs\Codeigniter\app\Controllers\CateController.php(82): view('admin/cate/edit', Array)
#3 D:\Coding\Xampp\htdocs\Codeigniter\system\CodeIgniter.php(918): App\Controllers\CateController->getEdit('1')
#4 D:\Coding\Xampp\htdocs\Codeigniter\system\CodeIgniter.php(404): CodeIgniter\CodeIgniter->runController(Object(App\Controllers\CateController))
#5 D:\Coding\Xampp\htdocs\Codeigniter\system\CodeIgniter.php(312): CodeIgniter\CodeIgniter->handleRequest(NULL, Object(Config\Cache), false)
#6 D:\Coding\Xampp\htdocs\Codeigniter\index.php(46): CodeIgniter\CodeIgniter->run()
#7 {main}
CRITICAL - 2020-07-23 19:59:12 --> Cannot use object of type stdClass as array
#0 D:\Coding\Xampp\htdocs\Codeigniter\system\View\View.php(246): include()
#1 D:\Coding\Xampp\htdocs\Codeigniter\system\Common.php(1119): CodeIgniter\View\View->render('admin/cate/edit', Array, true)
#2 D:\Coding\Xampp\htdocs\Codeigniter\app\Controllers\CateController.php(82): view('admin/cate/edit', Array)
#3 D:\Coding\Xampp\htdocs\Codeigniter\system\CodeIgniter.php(918): App\Controllers\CateController->getEdit('1')
#4 D:\Coding\Xampp\htdocs\Codeigniter\system\CodeIgniter.php(404): CodeIgniter\CodeIgniter->runController(Object(App\Controllers\CateController))
#5 D:\Coding\Xampp\htdocs\Codeigniter\system\CodeIgniter.php(312): CodeIgniter\CodeIgniter->handleRequest(NULL, Object(Config\Cache), false)
#6 D:\Coding\Xampp\htdocs\Codeigniter\index.php(46): CodeIgniter\CodeIgniter->run()
#7 {main}
CRITICAL - 2020-07-23 20:00:50 --> syntax error, unexpected 'echo' (T_ECHO)
#0 D:\Coding\Xampp\htdocs\Codeigniter\system\Common.php(1119): CodeIgniter\View\View->render('admin/cate/edit', Array, true)
#1 D:\Coding\Xampp\htdocs\Codeigniter\app\Controllers\CateController.php(85): view('admin/cate/edit', Array)
#2 D:\Coding\Xampp\htdocs\Codeigniter\system\CodeIgniter.php(918): App\Controllers\CateController->getEdit('1')
#3 D:\Coding\Xampp\htdocs\Codeigniter\system\CodeIgniter.php(404): CodeIgniter\CodeIgniter->runController(Object(App\Controllers\CateController))
#4 D:\Coding\Xampp\htdocs\Codeigniter\system\CodeIgniter.php(312): CodeIgniter\CodeIgniter->handleRequest(NULL, Object(Config\Cache), false)
#5 D:\Coding\Xampp\htdocs\Codeigniter\index.php(46): CodeIgniter\CodeIgniter->run()
#6 {main}
CRITICAL - 2020-07-23 20:02:28 --> syntax error, unexpected 'if' (T_IF)
#0 D:\Coding\Xampp\htdocs\Codeigniter\system\Common.php(1119): CodeIgniter\View\View->render('admin/cate/edit', Array, true)
#1 D:\Coding\Xampp\htdocs\Codeigniter\app\Controllers\CateController.php(85): view('admin/cate/edit', Array)
#2 D:\Coding\Xampp\htdocs\Codeigniter\system\CodeIgniter.php(918): App\Controllers\CateController->getEdit('1')
#3 D:\Coding\Xampp\htdocs\Codeigniter\system\CodeIgniter.php(404): CodeIgniter\CodeIgniter->runController(Object(App\Controllers\CateController))
#4 D:\Coding\Xampp\htdocs\Codeigniter\system\CodeIgniter.php(312): CodeIgniter\CodeIgniter->handleRequest(NULL, Object(Config\Cache), false)
#5 D:\Coding\Xampp\htdocs\Codeigniter\index.php(46): CodeIgniter\CodeIgniter->run()
#6 {main}
CRITICAL - 2020-07-23 20:36:15 --> Argument 1 passed to CodeIgniter\Model::doProtectFields() must be of the type array, string given, called in D:\Coding\Xampp\htdocs\Codeigniter\system\Model.php on line 870
#0 D:\Coding\Xampp\htdocs\Codeigniter\system\Model.php(870): CodeIgniter\Model->doProtectFields('1')
#1 D:\Coding\Xampp\htdocs\Codeigniter\app\Controllers\CateController.php(122): CodeIgniter\Model->update(Array, '1')
#2 D:\Coding\Xampp\htdocs\Codeigniter\system\CodeIgniter.php(918): App\Controllers\CateController->postEdit('1')
#3 D:\Coding\Xampp\htdocs\Codeigniter\system\CodeIgniter.php(404): CodeIgniter\CodeIgniter->runController(Object(App\Controllers\CateController))
#4 D:\Coding\Xampp\htdocs\Codeigniter\system\CodeIgniter.php(312): CodeIgniter\CodeIgniter->handleRequest(NULL, Object(Config\Cache), false)
#5 D:\Coding\Xampp\htdocs\Codeigniter\index.php(46): CodeIgniter\CodeIgniter->run()
#6 {main}
CRITICAL - 2020-07-23 20:37:29 --> Undefined variable: data
#0 D:\Coding\Xampp\htdocs\Codeigniter\app\Controllers\CateController.php(104): CodeIgniter\Debug\Exceptions->errorHandler(8, 'Undefined varia...', 'D:\\Coding\\Xampp...', 104, Array)
#1 D:\Coding\Xampp\htdocs\Codeigniter\system\CodeIgniter.php(918): App\Controllers\CateController->postEdit('1')
#2 D:\Coding\Xampp\htdocs\Codeigniter\system\CodeIgniter.php(404): CodeIgniter\CodeIgniter->runController(Object(App\Controllers\CateController))
#3 D:\Coding\Xampp\htdocs\Codeigniter\system\CodeIgniter.php(312): CodeIgniter\CodeIgniter->handleRequest(NULL, Object(Config\Cache), false)
#4 D:\Coding\Xampp\htdocs\Codeigniter\index.php(46): CodeIgniter\CodeIgniter->run()
#5 {main}
CRITICAL - 2020-07-23 20:39:03 --> Argument 1 passed to CodeIgniter\Model::doProtectFields() must be of the type array, string given, called in D:\Coding\Xampp\htdocs\Codeigniter\system\Model.php on line 870
#0 D:\Coding\Xampp\htdocs\Codeigniter\system\Model.php(870): CodeIgniter\Model->doProtectFields('1')
#1 D:\Coding\Xampp\htdocs\Codeigniter\app\Controllers\CateController.php(122): CodeIgniter\Model->update(Array, '1')
#2 D:\Coding\Xampp\htdocs\Codeigniter\system\CodeIgniter.php(918): App\Controllers\CateController->postEdit('1')
#3 D:\Coding\Xampp\htdocs\Codeigniter\system\CodeIgniter.php(404): CodeIgniter\CodeIgniter->runController(Object(App\Controllers\CateController))
#4 D:\Coding\Xampp\htdocs\Codeigniter\system\CodeIgniter.php(312): CodeIgniter\CodeIgniter->handleRequest(NULL, Object(Config\Cache), false)
#5 D:\Coding\Xampp\htdocs\Codeigniter\index.php(46): CodeIgniter\CodeIgniter->run()
#6 {main}
CRITICAL - 2020-07-23 20:47:49 --> Unknown column 'deleted_at' in 'field list'
#0 D:\Coding\Xampp\htdocs\Codeigniter\system\Database\MySQLi\Connection.php(331): mysqli->query('UPDATE `cate` S...')
#1 D:\Coding\Xampp\htdocs\Codeigniter\system\Database\BaseConnection.php(741): CodeIgniter\Database\MySQLi\Connection->execute('UPDATE `cate` S...')
#2 D:\Coding\Xampp\htdocs\Codeigniter\system\Database\BaseConnection.php(669): CodeIgniter\Database\BaseConnection->simpleQuery('UPDATE `cate` S...')
#3 D:\Coding\Xampp\htdocs\Codeigniter\system\Database\BaseBuilder.php(2456): CodeIgniter\Database\BaseConnection->query('UPDATE `cate` S...', Array, false)
#4 D:\Coding\Xampp\htdocs\Codeigniter\system\Model.php(973): CodeIgniter\Database\BaseBuilder->update(Array)
#5 D:\Coding\Xampp\htdocs\Codeigniter\app\Controllers\CateController.php(132): CodeIgniter\Model->delete(Array)
#6 D:\Coding\Xampp\htdocs\Codeigniter\system\CodeIgniter.php(918): App\Controllers\CateController->delete('100')
#7 D:\Coding\Xampp\htdocs\Codeigniter\system\CodeIgniter.php(404): CodeIgniter\CodeIgniter->runController(Object(App\Controllers\CateController))
#8 D:\Coding\Xampp\htdocs\Codeigniter\system\CodeIgniter.php(312): CodeIgniter\CodeIgniter->handleRequest(NULL, Object(Config\Cache), false)
#9 D:\Coding\Xampp\htdocs\Codeigniter\index.php(46): CodeIgniter\CodeIgniter->run()
#10 {main}
CRITICAL - 2020-07-23 20:49:31 --> Unknown column 'deleted_at' in 'field list'
#0 D:\Coding\Xampp\htdocs\Codeigniter\system\Database\MySQLi\Connection.php(331): mysqli->query('UPDATE `cate` S...')
#1 D:\Coding\Xampp\htdocs\Codeigniter\system\Database\BaseConnection.php(741): CodeIgniter\Database\MySQLi\Connection->execute('UPDATE `cate` S...')
#2 D:\Coding\Xampp\htdocs\Codeigniter\system\Database\BaseConnection.php(669): CodeIgniter\Database\BaseConnection->simpleQuery('UPDATE `cate` S...')
#3 D:\Coding\Xampp\htdocs\Codeigniter\system\Database\BaseBuilder.php(2456): CodeIgniter\Database\BaseConnection->query('UPDATE `cate` S...', Array, false)
#4 D:\Coding\Xampp\htdocs\Codeigniter\system\Model.php(973): CodeIgniter\Database\BaseBuilder->update(Array)
#5 D:\Coding\Xampp\htdocs\Codeigniter\app\Controllers\CateController.php(132): CodeIgniter\Model->delete(Array)
#6 D:\Coding\Xampp\htdocs\Codeigniter\system\CodeIgniter.php(918): App\Controllers\CateController->delete('100')
#7 D:\Coding\Xampp\htdocs\Codeigniter\system\CodeIgniter.php(404): CodeIgniter\CodeIgniter->runController(Object(App\Controllers\CateController))
#8 D:\Coding\Xampp\htdocs\Codeigniter\system\CodeIgniter.php(312): CodeIgniter\CodeIgniter->handleRequest(NULL, Object(Config\Cache), false)
#9 D:\Coding\Xampp\htdocs\Codeigniter\index.php(46): CodeIgniter\CodeIgniter->run()
#10 {main}
CRITICAL - 2020-07-23 20:50:14 --> Unknown column 'deleted_at' in 'field list'
#0 D:\Coding\Xampp\htdocs\Codeigniter\system\Database\MySQLi\Connection.php(331): mysqli->query('UPDATE `cate` S...')
#1 D:\Coding\Xampp\htdocs\Codeigniter\system\Database\BaseConnection.php(741): CodeIgniter\Database\MySQLi\Connection->execute('UPDATE `cate` S...')
#2 D:\Coding\Xampp\htdocs\Codeigniter\system\Database\BaseConnection.php(669): CodeIgniter\Database\BaseConnection->simpleQuery('UPDATE `cate` S...')
#3 D:\Coding\Xampp\htdocs\Codeigniter\system\Database\BaseBuilder.php(2456): CodeIgniter\Database\BaseConnection->query('UPDATE `cate` S...', Array, false)
#4 D:\Coding\Xampp\htdocs\Codeigniter\system\Model.php(973): CodeIgniter\Database\BaseBuilder->update(Array)
#5 D:\Coding\Xampp\htdocs\Codeigniter\app\Controllers\CateController.php(132): CodeIgniter\Model->delete(Array)
#6 D:\Coding\Xampp\htdocs\Codeigniter\system\CodeIgniter.php(918): App\Controllers\CateController->delete('100')
#7 D:\Coding\Xampp\htdocs\Codeigniter\system\CodeIgniter.php(404): CodeIgniter\CodeIgniter->runController(Object(App\Controllers\CateController))
#8 D:\Coding\Xampp\htdocs\Codeigniter\system\CodeIgniter.php(312): CodeIgniter\CodeIgniter->handleRequest(NULL, Object(Config\Cache), false)
#9 D:\Coding\Xampp\htdocs\Codeigniter\index.php(46): CodeIgniter\CodeIgniter->run()
#10 {main}
CRITICAL - 2020-07-23 20:50:15 --> Unknown column 'deleted_at' in 'field list'
#0 D:\Coding\Xampp\htdocs\Codeigniter\system\Database\MySQLi\Connection.php(331): mysqli->query('UPDATE `cate` S...')
#1 D:\Coding\Xampp\htdocs\Codeigniter\system\Database\BaseConnection.php(741): CodeIgniter\Database\MySQLi\Connection->execute('UPDATE `cate` S...')
#2 D:\Coding\Xampp\htdocs\Codeigniter\system\Database\BaseConnection.php(669): CodeIgniter\Database\BaseConnection->simpleQuery('UPDATE `cate` S...')
#3 D:\Coding\Xampp\htdocs\Codeigniter\system\Database\BaseBuilder.php(2456): CodeIgniter\Database\BaseConnection->query('UPDATE `cate` S...', Array, false)
#4 D:\Coding\Xampp\htdocs\Codeigniter\system\Model.php(973): CodeIgniter\Database\BaseBuilder->update(Array)
#5 D:\Coding\Xampp\htdocs\Codeigniter\app\Controllers\CateController.php(132): CodeIgniter\Model->delete(Array)
#6 D:\Coding\Xampp\htdocs\Codeigniter\system\CodeIgniter.php(918): App\Controllers\CateController->delete('100')
#7 D:\Coding\Xampp\htdocs\Codeigniter\system\CodeIgniter.php(404): CodeIgniter\CodeIgniter->runController(Object(App\Controllers\CateController))
#8 D:\Coding\Xampp\htdocs\Codeigniter\system\CodeIgniter.php(312): CodeIgniter\CodeIgniter->handleRequest(NULL, Object(Config\Cache), false)
#9 D:\Coding\Xampp\htdocs\Codeigniter\index.php(46): CodeIgniter\CodeIgniter->run()
#10 {main}
CRITICAL - 2020-07-23 20:51:59 --> Unknown column 'deleted_at' in 'field list'
#0 D:\Coding\Xampp\htdocs\Codeigniter\system\Database\MySQLi\Connection.php(331): mysqli->query('UPDATE `cate` S...')
#1 D:\Coding\Xampp\htdocs\Codeigniter\system\Database\BaseConnection.php(741): CodeIgniter\Database\MySQLi\Connection->execute('UPDATE `cate` S...')
#2 D:\Coding\Xampp\htdocs\Codeigniter\system\Database\BaseConnection.php(669): CodeIgniter\Database\BaseConnection->simpleQuery('UPDATE `cate` S...')
#3 D:\Coding\Xampp\htdocs\Codeigniter\system\Database\BaseBuilder.php(2456): CodeIgniter\Database\BaseConnection->query('UPDATE `cate` S...', Array, false)
#4 D:\Coding\Xampp\htdocs\Codeigniter\system\Model.php(973): CodeIgniter\Database\BaseBuilder->update(Array)
#5 D:\Coding\Xampp\htdocs\Codeigniter\app\Controllers\CateController.php(132): CodeIgniter\Model->delete(Array)
#6 D:\Coding\Xampp\htdocs\Codeigniter\system\CodeIgniter.php(918): App\Controllers\CateController->delete('100')
#7 D:\Coding\Xampp\htdocs\Codeigniter\system\CodeIgniter.php(404): CodeIgniter\CodeIgniter->runController(Object(App\Controllers\CateController))
#8 D:\Coding\Xampp\htdocs\Codeigniter\system\CodeIgniter.php(312): CodeIgniter\CodeIgniter->handleRequest(NULL, Object(Config\Cache), false)
#9 D:\Coding\Xampp\htdocs\Codeigniter\index.php(46): CodeIgniter\CodeIgniter->run()
#10 {main}
CRITICAL - 2020-07-23 20:53:14 --> Unknown column 'cate.deleted_at' in 'where clause'
#0 D:\Coding\Xampp\htdocs\Codeigniter\system\Database\MySQLi\Connection.php(331): mysqli->query('UPDATE `cate` S...')
#1 D:\Coding\Xampp\htdocs\Codeigniter\system\Database\BaseConnection.php(741): CodeIgniter\Database\MySQLi\Connection->execute('UPDATE `cate` S...')
#2 D:\Coding\Xampp\htdocs\Codeigniter\system\Database\BaseConnection.php(669): CodeIgniter\Database\BaseConnection->simpleQuery('UPDATE `cate` S...')
#3 D:\Coding\Xampp\htdocs\Codeigniter\system\Database\BaseBuilder.php(2456): CodeIgniter\Database\BaseConnection->query('UPDATE `cate` S...', Array, false)
#4 D:\Coding\Xampp\htdocs\Codeigniter\system\Model.php(973): CodeIgniter\Database\BaseBuilder->update(Array)
#5 D:\Coding\Xampp\htdocs\Codeigniter\app\Controllers\CateController.php(133): CodeIgniter\Model->delete(Array)
#6 D:\Coding\Xampp\htdocs\Codeigniter\system\CodeIgniter.php(918): App\Controllers\CateController->delete('100')
#7 D:\Coding\Xampp\htdocs\Codeigniter\system\CodeIgniter.php(404): CodeIgniter\CodeIgniter->runController(Object(App\Controllers\CateController))
#8 D:\Coding\Xampp\htdocs\Codeigniter\system\CodeIgniter.php(312): CodeIgniter\CodeIgniter->handleRequest(NULL, Object(Config\Cache), false)
#9 D:\Coding\Xampp\htdocs\Codeigniter\index.php(46): CodeIgniter\CodeIgniter->run()
#10 {main}
CRITICAL - 2020-07-23 20:54:48 --> Unknown column 'id' in 'where clause'
#0 D:\Coding\Xampp\htdocs\Codeigniter\system\Database\MySQLi\Connection.php(331): mysqli->query('UPDATE `cate` S...')
#1 D:\Coding\Xampp\htdocs\Codeigniter\system\Database\BaseConnection.php(741): CodeIgniter\Database\MySQLi\Connection->execute('UPDATE `cate` S...')
#2 D:\Coding\Xampp\htdocs\Codeigniter\system\Database\BaseConnection.php(669): CodeIgniter\Database\BaseConnection->simpleQuery('UPDATE `cate` S...')
#3 D:\Coding\Xampp\htdocs\Codeigniter\system\Database\BaseBuilder.php(2456): CodeIgniter\Database\BaseConnection->query('UPDATE `cate` S...', Array, false)
#4 D:\Coding\Xampp\htdocs\Codeigniter\system\Model.php(973): CodeIgniter\Database\BaseBuilder->update(Array)
#5 D:\Coding\Xampp\htdocs\Codeigniter\app\Controllers\CateController.php(133): CodeIgniter\Model->delete()
#6 D:\Coding\Xampp\htdocs\Codeigniter\system\CodeIgniter.php(918): App\Controllers\CateController->delete('100')
#7 D:\Coding\Xampp\htdocs\Codeigniter\system\CodeIgniter.php(404): CodeIgniter\CodeIgniter->runController(Object(App\Controllers\CateController))
#8 D:\Coding\Xampp\htdocs\Codeigniter\system\CodeIgniter.php(312): CodeIgniter\CodeIgniter->handleRequest(NULL, Object(Config\Cache), false)
#9 D:\Coding\Xampp\htdocs\Codeigniter\index.php(46): CodeIgniter\CodeIgniter->run()
#10 {main}
CRITICAL - 2020-07-23 20:55:02 --> Unknown column 'deleted_at' in 'field list'
#0 D:\Coding\Xampp\htdocs\Codeigniter\system\Database\MySQLi\Connection.php(331): mysqli->query('UPDATE `cate` S...')
#1 D:\Coding\Xampp\htdocs\Codeigniter\system\Database\BaseConnection.php(741): CodeIgniter\Database\MySQLi\Connection->execute('UPDATE `cate` S...')
#2 D:\Coding\Xampp\htdocs\Codeigniter\system\Database\BaseConnection.php(669): CodeIgniter\Database\BaseConnection->simpleQuery('UPDATE `cate` S...')
#3 D:\Coding\Xampp\htdocs\Codeigniter\system\Database\BaseBuilder.php(2456): CodeIgniter\Database\BaseConnection->query('UPDATE `cate` S...', Array, false)
#4 D:\Coding\Xampp\htdocs\Codeigniter\system\Model.php(973): CodeIgniter\Database\BaseBuilder->update(Array)
#5 D:\Coding\Xampp\htdocs\Codeigniter\app\Controllers\CateController.php(133): CodeIgniter\Model->delete()
#6 D:\Coding\Xampp\htdocs\Codeigniter\system\CodeIgniter.php(918): App\Controllers\CateController->delete('100')
#7 D:\Coding\Xampp\htdocs\Codeigniter\system\CodeIgniter.php(404): CodeIgniter\CodeIgniter->runController(Object(App\Controllers\CateController))
#8 D:\Coding\Xampp\htdocs\Codeigniter\system\CodeIgniter.php(312): CodeIgniter\CodeIgniter->handleRequest(NULL, Object(Config\Cache), false)
#9 D:\Coding\Xampp\htdocs\Codeigniter\index.php(46): CodeIgniter\CodeIgniter->run()
#10 {main}
CRITICAL - 2020-07-23 20:55:28 --> Unknown column 'deleted_at' in 'field list'
#0 D:\Coding\Xampp\htdocs\Codeigniter\system\Database\MySQLi\Connection.php(331): mysqli->query('UPDATE `cate` S...')
#1 D:\Coding\Xampp\htdocs\Codeigniter\system\Database\BaseConnection.php(741): CodeIgniter\Database\MySQLi\Connection->execute('UPDATE `cate` S...')
#2 D:\Coding\Xampp\htdocs\Codeigniter\system\Database\BaseConnection.php(669): CodeIgniter\Database\BaseConnection->simpleQuery('UPDATE `cate` S...')
#3 D:\Coding\Xampp\htdocs\Codeigniter\system\Database\BaseBuilder.php(2456): CodeIgniter\Database\BaseConnection->query('UPDATE `cate` S...', Array, false)
#4 D:\Coding\Xampp\htdocs\Codeigniter\system\Model.php(973): CodeIgniter\Database\BaseBuilder->update(Array)
#5 D:\Coding\Xampp\htdocs\Codeigniter\app\Controllers\CateController.php(133): CodeIgniter\Model->delete()
#6 D:\Coding\Xampp\htdocs\Codeigniter\system\CodeIgniter.php(918): App\Controllers\CateController->delete('100')
#7 D:\Coding\Xampp\htdocs\Codeigniter\system\CodeIgniter.php(404): CodeIgniter\CodeIgniter->runController(Object(App\Controllers\CateController))
#8 D:\Coding\Xampp\htdocs\Codeigniter\system\CodeIgniter.php(312): CodeIgniter\CodeIgniter->handleRequest(NULL, Object(Config\Cache), false)
#9 D:\Coding\Xampp\htdocs\Codeigniter\index.php(46): CodeIgniter\CodeIgniter->run()
#10 {main}
CRITICAL - 2020-07-23 20:55:30 --> Unknown column 'deleted_at' in 'field list'
#0 D:\Coding\Xampp\htdocs\Codeigniter\system\Database\MySQLi\Connection.php(331): mysqli->query('UPDATE `cate` S...')
#1 D:\Coding\Xampp\htdocs\Codeigniter\system\Database\BaseConnection.php(741): CodeIgniter\Database\MySQLi\Connection->execute('UPDATE `cate` S...')
#2 D:\Coding\Xampp\htdocs\Codeigniter\system\Database\BaseConnection.php(669): CodeIgniter\Database\BaseConnection->simpleQuery('UPDATE `cate` S...')
#3 D:\Coding\Xampp\htdocs\Codeigniter\system\Database\BaseBuilder.php(2456): CodeIgniter\Database\BaseConnection->query('UPDATE `cate` S...', Array, false)
#4 D:\Coding\Xampp\htdocs\Codeigniter\system\Model.php(973): CodeIgniter\Database\BaseBuilder->update(Array)
#5 D:\Coding\Xampp\htdocs\Codeigniter\app\Controllers\CateController.php(133): CodeIgniter\Model->delete()
#6 D:\Coding\Xampp\htdocs\Codeigniter\system\CodeIgniter.php(918): App\Controllers\CateController->delete('100')
#7 D:\Coding\Xampp\htdocs\Codeigniter\system\CodeIgniter.php(404): CodeIgniter\CodeIgniter->runController(Object(App\Controllers\CateController))
#8 D:\Coding\Xampp\htdocs\Codeigniter\system\CodeIgniter.php(312): CodeIgniter\CodeIgniter->handleRequest(NULL, Object(Config\Cache), false)
#9 D:\Coding\Xampp\htdocs\Codeigniter\index.php(46): CodeIgniter\CodeIgniter->run()
#10 {main}
CRITICAL - 2020-07-23 20:55:42 --> Unknown column 'deleted_at' in 'field list'
#0 D:\Coding\Xampp\htdocs\Codeigniter\system\Database\MySQLi\Connection.php(331): mysqli->query('UPDATE `cate` S...')
#1 D:\Coding\Xampp\htdocs\Codeigniter\system\Database\BaseConnection.php(741): CodeIgniter\Database\MySQLi\Connection->execute('UPDATE `cate` S...')
#2 D:\Coding\Xampp\htdocs\Codeigniter\system\Database\BaseConnection.php(669): CodeIgniter\Database\BaseConnection->simpleQuery('UPDATE `cate` S...')
#3 D:\Coding\Xampp\htdocs\Codeigniter\system\Database\BaseBuilder.php(2456): CodeIgniter\Database\BaseConnection->query('UPDATE `cate` S...', Array, false)
#4 D:\Coding\Xampp\htdocs\Codeigniter\system\Model.php(973): CodeIgniter\Database\BaseBuilder->update(Array)
#5 D:\Coding\Xampp\htdocs\Codeigniter\app\Controllers\CateController.php(133): CodeIgniter\Model->delete()
#6 D:\Coding\Xampp\htdocs\Codeigniter\system\CodeIgniter.php(918): App\Controllers\CateController->delete('100')
#7 D:\Coding\Xampp\htdocs\Codeigniter\system\CodeIgniter.php(404): CodeIgniter\CodeIgniter->runController(Object(App\Controllers\CateController))
#8 D:\Coding\Xampp\htdocs\Codeigniter\system\CodeIgniter.php(312): CodeIgniter\CodeIgniter->handleRequest(NULL, Object(Config\Cache), false)
#9 D:\Coding\Xampp\htdocs\Codeigniter\index.php(46): CodeIgniter\CodeIgniter->run()
#10 {main}
CRITICAL - 2020-07-23 20:55:43 --> Unknown column 'deleted_at' in 'field list'
#0 D:\Coding\Xampp\htdocs\Codeigniter\system\Database\MySQLi\Connection.php(331): mysqli->query('UPDATE `cate` S...')
#1 D:\Coding\Xampp\htdocs\Codeigniter\system\Database\BaseConnection.php(741): CodeIgniter\Database\MySQLi\Connection->execute('UPDATE `cate` S...')
#2 D:\Coding\Xampp\htdocs\Codeigniter\system\Database\BaseConnection.php(669): CodeIgniter\Database\BaseConnection->simpleQuery('UPDATE `cate` S...')
#3 D:\Coding\Xampp\htdocs\Codeigniter\system\Database\BaseBuilder.php(2456): CodeIgniter\Database\BaseConnection->query('UPDATE `cate` S...', Array, false)
#4 D:\Coding\Xampp\htdocs\Codeigniter\system\Model.php(973): CodeIgniter\Database\BaseBuilder->update(Array)
#5 D:\Coding\Xampp\htdocs\Codeigniter\app\Controllers\CateController.php(133): CodeIgniter\Model->delete()
#6 D:\Coding\Xampp\htdocs\Codeigniter\system\CodeIgniter.php(918): App\Controllers\CateController->delete('100')
#7 D:\Coding\Xampp\htdocs\Codeigniter\system\CodeIgniter.php(404): CodeIgniter\CodeIgniter->runController(Object(App\Controllers\CateController))
#8 D:\Coding\Xampp\htdocs\Codeigniter\system\CodeIgniter.php(312): CodeIgniter\CodeIgniter->handleRequest(NULL, Object(Config\Cache), false)
#9 D:\Coding\Xampp\htdocs\Codeigniter\index.php(46): CodeIgniter\CodeIgniter->run()
#10 {main}
CRITICAL - 2020-07-23 20:55:45 --> Unknown column 'deleted_at' in 'field list'
#0 D:\Coding\Xampp\htdocs\Codeigniter\system\Database\MySQLi\Connection.php(331): mysqli->query('UPDATE `cate` S...')
#1 D:\Coding\Xampp\htdocs\Codeigniter\system\Database\BaseConnection.php(741): CodeIgniter\Database\MySQLi\Connection->execute('UPDATE `cate` S...')
#2 D:\Coding\Xampp\htdocs\Codeigniter\system\Database\BaseConnection.php(669): CodeIgniter\Database\BaseConnection->simpleQuery('UPDATE `cate` S...')
#3 D:\Coding\Xampp\htdocs\Codeigniter\system\Database\BaseBuilder.php(2456): CodeIgniter\Database\BaseConnection->query('UPDATE `cate` S...', Array, false)
#4 D:\Coding\Xampp\htdocs\Codeigniter\system\Model.php(973): CodeIgniter\Database\BaseBuilder->update(Array)
#5 D:\Coding\Xampp\htdocs\Codeigniter\app\Controllers\CateController.php(133): CodeIgniter\Model->delete()
#6 D:\Coding\Xampp\htdocs\Codeigniter\system\CodeIgniter.php(918): App\Controllers\CateController->delete('1')
#7 D:\Coding\Xampp\htdocs\Codeigniter\system\CodeIgniter.php(404): CodeIgniter\CodeIgniter->runController(Object(App\Controllers\CateController))
#8 D:\Coding\Xampp\htdocs\Codeigniter\system\CodeIgniter.php(312): CodeIgniter\CodeIgniter->handleRequest(NULL, Object(Config\Cache), false)
#9 D:\Coding\Xampp\htdocs\Codeigniter\index.php(46): CodeIgniter\CodeIgniter->run()
#10 {main}
CRITICAL - 2020-07-23 22:09:44 --> syntax error, unexpected '$data' (T_VARIABLE)
#0 D:\Coding\Xampp\htdocs\Codeigniter\system\Autoloader\Autoloader.php(296): CodeIgniter\Autoloader\Autoloader->requireFile('D:\\Coding\\Xampp...')
#1 D:\Coding\Xampp\htdocs\Codeigniter\system\Autoloader\Autoloader.php(258): CodeIgniter\Autoloader\Autoloader->loadInNamespace('App\\Controllers...')
#2 [internal function]: CodeIgniter\Autoloader\Autoloader->loadClass('App\\Controllers...')
#3 [internal function]: spl_autoload_call('App\\Controllers...')
#4 D:\Coding\Xampp\htdocs\Codeigniter\system\CodeIgniter.php(869): class_exists('\\App\\Controller...', true)
#5 D:\Coding\Xampp\htdocs\Codeigniter\system\CodeIgniter.php(394): CodeIgniter\CodeIgniter->startController()
#6 D:\Coding\Xampp\htdocs\Codeigniter\system\CodeIgniter.php(312): CodeIgniter\CodeIgniter->handleRequest(NULL, Object(Config\Cache), false)
#7 D:\Coding\Xampp\htdocs\Codeigniter\index.php(46): CodeIgniter\CodeIgniter->run()
#8 {main}
CRITICAL - 2020-07-23 22:12:15 --> Undefined index: session
#0 D:\Coding\Xampp\htdocs\Codeigniter\app\Controllers\CateController.php(72): CodeIgniter\Debug\Exceptions->errorHandler(8, 'Undefined index...', 'D:\\Coding\\Xampp...', 72, Array)
#1 D:\Coding\Xampp\htdocs\Codeigniter\system\CodeIgniter.php(918): App\Controllers\CateController->postAdd()
#2 D:\Coding\Xampp\htdocs\Codeigniter\system\CodeIgniter.php(404): CodeIgniter\CodeIgniter->runController(Object(App\Controllers\CateController))
#3 D:\Coding\Xampp\htdocs\Codeigniter\system\CodeIgniter.php(312): CodeIgniter\CodeIgniter->handleRequest(NULL, Object(Config\Cache), false)
#4 D:\Coding\Xampp\htdocs\Codeigniter\index.php(46): CodeIgniter\CodeIgniter->run()
#5 {main}
