CRITICAL - 2020-07-27 17:52:48 --> Undefined variable: page_home
#0 D:\Coding\Xampp\htdocs\Codeigniter\app\Controllers\HomeController.php(13): CodeIgniter\Debug\Exceptions->errorHandler(8, 'Undefined varia...', 'D:\\Coding\\Xampp...', 13, Array)
#1 D:\Coding\Xampp\htdocs\Codeigniter\system\CodeIgniter.php(918): App\Controllers\HomeController->index()
#2 D:\Coding\Xampp\htdocs\Codeigniter\system\CodeIgniter.php(404): CodeIgniter\CodeIgniter->runController(Object(App\Controllers\HomeController))
#3 D:\Coding\Xampp\htdocs\Codeigniter\system\CodeIgniter.php(312): CodeIgniter\CodeIgniter->handleRequest(NULL, Object(Config\Cache), false)
#4 D:\Coding\Xampp\htdocs\Codeigniter\index.php(46): CodeIgniter\CodeIgniter->run()
#5 {main}
CRITICAL - 2020-07-27 17:53:58 --> Cannot use object of type stdClass as array
#0 D:\Coding\Xampp\htdocs\Codeigniter\system\View\View.php(246): include()
#1 D:\Coding\Xampp\htdocs\Codeigniter\system\Common.php(1119): CodeIgniter\View\View->render('site/home', Array, true)
#2 D:\Coding\Xampp\htdocs\Codeigniter\app\Controllers\HomeController.php(15): view('site/home', Array)
#3 D:\Coding\Xampp\htdocs\Codeigniter\system\CodeIgniter.php(918): App\Controllers\HomeController->index()
#4 D:\Coding\Xampp\htdocs\Codeigniter\system\CodeIgniter.php(404): CodeIgniter\CodeIgniter->runController(Object(App\Controllers\HomeController))
#5 D:\Coding\Xampp\htdocs\Codeigniter\system\CodeIgniter.php(312): CodeIgniter\CodeIgniter->handleRequest(NULL, Object(Config\Cache), false)
#6 D:\Coding\Xampp\htdocs\Codeigniter\index.php(46): CodeIgniter\CodeIgniter->run()
#7 {main}
CRITICAL - 2020-07-27 17:54:46 --> Undefined index: title
#0 D:\Coding\Xampp\htdocs\Codeigniter\app\Views\site\home.php(638): CodeIgniter\Debug\Exceptions->errorHandler(8, 'Undefined index...', 'D:\\Coding\\Xampp...', 638, Array)
#1 D:\Coding\Xampp\htdocs\Codeigniter\system\View\View.php(246): include('D:\\Coding\\Xampp...')
#2 D:\Coding\Xampp\htdocs\Codeigniter\system\Common.php(1119): CodeIgniter\View\View->render('site/home', Array, true)
#3 D:\Coding\Xampp\htdocs\Codeigniter\app\Controllers\HomeController.php(15): view('site/home', Array)
#4 D:\Coding\Xampp\htdocs\Codeigniter\system\CodeIgniter.php(918): App\Controllers\HomeController->index()
#5 D:\Coding\Xampp\htdocs\Codeigniter\system\CodeIgniter.php(404): CodeIgniter\CodeIgniter->runController(Object(App\Controllers\HomeController))
#6 D:\Coding\Xampp\htdocs\Codeigniter\system\CodeIgniter.php(312): CodeIgniter\CodeIgniter->handleRequest(NULL, Object(Config\Cache), false)
#7 D:\Coding\Xampp\htdocs\Codeigniter\index.php(46): CodeIgniter\CodeIgniter->run()
#8 {main}
CRITICAL - 2020-07-27 17:55:30 --> Undefined index: page_title
#0 D:\Coding\Xampp\htdocs\Codeigniter\app\Views\site\home.php(638): CodeIgniter\Debug\Exceptions->errorHandler(8, 'Undefined index...', 'D:\\Coding\\Xampp...', 638, Array)
#1 D:\Coding\Xampp\htdocs\Codeigniter\system\View\View.php(246): include('D:\\Coding\\Xampp...')
#2 D:\Coding\Xampp\htdocs\Codeigniter\system\Common.php(1119): CodeIgniter\View\View->render('site/home', Array, true)
#3 D:\Coding\Xampp\htdocs\Codeigniter\app\Controllers\HomeController.php(15): view('site/home', Array)
#4 D:\Coding\Xampp\htdocs\Codeigniter\system\CodeIgniter.php(918): App\Controllers\HomeController->index()
#5 D:\Coding\Xampp\htdocs\Codeigniter\system\CodeIgniter.php(404): CodeIgniter\CodeIgniter->runController(Object(App\Controllers\HomeController))
#6 D:\Coding\Xampp\htdocs\Codeigniter\system\CodeIgniter.php(312): CodeIgniter\CodeIgniter->handleRequest(NULL, Object(Config\Cache), false)
#7 D:\Coding\Xampp\htdocs\Codeigniter\index.php(46): CodeIgniter\CodeIgniter->run()
#8 {main}
CRITICAL - 2020-07-27 17:56:22 --> Cannot use object of type stdClass as array
#0 D:\Coding\Xampp\htdocs\Codeigniter\system\View\View.php(246): include()
#1 D:\Coding\Xampp\htdocs\Codeigniter\system\Common.php(1119): CodeIgniter\View\View->render('site/home', Array, true)
#2 D:\Coding\Xampp\htdocs\Codeigniter\app\Controllers\HomeController.php(15): view('site/home', Array)
#3 D:\Coding\Xampp\htdocs\Codeigniter\system\CodeIgniter.php(918): App\Controllers\HomeController->index()
#4 D:\Coding\Xampp\htdocs\Codeigniter\system\CodeIgniter.php(404): CodeIgniter\CodeIgniter->runController(Object(App\Controllers\HomeController))
#5 D:\Coding\Xampp\htdocs\Codeigniter\system\CodeIgniter.php(312): CodeIgniter\CodeIgniter->handleRequest(NULL, Object(Config\Cache), false)
#6 D:\Coding\Xampp\htdocs\Codeigniter\index.php(46): CodeIgniter\CodeIgniter->run()
#7 {main}
CRITICAL - 2020-07-27 20:52:30 --> Invalid file: url.php
#0 D:\Coding\Xampp\htdocs\Codeigniter\system\View\View.php(228): CodeIgniter\Exceptions\FrameworkException::forInvalidFile('url.php')
#1 D:\Coding\Xampp\htdocs\Codeigniter\app\Views\site\layout.php(29): CodeIgniter\View\View->render('url')
#2 D:\Coding\Xampp\htdocs\Codeigniter\system\View\View.php(246): include('D:\\Coding\\Xampp...')
#3 D:\Coding\Xampp\htdocs\Codeigniter\system\Common.php(1119): CodeIgniter\View\View->render('site/layout', Array, true)
#4 D:\Coding\Xampp\htdocs\Codeigniter\app\Controllers\BaseController.php(53): view('site/layout', Array)
#5 D:\Coding\Xampp\htdocs\Codeigniter\system\CodeIgniter.php(891): App\Controllers\BaseController->initController(Object(CodeIgniter\HTTP\IncomingRequest), Object(CodeIgniter\HTTP\Response), Object(CodeIgniter\Log\Logger))
#6 D:\Coding\Xampp\htdocs\Codeigniter\system\CodeIgniter.php(399): CodeIgniter\CodeIgniter->createController()
#7 D:\Coding\Xampp\htdocs\Codeigniter\system\CodeIgniter.php(312): CodeIgniter\CodeIgniter->handleRequest(NULL, Object(Config\Cache), false)
#8 D:\Coding\Xampp\htdocs\Codeigniter\index.php(46): CodeIgniter\CodeIgniter->run()
#9 {main}
CRITICAL - 2020-07-27 20:52:35 --> Invalid file: url.php
#0 D:\Coding\Xampp\htdocs\Codeigniter\system\View\View.php(228): CodeIgniter\Exceptions\FrameworkException::forInvalidFile('url.php')
#1 D:\Coding\Xampp\htdocs\Codeigniter\app\Views\site\layout.php(29): CodeIgniter\View\View->render('url')
#2 D:\Coding\Xampp\htdocs\Codeigniter\system\View\View.php(246): include('D:\\Coding\\Xampp...')
#3 D:\Coding\Xampp\htdocs\Codeigniter\system\Common.php(1119): CodeIgniter\View\View->render('site/layout', Array, true)
#4 D:\Coding\Xampp\htdocs\Codeigniter\app\Controllers\BaseController.php(53): view('site/layout', Array)
#5 D:\Coding\Xampp\htdocs\Codeigniter\system\CodeIgniter.php(891): App\Controllers\BaseController->initController(Object(CodeIgniter\HTTP\IncomingRequest), Object(CodeIgniter\HTTP\Response), Object(CodeIgniter\Log\Logger))
#6 D:\Coding\Xampp\htdocs\Codeigniter\system\CodeIgniter.php(399): CodeIgniter\CodeIgniter->createController()
#7 D:\Coding\Xampp\htdocs\Codeigniter\system\CodeIgniter.php(312): CodeIgniter\CodeIgniter->handleRequest(NULL, Object(Config\Cache), false)
#8 D:\Coding\Xampp\htdocs\Codeigniter\index.php(46): CodeIgniter\CodeIgniter->run()
#9 {main}
CRITICAL - 2020-07-27 20:57:09 --> Undefined variable: page_home
#0 D:\Coding\Xampp\htdocs\Codeigniter\app\Views\site\layout.php(24): CodeIgniter\Debug\Exceptions->errorHandler(8, 'Undefined varia...', 'D:\\Coding\\Xampp...', 24, Array)
#1 D:\Coding\Xampp\htdocs\Codeigniter\system\View\View.php(246): include('D:\\Coding\\Xampp...')
#2 D:\Coding\Xampp\htdocs\Codeigniter\system\Common.php(1119): CodeIgniter\View\View->render('site/layout', Array, true)
#3 D:\Coding\Xampp\htdocs\Codeigniter\app\Controllers\BaseController.php(53): view('site/layout', Array)
#4 D:\Coding\Xampp\htdocs\Codeigniter\system\CodeIgniter.php(891): App\Controllers\BaseController->initController(Object(CodeIgniter\HTTP\IncomingRequest), Object(CodeIgniter\HTTP\Response), Object(CodeIgniter\Log\Logger))
#5 D:\Coding\Xampp\htdocs\Codeigniter\system\CodeIgniter.php(399): CodeIgniter\CodeIgniter->createController()
#6 D:\Coding\Xampp\htdocs\Codeigniter\system\CodeIgniter.php(312): CodeIgniter\CodeIgniter->handleRequest(NULL, Object(Config\Cache), false)
#7 D:\Coding\Xampp\htdocs\Codeigniter\index.php(46): CodeIgniter\CodeIgniter->run()
#8 {main}
CRITICAL - 2020-07-27 21:05:36 --> Undefined variable: page_home
#0 D:\Coding\Xampp\htdocs\Codeigniter\app\Views\site\layout.php(24): CodeIgniter\Debug\Exceptions->errorHandler(8, 'Undefined varia...', 'D:\\Coding\\Xampp...', 24, Array)
#1 D:\Coding\Xampp\htdocs\Codeigniter\system\View\View.php(246): include('D:\\Coding\\Xampp...')
#2 D:\Coding\Xampp\htdocs\Codeigniter\system\Common.php(1119): CodeIgniter\View\View->render('site/layout', Array, true)
#3 D:\Coding\Xampp\htdocs\Codeigniter\app\Controllers\BaseController.php(53): view('site/layout', Array)
#4 D:\Coding\Xampp\htdocs\Codeigniter\system\CodeIgniter.php(891): App\Controllers\BaseController->initController(Object(CodeIgniter\HTTP\IncomingRequest), Object(CodeIgniter\HTTP\Response), Object(CodeIgniter\Log\Logger))
#5 D:\Coding\Xampp\htdocs\Codeigniter\system\CodeIgniter.php(399): CodeIgniter\CodeIgniter->createController()
#6 D:\Coding\Xampp\htdocs\Codeigniter\system\CodeIgniter.php(312): CodeIgniter\CodeIgniter->handleRequest(NULL, Object(Config\Cache), false)
#7 D:\Coding\Xampp\htdocs\Codeigniter\index.php(46): CodeIgniter\CodeIgniter->run()
#8 {main}
CRITICAL - 2020-07-27 21:07:22 --> syntax error, unexpected 'echo' (T_ECHO)
#0 D:\Coding\Xampp\htdocs\Codeigniter\system\Common.php(1119): CodeIgniter\View\View->render('site/home', Array, true)
#1 D:\Coding\Xampp\htdocs\Codeigniter\app\Controllers\HomeController.php(15): view('site/home', Array)
#2 D:\Coding\Xampp\htdocs\Codeigniter\system\CodeIgniter.php(918): App\Controllers\HomeController->index()
#3 D:\Coding\Xampp\htdocs\Codeigniter\system\CodeIgniter.php(404): CodeIgniter\CodeIgniter->runController(Object(App\Controllers\HomeController))
#4 D:\Coding\Xampp\htdocs\Codeigniter\system\CodeIgniter.php(312): CodeIgniter\CodeIgniter->handleRequest(NULL, Object(Config\Cache), false)
#5 D:\Coding\Xampp\htdocs\Codeigniter\index.php(46): CodeIgniter\CodeIgniter->run()
#6 {main}
CRITICAL - 2020-07-27 21:12:28 --> Undefined variable: page_home
#0 D:\Coding\Xampp\htdocs\Codeigniter\app\Views\site\meta.php(1): CodeIgniter\Debug\Exceptions->errorHandler(8, 'Undefined varia...', 'D:\\Coding\\Xampp...', 1, Array)
#1 D:\Coding\Xampp\htdocs\Codeigniter\system\View\View.php(246): include('D:\\Coding\\Xampp...')
#2 D:\Coding\Xampp\htdocs\Codeigniter\system\View\View.php(525): CodeIgniter\View\View->render('site/meta', NULL, true)
#3 D:\Coding\Xampp\htdocs\Codeigniter\app\Views\site\layout.php(93): CodeIgniter\View\View->include('site/meta')
#4 D:\Coding\Xampp\htdocs\Codeigniter\system\View\View.php(246): include('D:\\Coding\\Xampp...')
#5 D:\Coding\Xampp\htdocs\Codeigniter\system\Common.php(1119): CodeIgniter\View\View->render('site/layout', Array, true)
#6 D:\Coding\Xampp\htdocs\Codeigniter\app\Controllers\BaseController.php(53): view('site/layout', Array)
#7 D:\Coding\Xampp\htdocs\Codeigniter\system\CodeIgniter.php(891): App\Controllers\BaseController->initController(Object(CodeIgniter\HTTP\IncomingRequest), Object(CodeIgniter\HTTP\Response), Object(CodeIgniter\Log\Logger))
#8 D:\Coding\Xampp\htdocs\Codeigniter\system\CodeIgniter.php(399): CodeIgniter\CodeIgniter->createController()
#9 D:\Coding\Xampp\htdocs\Codeigniter\system\CodeIgniter.php(312): CodeIgniter\CodeIgniter->handleRequest(NULL, Object(Config\Cache), false)
#10 D:\Coding\Xampp\htdocs\Codeigniter\index.php(46): CodeIgniter\CodeIgniter->run()
#11 {main}
CRITICAL - 2020-07-27 21:16:42 --> Undefined variable: page_home
#0 D:\Coding\Xampp\htdocs\Codeigniter\app\Views\site\meta.php(1): CodeIgniter\Debug\Exceptions->errorHandler(8, 'Undefined varia...', 'D:\\Coding\\Xampp...', 1, Array)
#1 D:\Coding\Xampp\htdocs\Codeigniter\system\View\View.php(246): include('D:\\Coding\\Xampp...')
#2 D:\Coding\Xampp\htdocs\Codeigniter\system\View\View.php(525): CodeIgniter\View\View->render('site/meta', NULL, true)
#3 D:\Coding\Xampp\htdocs\Codeigniter\app\Views\site\layout.php(93): CodeIgniter\View\View->include('site/meta')
#4 D:\Coding\Xampp\htdocs\Codeigniter\system\View\View.php(246): include('D:\\Coding\\Xampp...')
#5 D:\Coding\Xampp\htdocs\Codeigniter\system\Common.php(1119): CodeIgniter\View\View->render('site/layout', Array, true)
#6 D:\Coding\Xampp\htdocs\Codeigniter\app\Controllers\BaseController.php(53): view('site/layout', Array)
#7 D:\Coding\Xampp\htdocs\Codeigniter\system\CodeIgniter.php(891): App\Controllers\BaseController->initController(Object(CodeIgniter\HTTP\IncomingRequest), Object(CodeIgniter\HTTP\Response), Object(CodeIgniter\Log\Logger))
#8 D:\Coding\Xampp\htdocs\Codeigniter\system\CodeIgniter.php(399): CodeIgniter\CodeIgniter->createController()
#9 D:\Coding\Xampp\htdocs\Codeigniter\system\CodeIgniter.php(312): CodeIgniter\CodeIgniter->handleRequest(NULL, Object(Config\Cache), false)
#10 D:\Coding\Xampp\htdocs\Codeigniter\index.php(46): CodeIgniter\CodeIgniter->run()
#11 {main}
CRITICAL - 2020-07-27 21:17:32 --> Undefined variable: page_home
#0 D:\Coding\Xampp\htdocs\Codeigniter\app\Views\site\meta.php(1): CodeIgniter\Debug\Exceptions->errorHandler(8, 'Undefined varia...', 'D:\\Coding\\Xampp...', 1, Array)
#1 D:\Coding\Xampp\htdocs\Codeigniter\system\View\View.php(246): include('D:\\Coding\\Xampp...')
#2 D:\Coding\Xampp\htdocs\Codeigniter\system\View\View.php(525): CodeIgniter\View\View->render('site/meta', NULL, true)
#3 D:\Coding\Xampp\htdocs\Codeigniter\app\Views\site\layout.php(93): CodeIgniter\View\View->include('site/meta')
#4 D:\Coding\Xampp\htdocs\Codeigniter\system\View\View.php(246): include('D:\\Coding\\Xampp...')
#5 D:\Coding\Xampp\htdocs\Codeigniter\system\Common.php(1119): CodeIgniter\View\View->render('site/layout', Array, true)
#6 D:\Coding\Xampp\htdocs\Codeigniter\app\Controllers\BaseController.php(53): view('site/layout', Array)
#7 D:\Coding\Xampp\htdocs\Codeigniter\system\CodeIgniter.php(891): App\Controllers\BaseController->initController(Object(CodeIgniter\HTTP\IncomingRequest), Object(CodeIgniter\HTTP\Response), Object(CodeIgniter\Log\Logger))
#8 D:\Coding\Xampp\htdocs\Codeigniter\system\CodeIgniter.php(399): CodeIgniter\CodeIgniter->createController()
#9 D:\Coding\Xampp\htdocs\Codeigniter\system\CodeIgniter.php(312): CodeIgniter\CodeIgniter->handleRequest(NULL, Object(Config\Cache), false)
#10 D:\Coding\Xampp\htdocs\Codeigniter\index.php(46): CodeIgniter\CodeIgniter->run()
#11 {main}
CRITICAL - 2020-07-27 21:17:34 --> Undefined variable: page_home
#0 D:\Coding\Xampp\htdocs\Codeigniter\app\Views\site\meta.php(1): CodeIgniter\Debug\Exceptions->errorHandler(8, 'Undefined varia...', 'D:\\Coding\\Xampp...', 1, Array)
#1 D:\Coding\Xampp\htdocs\Codeigniter\system\View\View.php(246): include('D:\\Coding\\Xampp...')
#2 D:\Coding\Xampp\htdocs\Codeigniter\system\View\View.php(525): CodeIgniter\View\View->render('site/meta', NULL, true)
#3 D:\Coding\Xampp\htdocs\Codeigniter\app\Views\site\layout.php(93): CodeIgniter\View\View->include('site/meta')
#4 D:\Coding\Xampp\htdocs\Codeigniter\system\View\View.php(246): include('D:\\Coding\\Xampp...')
#5 D:\Coding\Xampp\htdocs\Codeigniter\system\Common.php(1119): CodeIgniter\View\View->render('site/layout', Array, true)
#6 D:\Coding\Xampp\htdocs\Codeigniter\app\Controllers\BaseController.php(53): view('site/layout', Array)
#7 D:\Coding\Xampp\htdocs\Codeigniter\system\CodeIgniter.php(891): App\Controllers\BaseController->initController(Object(CodeIgniter\HTTP\IncomingRequest), Object(CodeIgniter\HTTP\Response), Object(CodeIgniter\Log\Logger))
#8 D:\Coding\Xampp\htdocs\Codeigniter\system\CodeIgniter.php(399): CodeIgniter\CodeIgniter->createController()
#9 D:\Coding\Xampp\htdocs\Codeigniter\system\CodeIgniter.php(312): CodeIgniter\CodeIgniter->handleRequest(NULL, Object(Config\Cache), false)
#10 D:\Coding\Xampp\htdocs\Codeigniter\index.php(46): CodeIgniter\CodeIgniter->run()
#11 {main}
CRITICAL - 2020-07-27 21:17:35 --> Undefined variable: page_home
#0 D:\Coding\Xampp\htdocs\Codeigniter\app\Views\site\meta.php(1): CodeIgniter\Debug\Exceptions->errorHandler(8, 'Undefined varia...', 'D:\\Coding\\Xampp...', 1, Array)
#1 D:\Coding\Xampp\htdocs\Codeigniter\system\View\View.php(246): include('D:\\Coding\\Xampp...')
#2 D:\Coding\Xampp\htdocs\Codeigniter\system\View\View.php(525): CodeIgniter\View\View->render('site/meta', NULL, true)
#3 D:\Coding\Xampp\htdocs\Codeigniter\app\Views\site\layout.php(93): CodeIgniter\View\View->include('site/meta')
#4 D:\Coding\Xampp\htdocs\Codeigniter\system\View\View.php(246): include('D:\\Coding\\Xampp...')
#5 D:\Coding\Xampp\htdocs\Codeigniter\system\Common.php(1119): CodeIgniter\View\View->render('site/layout', Array, true)
#6 D:\Coding\Xampp\htdocs\Codeigniter\app\Controllers\BaseController.php(53): view('site/layout', Array)
#7 D:\Coding\Xampp\htdocs\Codeigniter\system\CodeIgniter.php(891): App\Controllers\BaseController->initController(Object(CodeIgniter\HTTP\IncomingRequest), Object(CodeIgniter\HTTP\Response), Object(CodeIgniter\Log\Logger))
#8 D:\Coding\Xampp\htdocs\Codeigniter\system\CodeIgniter.php(399): CodeIgniter\CodeIgniter->createController()
#9 D:\Coding\Xampp\htdocs\Codeigniter\system\CodeIgniter.php(312): CodeIgniter\CodeIgniter->handleRequest(NULL, Object(Config\Cache), false)
#10 D:\Coding\Xampp\htdocs\Codeigniter\index.php(46): CodeIgniter\CodeIgniter->run()
#11 {main}
CRITICAL - 2020-07-27 21:17:52 --> Undefined variable: page_home
#0 D:\Coding\Xampp\htdocs\Codeigniter\app\Views\site\meta.php(1): CodeIgniter\Debug\Exceptions->errorHandler(8, 'Undefined varia...', 'D:\\Coding\\Xampp...', 1, Array)
#1 D:\Coding\Xampp\htdocs\Codeigniter\system\View\View.php(246): include('D:\\Coding\\Xampp...')
#2 D:\Coding\Xampp\htdocs\Codeigniter\system\View\View.php(525): CodeIgniter\View\View->render('site/meta', NULL, true)
#3 D:\Coding\Xampp\htdocs\Codeigniter\app\Views\site\layout.php(93): CodeIgniter\View\View->include('site/meta')
#4 D:\Coding\Xampp\htdocs\Codeigniter\system\View\View.php(246): include('D:\\Coding\\Xampp...')
#5 D:\Coding\Xampp\htdocs\Codeigniter\system\Common.php(1119): CodeIgniter\View\View->render('site/layout', Array, true)
#6 D:\Coding\Xampp\htdocs\Codeigniter\app\Controllers\BaseController.php(53): view('site/layout', Array)
#7 D:\Coding\Xampp\htdocs\Codeigniter\system\CodeIgniter.php(891): App\Controllers\BaseController->initController(Object(CodeIgniter\HTTP\IncomingRequest), Object(CodeIgniter\HTTP\Response), Object(CodeIgniter\Log\Logger))
#8 D:\Coding\Xampp\htdocs\Codeigniter\system\CodeIgniter.php(399): CodeIgniter\CodeIgniter->createController()
#9 D:\Coding\Xampp\htdocs\Codeigniter\system\CodeIgniter.php(312): CodeIgniter\CodeIgniter->handleRequest(NULL, Object(Config\Cache), false)
#10 D:\Coding\Xampp\htdocs\Codeigniter\index.php(46): CodeIgniter\CodeIgniter->run()
#11 {main}
CRITICAL - 2020-07-27 21:17:54 --> Undefined variable: page_home
#0 D:\Coding\Xampp\htdocs\Codeigniter\app\Views\site\meta.php(1): CodeIgniter\Debug\Exceptions->errorHandler(8, 'Undefined varia...', 'D:\\Coding\\Xampp...', 1, Array)
#1 D:\Coding\Xampp\htdocs\Codeigniter\system\View\View.php(246): include('D:\\Coding\\Xampp...')
#2 D:\Coding\Xampp\htdocs\Codeigniter\system\View\View.php(525): CodeIgniter\View\View->render('site/meta', NULL, true)
#3 D:\Coding\Xampp\htdocs\Codeigniter\app\Views\site\layout.php(93): CodeIgniter\View\View->include('site/meta')
#4 D:\Coding\Xampp\htdocs\Codeigniter\system\View\View.php(246): include('D:\\Coding\\Xampp...')
#5 D:\Coding\Xampp\htdocs\Codeigniter\system\Common.php(1119): CodeIgniter\View\View->render('site/layout', Array, true)
#6 D:\Coding\Xampp\htdocs\Codeigniter\app\Controllers\BaseController.php(53): view('site/layout', Array)
#7 D:\Coding\Xampp\htdocs\Codeigniter\system\CodeIgniter.php(891): App\Controllers\BaseController->initController(Object(CodeIgniter\HTTP\IncomingRequest), Object(CodeIgniter\HTTP\Response), Object(CodeIgniter\Log\Logger))
#8 D:\Coding\Xampp\htdocs\Codeigniter\system\CodeIgniter.php(399): CodeIgniter\CodeIgniter->createController()
#9 D:\Coding\Xampp\htdocs\Codeigniter\system\CodeIgniter.php(312): CodeIgniter\CodeIgniter->handleRequest(NULL, Object(Config\Cache), false)
#10 D:\Coding\Xampp\htdocs\Codeigniter\index.php(46): CodeIgniter\CodeIgniter->run()
#11 {main}
CRITICAL - 2020-07-27 21:18:01 --> Undefined variable: page_home
#0 D:\Coding\Xampp\htdocs\Codeigniter\app\Views\site\meta.php(1): CodeIgniter\Debug\Exceptions->errorHandler(8, 'Undefined varia...', 'D:\\Coding\\Xampp...', 1, Array)
#1 D:\Coding\Xampp\htdocs\Codeigniter\system\View\View.php(246): include('D:\\Coding\\Xampp...')
#2 D:\Coding\Xampp\htdocs\Codeigniter\system\View\View.php(525): CodeIgniter\View\View->render('site/meta', NULL, true)
#3 D:\Coding\Xampp\htdocs\Codeigniter\app\Views\site\layout.php(93): CodeIgniter\View\View->include('site/meta')
#4 D:\Coding\Xampp\htdocs\Codeigniter\system\View\View.php(246): include('D:\\Coding\\Xampp...')
#5 D:\Coding\Xampp\htdocs\Codeigniter\system\Common.php(1119): CodeIgniter\View\View->render('site/layout', Array, true)
#6 D:\Coding\Xampp\htdocs\Codeigniter\app\Controllers\BaseController.php(53): view('site/layout', Array)
#7 D:\Coding\Xampp\htdocs\Codeigniter\system\CodeIgniter.php(891): App\Controllers\BaseController->initController(Object(CodeIgniter\HTTP\IncomingRequest), Object(CodeIgniter\HTTP\Response), Object(CodeIgniter\Log\Logger))
#8 D:\Coding\Xampp\htdocs\Codeigniter\system\CodeIgniter.php(399): CodeIgniter\CodeIgniter->createController()
#9 D:\Coding\Xampp\htdocs\Codeigniter\system\CodeIgniter.php(312): CodeIgniter\CodeIgniter->handleRequest(NULL, Object(Config\Cache), false)
#10 D:\Coding\Xampp\htdocs\Codeigniter\index.php(46): CodeIgniter\CodeIgniter->run()
#11 {main}
CRITICAL - 2020-07-27 21:18:02 --> Undefined variable: page_home
#0 D:\Coding\Xampp\htdocs\Codeigniter\app\Views\site\meta.php(1): CodeIgniter\Debug\Exceptions->errorHandler(8, 'Undefined varia...', 'D:\\Coding\\Xampp...', 1, Array)
#1 D:\Coding\Xampp\htdocs\Codeigniter\system\View\View.php(246): include('D:\\Coding\\Xampp...')
#2 D:\Coding\Xampp\htdocs\Codeigniter\system\View\View.php(525): CodeIgniter\View\View->render('site/meta', NULL, true)
#3 D:\Coding\Xampp\htdocs\Codeigniter\app\Views\site\layout.php(93): CodeIgniter\View\View->include('site/meta')
#4 D:\Coding\Xampp\htdocs\Codeigniter\system\View\View.php(246): include('D:\\Coding\\Xampp...')
#5 D:\Coding\Xampp\htdocs\Codeigniter\system\Common.php(1119): CodeIgniter\View\View->render('site/layout', Array, true)
#6 D:\Coding\Xampp\htdocs\Codeigniter\app\Controllers\BaseController.php(53): view('site/layout', Array)
#7 D:\Coding\Xampp\htdocs\Codeigniter\system\CodeIgniter.php(891): App\Controllers\BaseController->initController(Object(CodeIgniter\HTTP\IncomingRequest), Object(CodeIgniter\HTTP\Response), Object(CodeIgniter\Log\Logger))
#8 D:\Coding\Xampp\htdocs\Codeigniter\system\CodeIgniter.php(399): CodeIgniter\CodeIgniter->createController()
#9 D:\Coding\Xampp\htdocs\Codeigniter\system\CodeIgniter.php(312): CodeIgniter\CodeIgniter->handleRequest(NULL, Object(Config\Cache), false)
#10 D:\Coding\Xampp\htdocs\Codeigniter\index.php(46): CodeIgniter\CodeIgniter->run()
#11 {main}
CRITICAL - 2020-07-27 21:18:02 --> Undefined variable: page_home
#0 D:\Coding\Xampp\htdocs\Codeigniter\app\Views\site\meta.php(1): CodeIgniter\Debug\Exceptions->errorHandler(8, 'Undefined varia...', 'D:\\Coding\\Xampp...', 1, Array)
#1 D:\Coding\Xampp\htdocs\Codeigniter\system\View\View.php(246): include('D:\\Coding\\Xampp...')
#2 D:\Coding\Xampp\htdocs\Codeigniter\system\View\View.php(525): CodeIgniter\View\View->render('site/meta', NULL, true)
#3 D:\Coding\Xampp\htdocs\Codeigniter\app\Views\site\layout.php(93): CodeIgniter\View\View->include('site/meta')
#4 D:\Coding\Xampp\htdocs\Codeigniter\system\View\View.php(246): include('D:\\Coding\\Xampp...')
#5 D:\Coding\Xampp\htdocs\Codeigniter\system\Common.php(1119): CodeIgniter\View\View->render('site/layout', Array, true)
#6 D:\Coding\Xampp\htdocs\Codeigniter\app\Controllers\BaseController.php(53): view('site/layout', Array)
#7 D:\Coding\Xampp\htdocs\Codeigniter\system\CodeIgniter.php(891): App\Controllers\BaseController->initController(Object(CodeIgniter\HTTP\IncomingRequest), Object(CodeIgniter\HTTP\Response), Object(CodeIgniter\Log\Logger))
#8 D:\Coding\Xampp\htdocs\Codeigniter\system\CodeIgniter.php(399): CodeIgniter\CodeIgniter->createController()
#9 D:\Coding\Xampp\htdocs\Codeigniter\system\CodeIgniter.php(312): CodeIgniter\CodeIgniter->handleRequest(NULL, Object(Config\Cache), false)
#10 D:\Coding\Xampp\htdocs\Codeigniter\index.php(46): CodeIgniter\CodeIgniter->run()
#11 {main}
CRITICAL - 2020-07-27 21:18:03 --> Undefined variable: page_home
#0 D:\Coding\Xampp\htdocs\Codeigniter\app\Views\site\meta.php(1): CodeIgniter\Debug\Exceptions->errorHandler(8, 'Undefined varia...', 'D:\\Coding\\Xampp...', 1, Array)
#1 D:\Coding\Xampp\htdocs\Codeigniter\system\View\View.php(246): include('D:\\Coding\\Xampp...')
#2 D:\Coding\Xampp\htdocs\Codeigniter\system\View\View.php(525): CodeIgniter\View\View->render('site/meta', NULL, true)
#3 D:\Coding\Xampp\htdocs\Codeigniter\app\Views\site\layout.php(93): CodeIgniter\View\View->include('site/meta')
#4 D:\Coding\Xampp\htdocs\Codeigniter\system\View\View.php(246): include('D:\\Coding\\Xampp...')
#5 D:\Coding\Xampp\htdocs\Codeigniter\system\Common.php(1119): CodeIgniter\View\View->render('site/layout', Array, true)
#6 D:\Coding\Xampp\htdocs\Codeigniter\app\Controllers\BaseController.php(53): view('site/layout', Array)
#7 D:\Coding\Xampp\htdocs\Codeigniter\system\CodeIgniter.php(891): App\Controllers\BaseController->initController(Object(CodeIgniter\HTTP\IncomingRequest), Object(CodeIgniter\HTTP\Response), Object(CodeIgniter\Log\Logger))
#8 D:\Coding\Xampp\htdocs\Codeigniter\system\CodeIgniter.php(399): CodeIgniter\CodeIgniter->createController()
#9 D:\Coding\Xampp\htdocs\Codeigniter\system\CodeIgniter.php(312): CodeIgniter\CodeIgniter->handleRequest(NULL, Object(Config\Cache), false)
#10 D:\Coding\Xampp\htdocs\Codeigniter\index.php(46): CodeIgniter\CodeIgniter->run()
#11 {main}
CRITICAL - 2020-07-27 21:18:03 --> Undefined variable: page_home
#0 D:\Coding\Xampp\htdocs\Codeigniter\app\Views\site\meta.php(1): CodeIgniter\Debug\Exceptions->errorHandler(8, 'Undefined varia...', 'D:\\Coding\\Xampp...', 1, Array)
#1 D:\Coding\Xampp\htdocs\Codeigniter\system\View\View.php(246): include('D:\\Coding\\Xampp...')
#2 D:\Coding\Xampp\htdocs\Codeigniter\system\View\View.php(525): CodeIgniter\View\View->render('site/meta', NULL, true)
#3 D:\Coding\Xampp\htdocs\Codeigniter\app\Views\site\layout.php(93): CodeIgniter\View\View->include('site/meta')
#4 D:\Coding\Xampp\htdocs\Codeigniter\system\View\View.php(246): include('D:\\Coding\\Xampp...')
#5 D:\Coding\Xampp\htdocs\Codeigniter\system\Common.php(1119): CodeIgniter\View\View->render('site/layout', Array, true)
#6 D:\Coding\Xampp\htdocs\Codeigniter\app\Controllers\BaseController.php(53): view('site/layout', Array)
#7 D:\Coding\Xampp\htdocs\Codeigniter\system\CodeIgniter.php(891): App\Controllers\BaseController->initController(Object(CodeIgniter\HTTP\IncomingRequest), Object(CodeIgniter\HTTP\Response), Object(CodeIgniter\Log\Logger))
#8 D:\Coding\Xampp\htdocs\Codeigniter\system\CodeIgniter.php(399): CodeIgniter\CodeIgniter->createController()
#9 D:\Coding\Xampp\htdocs\Codeigniter\system\CodeIgniter.php(312): CodeIgniter\CodeIgniter->handleRequest(NULL, Object(Config\Cache), false)
#10 D:\Coding\Xampp\htdocs\Codeigniter\index.php(46): CodeIgniter\CodeIgniter->run()
#11 {main}
CRITICAL - 2020-07-27 21:18:03 --> Undefined variable: page_home
#0 D:\Coding\Xampp\htdocs\Codeigniter\app\Views\site\meta.php(1): CodeIgniter\Debug\Exceptions->errorHandler(8, 'Undefined varia...', 'D:\\Coding\\Xampp...', 1, Array)
#1 D:\Coding\Xampp\htdocs\Codeigniter\system\View\View.php(246): include('D:\\Coding\\Xampp...')
#2 D:\Coding\Xampp\htdocs\Codeigniter\system\View\View.php(525): CodeIgniter\View\View->render('site/meta', NULL, true)
#3 D:\Coding\Xampp\htdocs\Codeigniter\app\Views\site\layout.php(93): CodeIgniter\View\View->include('site/meta')
#4 D:\Coding\Xampp\htdocs\Codeigniter\system\View\View.php(246): include('D:\\Coding\\Xampp...')
#5 D:\Coding\Xampp\htdocs\Codeigniter\system\Common.php(1119): CodeIgniter\View\View->render('site/layout', Array, true)
#6 D:\Coding\Xampp\htdocs\Codeigniter\app\Controllers\BaseController.php(53): view('site/layout', Array)
#7 D:\Coding\Xampp\htdocs\Codeigniter\system\CodeIgniter.php(891): App\Controllers\BaseController->initController(Object(CodeIgniter\HTTP\IncomingRequest), Object(CodeIgniter\HTTP\Response), Object(CodeIgniter\Log\Logger))
#8 D:\Coding\Xampp\htdocs\Codeigniter\system\CodeIgniter.php(399): CodeIgniter\CodeIgniter->createController()
#9 D:\Coding\Xampp\htdocs\Codeigniter\system\CodeIgniter.php(312): CodeIgniter\CodeIgniter->handleRequest(NULL, Object(Config\Cache), false)
#10 D:\Coding\Xampp\htdocs\Codeigniter\index.php(46): CodeIgniter\CodeIgniter->run()
#11 {main}
CRITICAL - 2020-07-27 21:18:03 --> Undefined variable: page_home
#0 D:\Coding\Xampp\htdocs\Codeigniter\app\Views\site\meta.php(1): CodeIgniter\Debug\Exceptions->errorHandler(8, 'Undefined varia...', 'D:\\Coding\\Xampp...', 1, Array)
#1 D:\Coding\Xampp\htdocs\Codeigniter\system\View\View.php(246): include('D:\\Coding\\Xampp...')
#2 D:\Coding\Xampp\htdocs\Codeigniter\system\View\View.php(525): CodeIgniter\View\View->render('site/meta', NULL, true)
#3 D:\Coding\Xampp\htdocs\Codeigniter\app\Views\site\layout.php(93): CodeIgniter\View\View->include('site/meta')
#4 D:\Coding\Xampp\htdocs\Codeigniter\system\View\View.php(246): include('D:\\Coding\\Xampp...')
#5 D:\Coding\Xampp\htdocs\Codeigniter\system\Common.php(1119): CodeIgniter\View\View->render('site/layout', Array, true)
#6 D:\Coding\Xampp\htdocs\Codeigniter\app\Controllers\BaseController.php(53): view('site/layout', Array)
#7 D:\Coding\Xampp\htdocs\Codeigniter\system\CodeIgniter.php(891): App\Controllers\BaseController->initController(Object(CodeIgniter\HTTP\IncomingRequest), Object(CodeIgniter\HTTP\Response), Object(CodeIgniter\Log\Logger))
#8 D:\Coding\Xampp\htdocs\Codeigniter\system\CodeIgniter.php(399): CodeIgniter\CodeIgniter->createController()
#9 D:\Coding\Xampp\htdocs\Codeigniter\system\CodeIgniter.php(312): CodeIgniter\CodeIgniter->handleRequest(NULL, Object(Config\Cache), false)
#10 D:\Coding\Xampp\htdocs\Codeigniter\index.php(46): CodeIgniter\CodeIgniter->run()
#11 {main}
CRITICAL - 2020-07-27 21:18:04 --> Undefined variable: page_home
#0 D:\Coding\Xampp\htdocs\Codeigniter\app\Views\site\meta.php(1): CodeIgniter\Debug\Exceptions->errorHandler(8, 'Undefined varia...', 'D:\\Coding\\Xampp...', 1, Array)
#1 D:\Coding\Xampp\htdocs\Codeigniter\system\View\View.php(246): include('D:\\Coding\\Xampp...')
#2 D:\Coding\Xampp\htdocs\Codeigniter\system\View\View.php(525): CodeIgniter\View\View->render('site/meta', NULL, true)
#3 D:\Coding\Xampp\htdocs\Codeigniter\app\Views\site\layout.php(93): CodeIgniter\View\View->include('site/meta')
#4 D:\Coding\Xampp\htdocs\Codeigniter\system\View\View.php(246): include('D:\\Coding\\Xampp...')
#5 D:\Coding\Xampp\htdocs\Codeigniter\system\Common.php(1119): CodeIgniter\View\View->render('site/layout', Array, true)
#6 D:\Coding\Xampp\htdocs\Codeigniter\app\Controllers\BaseController.php(53): view('site/layout', Array)
#7 D:\Coding\Xampp\htdocs\Codeigniter\system\CodeIgniter.php(891): App\Controllers\BaseController->initController(Object(CodeIgniter\HTTP\IncomingRequest), Object(CodeIgniter\HTTP\Response), Object(CodeIgniter\Log\Logger))
#8 D:\Coding\Xampp\htdocs\Codeigniter\system\CodeIgniter.php(399): CodeIgniter\CodeIgniter->createController()
#9 D:\Coding\Xampp\htdocs\Codeigniter\system\CodeIgniter.php(312): CodeIgniter\CodeIgniter->handleRequest(NULL, Object(Config\Cache), false)
#10 D:\Coding\Xampp\htdocs\Codeigniter\index.php(46): CodeIgniter\CodeIgniter->run()
#11 {main}
CRITICAL - 2020-07-27 21:18:04 --> Undefined variable: page_home
#0 D:\Coding\Xampp\htdocs\Codeigniter\app\Views\site\meta.php(1): CodeIgniter\Debug\Exceptions->errorHandler(8, 'Undefined varia...', 'D:\\Coding\\Xampp...', 1, Array)
#1 D:\Coding\Xampp\htdocs\Codeigniter\system\View\View.php(246): include('D:\\Coding\\Xampp...')
#2 D:\Coding\Xampp\htdocs\Codeigniter\system\View\View.php(525): CodeIgniter\View\View->render('site/meta', NULL, true)
#3 D:\Coding\Xampp\htdocs\Codeigniter\app\Views\site\layout.php(93): CodeIgniter\View\View->include('site/meta')
#4 D:\Coding\Xampp\htdocs\Codeigniter\system\View\View.php(246): include('D:\\Coding\\Xampp...')
#5 D:\Coding\Xampp\htdocs\Codeigniter\system\Common.php(1119): CodeIgniter\View\View->render('site/layout', Array, true)
#6 D:\Coding\Xampp\htdocs\Codeigniter\app\Controllers\BaseController.php(53): view('site/layout', Array)
#7 D:\Coding\Xampp\htdocs\Codeigniter\system\CodeIgniter.php(891): App\Controllers\BaseController->initController(Object(CodeIgniter\HTTP\IncomingRequest), Object(CodeIgniter\HTTP\Response), Object(CodeIgniter\Log\Logger))
#8 D:\Coding\Xampp\htdocs\Codeigniter\system\CodeIgniter.php(399): CodeIgniter\CodeIgniter->createController()
#9 D:\Coding\Xampp\htdocs\Codeigniter\system\CodeIgniter.php(312): CodeIgniter\CodeIgniter->handleRequest(NULL, Object(Config\Cache), false)
#10 D:\Coding\Xampp\htdocs\Codeigniter\index.php(46): CodeIgniter\CodeIgniter->run()
#11 {main}
CRITICAL - 2020-07-27 21:18:04 --> Undefined variable: page_home
#0 D:\Coding\Xampp\htdocs\Codeigniter\app\Views\site\meta.php(1): CodeIgniter\Debug\Exceptions->errorHandler(8, 'Undefined varia...', 'D:\\Coding\\Xampp...', 1, Array)
#1 D:\Coding\Xampp\htdocs\Codeigniter\system\View\View.php(246): include('D:\\Coding\\Xampp...')
#2 D:\Coding\Xampp\htdocs\Codeigniter\system\View\View.php(525): CodeIgniter\View\View->render('site/meta', NULL, true)
#3 D:\Coding\Xampp\htdocs\Codeigniter\app\Views\site\layout.php(93): CodeIgniter\View\View->include('site/meta')
#4 D:\Coding\Xampp\htdocs\Codeigniter\system\View\View.php(246): include('D:\\Coding\\Xampp...')
#5 D:\Coding\Xampp\htdocs\Codeigniter\system\Common.php(1119): CodeIgniter\View\View->render('site/layout', Array, true)
#6 D:\Coding\Xampp\htdocs\Codeigniter\app\Controllers\BaseController.php(53): view('site/layout', Array)
#7 D:\Coding\Xampp\htdocs\Codeigniter\system\CodeIgniter.php(891): App\Controllers\BaseController->initController(Object(CodeIgniter\HTTP\IncomingRequest), Object(CodeIgniter\HTTP\Response), Object(CodeIgniter\Log\Logger))
#8 D:\Coding\Xampp\htdocs\Codeigniter\system\CodeIgniter.php(399): CodeIgniter\CodeIgniter->createController()
#9 D:\Coding\Xampp\htdocs\Codeigniter\system\CodeIgniter.php(312): CodeIgniter\CodeIgniter->handleRequest(NULL, Object(Config\Cache), false)
#10 D:\Coding\Xampp\htdocs\Codeigniter\index.php(46): CodeIgniter\CodeIgniter->run()
#11 {main}
CRITICAL - 2020-07-27 21:18:04 --> Undefined variable: page_home
#0 D:\Coding\Xampp\htdocs\Codeigniter\app\Views\site\meta.php(1): CodeIgniter\Debug\Exceptions->errorHandler(8, 'Undefined varia...', 'D:\\Coding\\Xampp...', 1, Array)
#1 D:\Coding\Xampp\htdocs\Codeigniter\system\View\View.php(246): include('D:\\Coding\\Xampp...')
#2 D:\Coding\Xampp\htdocs\Codeigniter\system\View\View.php(525): CodeIgniter\View\View->render('site/meta', NULL, true)
#3 D:\Coding\Xampp\htdocs\Codeigniter\app\Views\site\layout.php(93): CodeIgniter\View\View->include('site/meta')
#4 D:\Coding\Xampp\htdocs\Codeigniter\system\View\View.php(246): include('D:\\Coding\\Xampp...')
#5 D:\Coding\Xampp\htdocs\Codeigniter\system\Common.php(1119): CodeIgniter\View\View->render('site/layout', Array, true)
#6 D:\Coding\Xampp\htdocs\Codeigniter\app\Controllers\BaseController.php(53): view('site/layout', Array)
#7 D:\Coding\Xampp\htdocs\Codeigniter\system\CodeIgniter.php(891): App\Controllers\BaseController->initController(Object(CodeIgniter\HTTP\IncomingRequest), Object(CodeIgniter\HTTP\Response), Object(CodeIgniter\Log\Logger))
#8 D:\Coding\Xampp\htdocs\Codeigniter\system\CodeIgniter.php(399): CodeIgniter\CodeIgniter->createController()
#9 D:\Coding\Xampp\htdocs\Codeigniter\system\CodeIgniter.php(312): CodeIgniter\CodeIgniter->handleRequest(NULL, Object(Config\Cache), false)
#10 D:\Coding\Xampp\htdocs\Codeigniter\index.php(46): CodeIgniter\CodeIgniter->run()
#11 {main}
CRITICAL - 2020-07-27 21:18:04 --> Undefined variable: page_home
#0 D:\Coding\Xampp\htdocs\Codeigniter\app\Views\site\meta.php(1): CodeIgniter\Debug\Exceptions->errorHandler(8, 'Undefined varia...', 'D:\\Coding\\Xampp...', 1, Array)
#1 D:\Coding\Xampp\htdocs\Codeigniter\system\View\View.php(246): include('D:\\Coding\\Xampp...')
#2 D:\Coding\Xampp\htdocs\Codeigniter\system\View\View.php(525): CodeIgniter\View\View->render('site/meta', NULL, true)
#3 D:\Coding\Xampp\htdocs\Codeigniter\app\Views\site\layout.php(93): CodeIgniter\View\View->include('site/meta')
#4 D:\Coding\Xampp\htdocs\Codeigniter\system\View\View.php(246): include('D:\\Coding\\Xampp...')
#5 D:\Coding\Xampp\htdocs\Codeigniter\system\Common.php(1119): CodeIgniter\View\View->render('site/layout', Array, true)
#6 D:\Coding\Xampp\htdocs\Codeigniter\app\Controllers\BaseController.php(53): view('site/layout', Array)
#7 D:\Coding\Xampp\htdocs\Codeigniter\system\CodeIgniter.php(891): App\Controllers\BaseController->initController(Object(CodeIgniter\HTTP\IncomingRequest), Object(CodeIgniter\HTTP\Response), Object(CodeIgniter\Log\Logger))
#8 D:\Coding\Xampp\htdocs\Codeigniter\system\CodeIgniter.php(399): CodeIgniter\CodeIgniter->createController()
#9 D:\Coding\Xampp\htdocs\Codeigniter\system\CodeIgniter.php(312): CodeIgniter\CodeIgniter->handleRequest(NULL, Object(Config\Cache), false)
#10 D:\Coding\Xampp\htdocs\Codeigniter\index.php(46): CodeIgniter\CodeIgniter->run()
#11 {main}
CRITICAL - 2020-07-27 21:18:04 --> Undefined variable: page_home
#0 D:\Coding\Xampp\htdocs\Codeigniter\app\Views\site\meta.php(1): CodeIgniter\Debug\Exceptions->errorHandler(8, 'Undefined varia...', 'D:\\Coding\\Xampp...', 1, Array)
#1 D:\Coding\Xampp\htdocs\Codeigniter\system\View\View.php(246): include('D:\\Coding\\Xampp...')
#2 D:\Coding\Xampp\htdocs\Codeigniter\system\View\View.php(525): CodeIgniter\View\View->render('site/meta', NULL, true)
#3 D:\Coding\Xampp\htdocs\Codeigniter\app\Views\site\layout.php(93): CodeIgniter\View\View->include('site/meta')
#4 D:\Coding\Xampp\htdocs\Codeigniter\system\View\View.php(246): include('D:\\Coding\\Xampp...')
#5 D:\Coding\Xampp\htdocs\Codeigniter\system\Common.php(1119): CodeIgniter\View\View->render('site/layout', Array, true)
#6 D:\Coding\Xampp\htdocs\Codeigniter\app\Controllers\BaseController.php(53): view('site/layout', Array)
#7 D:\Coding\Xampp\htdocs\Codeigniter\system\CodeIgniter.php(891): App\Controllers\BaseController->initController(Object(CodeIgniter\HTTP\IncomingRequest), Object(CodeIgniter\HTTP\Response), Object(CodeIgniter\Log\Logger))
#8 D:\Coding\Xampp\htdocs\Codeigniter\system\CodeIgniter.php(399): CodeIgniter\CodeIgniter->createController()
#9 D:\Coding\Xampp\htdocs\Codeigniter\system\CodeIgniter.php(312): CodeIgniter\CodeIgniter->handleRequest(NULL, Object(Config\Cache), false)
#10 D:\Coding\Xampp\htdocs\Codeigniter\index.php(46): CodeIgniter\CodeIgniter->run()
#11 {main}
CRITICAL - 2020-07-27 21:18:30 --> Undefined variable: page_home
#0 D:\Coding\Xampp\htdocs\Codeigniter\app\Views\site\meta.php(1): CodeIgniter\Debug\Exceptions->errorHandler(8, 'Undefined varia...', 'D:\\Coding\\Xampp...', 1, Array)
#1 D:\Coding\Xampp\htdocs\Codeigniter\system\View\View.php(246): include('D:\\Coding\\Xampp...')
#2 D:\Coding\Xampp\htdocs\Codeigniter\system\View\View.php(525): CodeIgniter\View\View->render('site/meta', NULL, true)
#3 D:\Coding\Xampp\htdocs\Codeigniter\app\Views\site\layout.php(93): CodeIgniter\View\View->include('site/meta')
#4 D:\Coding\Xampp\htdocs\Codeigniter\system\View\View.php(246): include('D:\\Coding\\Xampp...')
#5 D:\Coding\Xampp\htdocs\Codeigniter\system\Common.php(1119): CodeIgniter\View\View->render('site/layout', Array, true)
#6 D:\Coding\Xampp\htdocs\Codeigniter\app\Controllers\BaseController.php(53): view('site/layout', Array)
#7 D:\Coding\Xampp\htdocs\Codeigniter\system\CodeIgniter.php(891): App\Controllers\BaseController->initController(Object(CodeIgniter\HTTP\IncomingRequest), Object(CodeIgniter\HTTP\Response), Object(CodeIgniter\Log\Logger))
#8 D:\Coding\Xampp\htdocs\Codeigniter\system\CodeIgniter.php(399): CodeIgniter\CodeIgniter->createController()
#9 D:\Coding\Xampp\htdocs\Codeigniter\system\CodeIgniter.php(312): CodeIgniter\CodeIgniter->handleRequest(NULL, Object(Config\Cache), false)
#10 D:\Coding\Xampp\htdocs\Codeigniter\index.php(46): CodeIgniter\CodeIgniter->run()
#11 {main}
CRITICAL - 2020-07-27 21:18:30 --> Undefined variable: page_home
#0 D:\Coding\Xampp\htdocs\Codeigniter\app\Views\site\meta.php(1): CodeIgniter\Debug\Exceptions->errorHandler(8, 'Undefined varia...', 'D:\\Coding\\Xampp...', 1, Array)
#1 D:\Coding\Xampp\htdocs\Codeigniter\system\View\View.php(246): include('D:\\Coding\\Xampp...')
#2 D:\Coding\Xampp\htdocs\Codeigniter\system\View\View.php(525): CodeIgniter\View\View->render('site/meta', NULL, true)
#3 D:\Coding\Xampp\htdocs\Codeigniter\app\Views\site\layout.php(93): CodeIgniter\View\View->include('site/meta')
#4 D:\Coding\Xampp\htdocs\Codeigniter\system\View\View.php(246): include('D:\\Coding\\Xampp...')
#5 D:\Coding\Xampp\htdocs\Codeigniter\system\Common.php(1119): CodeIgniter\View\View->render('site/layout', Array, true)
#6 D:\Coding\Xampp\htdocs\Codeigniter\app\Controllers\BaseController.php(53): view('site/layout', Array)
#7 D:\Coding\Xampp\htdocs\Codeigniter\system\CodeIgniter.php(891): App\Controllers\BaseController->initController(Object(CodeIgniter\HTTP\IncomingRequest), Object(CodeIgniter\HTTP\Response), Object(CodeIgniter\Log\Logger))
#8 D:\Coding\Xampp\htdocs\Codeigniter\system\CodeIgniter.php(399): CodeIgniter\CodeIgniter->createController()
#9 D:\Coding\Xampp\htdocs\Codeigniter\system\CodeIgniter.php(312): CodeIgniter\CodeIgniter->handleRequest(NULL, Object(Config\Cache), false)
#10 D:\Coding\Xampp\htdocs\Codeigniter\index.php(46): CodeIgniter\CodeIgniter->run()
#11 {main}
CRITICAL - 2020-07-27 21:18:31 --> Undefined variable: page_home
#0 D:\Coding\Xampp\htdocs\Codeigniter\app\Views\site\meta.php(1): CodeIgniter\Debug\Exceptions->errorHandler(8, 'Undefined varia...', 'D:\\Coding\\Xampp...', 1, Array)
#1 D:\Coding\Xampp\htdocs\Codeigniter\system\View\View.php(246): include('D:\\Coding\\Xampp...')
#2 D:\Coding\Xampp\htdocs\Codeigniter\system\View\View.php(525): CodeIgniter\View\View->render('site/meta', NULL, true)
#3 D:\Coding\Xampp\htdocs\Codeigniter\app\Views\site\layout.php(93): CodeIgniter\View\View->include('site/meta')
#4 D:\Coding\Xampp\htdocs\Codeigniter\system\View\View.php(246): include('D:\\Coding\\Xampp...')
#5 D:\Coding\Xampp\htdocs\Codeigniter\system\Common.php(1119): CodeIgniter\View\View->render('site/layout', Array, true)
#6 D:\Coding\Xampp\htdocs\Codeigniter\app\Controllers\BaseController.php(53): view('site/layout', Array)
#7 D:\Coding\Xampp\htdocs\Codeigniter\system\CodeIgniter.php(891): App\Controllers\BaseController->initController(Object(CodeIgniter\HTTP\IncomingRequest), Object(CodeIgniter\HTTP\Response), Object(CodeIgniter\Log\Logger))
#8 D:\Coding\Xampp\htdocs\Codeigniter\system\CodeIgniter.php(399): CodeIgniter\CodeIgniter->createController()
#9 D:\Coding\Xampp\htdocs\Codeigniter\system\CodeIgniter.php(312): CodeIgniter\CodeIgniter->handleRequest(NULL, Object(Config\Cache), false)
#10 D:\Coding\Xampp\htdocs\Codeigniter\index.php(46): CodeIgniter\CodeIgniter->run()
#11 {main}
CRITICAL - 2020-07-27 21:18:31 --> Undefined variable: page_home
#0 D:\Coding\Xampp\htdocs\Codeigniter\app\Views\site\meta.php(1): CodeIgniter\Debug\Exceptions->errorHandler(8, 'Undefined varia...', 'D:\\Coding\\Xampp...', 1, Array)
#1 D:\Coding\Xampp\htdocs\Codeigniter\system\View\View.php(246): include('D:\\Coding\\Xampp...')
#2 D:\Coding\Xampp\htdocs\Codeigniter\system\View\View.php(525): CodeIgniter\View\View->render('site/meta', NULL, true)
#3 D:\Coding\Xampp\htdocs\Codeigniter\app\Views\site\layout.php(93): CodeIgniter\View\View->include('site/meta')
#4 D:\Coding\Xampp\htdocs\Codeigniter\system\View\View.php(246): include('D:\\Coding\\Xampp...')
#5 D:\Coding\Xampp\htdocs\Codeigniter\system\Common.php(1119): CodeIgniter\View\View->render('site/layout', Array, true)
#6 D:\Coding\Xampp\htdocs\Codeigniter\app\Controllers\BaseController.php(53): view('site/layout', Array)
#7 D:\Coding\Xampp\htdocs\Codeigniter\system\CodeIgniter.php(891): App\Controllers\BaseController->initController(Object(CodeIgniter\HTTP\IncomingRequest), Object(CodeIgniter\HTTP\Response), Object(CodeIgniter\Log\Logger))
#8 D:\Coding\Xampp\htdocs\Codeigniter\system\CodeIgniter.php(399): CodeIgniter\CodeIgniter->createController()
#9 D:\Coding\Xampp\htdocs\Codeigniter\system\CodeIgniter.php(312): CodeIgniter\CodeIgniter->handleRequest(NULL, Object(Config\Cache), false)
#10 D:\Coding\Xampp\htdocs\Codeigniter\index.php(46): CodeIgniter\CodeIgniter->run()
#11 {main}
CRITICAL - 2020-07-27 21:18:31 --> Undefined variable: page_home
#0 D:\Coding\Xampp\htdocs\Codeigniter\app\Views\site\meta.php(1): CodeIgniter\Debug\Exceptions->errorHandler(8, 'Undefined varia...', 'D:\\Coding\\Xampp...', 1, Array)
#1 D:\Coding\Xampp\htdocs\Codeigniter\system\View\View.php(246): include('D:\\Coding\\Xampp...')
#2 D:\Coding\Xampp\htdocs\Codeigniter\system\View\View.php(525): CodeIgniter\View\View->render('site/meta', NULL, true)
#3 D:\Coding\Xampp\htdocs\Codeigniter\app\Views\site\layout.php(93): CodeIgniter\View\View->include('site/meta')
#4 D:\Coding\Xampp\htdocs\Codeigniter\system\View\View.php(246): include('D:\\Coding\\Xampp...')
#5 D:\Coding\Xampp\htdocs\Codeigniter\system\Common.php(1119): CodeIgniter\View\View->render('site/layout', Array, true)
#6 D:\Coding\Xampp\htdocs\Codeigniter\app\Controllers\BaseController.php(53): view('site/layout', Array)
#7 D:\Coding\Xampp\htdocs\Codeigniter\system\CodeIgniter.php(891): App\Controllers\BaseController->initController(Object(CodeIgniter\HTTP\IncomingRequest), Object(CodeIgniter\HTTP\Response), Object(CodeIgniter\Log\Logger))
#8 D:\Coding\Xampp\htdocs\Codeigniter\system\CodeIgniter.php(399): CodeIgniter\CodeIgniter->createController()
#9 D:\Coding\Xampp\htdocs\Codeigniter\system\CodeIgniter.php(312): CodeIgniter\CodeIgniter->handleRequest(NULL, Object(Config\Cache), false)
#10 D:\Coding\Xampp\htdocs\Codeigniter\index.php(46): CodeIgniter\CodeIgniter->run()
#11 {main}
CRITICAL - 2020-07-27 21:18:31 --> Undefined variable: page_home
#0 D:\Coding\Xampp\htdocs\Codeigniter\app\Views\site\meta.php(1): CodeIgniter\Debug\Exceptions->errorHandler(8, 'Undefined varia...', 'D:\\Coding\\Xampp...', 1, Array)
#1 D:\Coding\Xampp\htdocs\Codeigniter\system\View\View.php(246): include('D:\\Coding\\Xampp...')
#2 D:\Coding\Xampp\htdocs\Codeigniter\system\View\View.php(525): CodeIgniter\View\View->render('site/meta', NULL, true)
#3 D:\Coding\Xampp\htdocs\Codeigniter\app\Views\site\layout.php(93): CodeIgniter\View\View->include('site/meta')
#4 D:\Coding\Xampp\htdocs\Codeigniter\system\View\View.php(246): include('D:\\Coding\\Xampp...')
#5 D:\Coding\Xampp\htdocs\Codeigniter\system\Common.php(1119): CodeIgniter\View\View->render('site/layout', Array, true)
#6 D:\Coding\Xampp\htdocs\Codeigniter\app\Controllers\BaseController.php(53): view('site/layout', Array)
#7 D:\Coding\Xampp\htdocs\Codeigniter\system\CodeIgniter.php(891): App\Controllers\BaseController->initController(Object(CodeIgniter\HTTP\IncomingRequest), Object(CodeIgniter\HTTP\Response), Object(CodeIgniter\Log\Logger))
#8 D:\Coding\Xampp\htdocs\Codeigniter\system\CodeIgniter.php(399): CodeIgniter\CodeIgniter->createController()
#9 D:\Coding\Xampp\htdocs\Codeigniter\system\CodeIgniter.php(312): CodeIgniter\CodeIgniter->handleRequest(NULL, Object(Config\Cache), false)
#10 D:\Coding\Xampp\htdocs\Codeigniter\index.php(46): CodeIgniter\CodeIgniter->run()
#11 {main}
CRITICAL - 2020-07-27 21:18:32 --> Undefined variable: page_home
#0 D:\Coding\Xampp\htdocs\Codeigniter\app\Views\site\meta.php(1): CodeIgniter\Debug\Exceptions->errorHandler(8, 'Undefined varia...', 'D:\\Coding\\Xampp...', 1, Array)
#1 D:\Coding\Xampp\htdocs\Codeigniter\system\View\View.php(246): include('D:\\Coding\\Xampp...')
#2 D:\Coding\Xampp\htdocs\Codeigniter\system\View\View.php(525): CodeIgniter\View\View->render('site/meta', NULL, true)
#3 D:\Coding\Xampp\htdocs\Codeigniter\app\Views\site\layout.php(93): CodeIgniter\View\View->include('site/meta')
#4 D:\Coding\Xampp\htdocs\Codeigniter\system\View\View.php(246): include('D:\\Coding\\Xampp...')
#5 D:\Coding\Xampp\htdocs\Codeigniter\system\Common.php(1119): CodeIgniter\View\View->render('site/layout', Array, true)
#6 D:\Coding\Xampp\htdocs\Codeigniter\app\Controllers\BaseController.php(53): view('site/layout', Array)
#7 D:\Coding\Xampp\htdocs\Codeigniter\system\CodeIgniter.php(891): App\Controllers\BaseController->initController(Object(CodeIgniter\HTTP\IncomingRequest), Object(CodeIgniter\HTTP\Response), Object(CodeIgniter\Log\Logger))
#8 D:\Coding\Xampp\htdocs\Codeigniter\system\CodeIgniter.php(399): CodeIgniter\CodeIgniter->createController()
#9 D:\Coding\Xampp\htdocs\Codeigniter\system\CodeIgniter.php(312): CodeIgniter\CodeIgniter->handleRequest(NULL, Object(Config\Cache), false)
#10 D:\Coding\Xampp\htdocs\Codeigniter\index.php(46): CodeIgniter\CodeIgniter->run()
#11 {main}
CRITICAL - 2020-07-27 21:18:32 --> Undefined variable: page_home
#0 D:\Coding\Xampp\htdocs\Codeigniter\app\Views\site\meta.php(1): CodeIgniter\Debug\Exceptions->errorHandler(8, 'Undefined varia...', 'D:\\Coding\\Xampp...', 1, Array)
#1 D:\Coding\Xampp\htdocs\Codeigniter\system\View\View.php(246): include('D:\\Coding\\Xampp...')
#2 D:\Coding\Xampp\htdocs\Codeigniter\system\View\View.php(525): CodeIgniter\View\View->render('site/meta', NULL, true)
#3 D:\Coding\Xampp\htdocs\Codeigniter\app\Views\site\layout.php(93): CodeIgniter\View\View->include('site/meta')
#4 D:\Coding\Xampp\htdocs\Codeigniter\system\View\View.php(246): include('D:\\Coding\\Xampp...')
#5 D:\Coding\Xampp\htdocs\Codeigniter\system\Common.php(1119): CodeIgniter\View\View->render('site/layout', Array, true)
#6 D:\Coding\Xampp\htdocs\Codeigniter\app\Controllers\BaseController.php(53): view('site/layout', Array)
#7 D:\Coding\Xampp\htdocs\Codeigniter\system\CodeIgniter.php(891): App\Controllers\BaseController->initController(Object(CodeIgniter\HTTP\IncomingRequest), Object(CodeIgniter\HTTP\Response), Object(CodeIgniter\Log\Logger))
#8 D:\Coding\Xampp\htdocs\Codeigniter\system\CodeIgniter.php(399): CodeIgniter\CodeIgniter->createController()
#9 D:\Coding\Xampp\htdocs\Codeigniter\system\CodeIgniter.php(312): CodeIgniter\CodeIgniter->handleRequest(NULL, Object(Config\Cache), false)
#10 D:\Coding\Xampp\htdocs\Codeigniter\index.php(46): CodeIgniter\CodeIgniter->run()
#11 {main}
CRITICAL - 2020-07-27 21:18:32 --> Undefined variable: page_home
#0 D:\Coding\Xampp\htdocs\Codeigniter\app\Views\site\meta.php(1): CodeIgniter\Debug\Exceptions->errorHandler(8, 'Undefined varia...', 'D:\\Coding\\Xampp...', 1, Array)
#1 D:\Coding\Xampp\htdocs\Codeigniter\system\View\View.php(246): include('D:\\Coding\\Xampp...')
#2 D:\Coding\Xampp\htdocs\Codeigniter\system\View\View.php(525): CodeIgniter\View\View->render('site/meta', NULL, true)
#3 D:\Coding\Xampp\htdocs\Codeigniter\app\Views\site\layout.php(93): CodeIgniter\View\View->include('site/meta')
#4 D:\Coding\Xampp\htdocs\Codeigniter\system\View\View.php(246): include('D:\\Coding\\Xampp...')
#5 D:\Coding\Xampp\htdocs\Codeigniter\system\Common.php(1119): CodeIgniter\View\View->render('site/layout', Array, true)
#6 D:\Coding\Xampp\htdocs\Codeigniter\app\Controllers\BaseController.php(53): view('site/layout', Array)
#7 D:\Coding\Xampp\htdocs\Codeigniter\system\CodeIgniter.php(891): App\Controllers\BaseController->initController(Object(CodeIgniter\HTTP\IncomingRequest), Object(CodeIgniter\HTTP\Response), Object(CodeIgniter\Log\Logger))
#8 D:\Coding\Xampp\htdocs\Codeigniter\system\CodeIgniter.php(399): CodeIgniter\CodeIgniter->createController()
#9 D:\Coding\Xampp\htdocs\Codeigniter\system\CodeIgniter.php(312): CodeIgniter\CodeIgniter->handleRequest(NULL, Object(Config\Cache), false)
#10 D:\Coding\Xampp\htdocs\Codeigniter\index.php(46): CodeIgniter\CodeIgniter->run()
#11 {main}
CRITICAL - 2020-07-27 21:18:32 --> Undefined variable: page_home
#0 D:\Coding\Xampp\htdocs\Codeigniter\app\Views\site\meta.php(1): CodeIgniter\Debug\Exceptions->errorHandler(8, 'Undefined varia...', 'D:\\Coding\\Xampp...', 1, Array)
#1 D:\Coding\Xampp\htdocs\Codeigniter\system\View\View.php(246): include('D:\\Coding\\Xampp...')
#2 D:\Coding\Xampp\htdocs\Codeigniter\system\View\View.php(525): CodeIgniter\View\View->render('site/meta', NULL, true)
#3 D:\Coding\Xampp\htdocs\Codeigniter\app\Views\site\layout.php(93): CodeIgniter\View\View->include('site/meta')
#4 D:\Coding\Xampp\htdocs\Codeigniter\system\View\View.php(246): include('D:\\Coding\\Xampp...')
#5 D:\Coding\Xampp\htdocs\Codeigniter\system\Common.php(1119): CodeIgniter\View\View->render('site/layout', Array, true)
#6 D:\Coding\Xampp\htdocs\Codeigniter\app\Controllers\BaseController.php(53): view('site/layout', Array)
#7 D:\Coding\Xampp\htdocs\Codeigniter\system\CodeIgniter.php(891): App\Controllers\BaseController->initController(Object(CodeIgniter\HTTP\IncomingRequest), Object(CodeIgniter\HTTP\Response), Object(CodeIgniter\Log\Logger))
#8 D:\Coding\Xampp\htdocs\Codeigniter\system\CodeIgniter.php(399): CodeIgniter\CodeIgniter->createController()
#9 D:\Coding\Xampp\htdocs\Codeigniter\system\CodeIgniter.php(312): CodeIgniter\CodeIgniter->handleRequest(NULL, Object(Config\Cache), false)
#10 D:\Coding\Xampp\htdocs\Codeigniter\index.php(46): CodeIgniter\CodeIgniter->run()
#11 {main}
CRITICAL - 2020-07-27 21:18:32 --> Undefined variable: page_home
#0 D:\Coding\Xampp\htdocs\Codeigniter\app\Views\site\meta.php(1): CodeIgniter\Debug\Exceptions->errorHandler(8, 'Undefined varia...', 'D:\\Coding\\Xampp...', 1, Array)
#1 D:\Coding\Xampp\htdocs\Codeigniter\system\View\View.php(246): include('D:\\Coding\\Xampp...')
#2 D:\Coding\Xampp\htdocs\Codeigniter\system\View\View.php(525): CodeIgniter\View\View->render('site/meta', NULL, true)
#3 D:\Coding\Xampp\htdocs\Codeigniter\app\Views\site\layout.php(93): CodeIgniter\View\View->include('site/meta')
#4 D:\Coding\Xampp\htdocs\Codeigniter\system\View\View.php(246): include('D:\\Coding\\Xampp...')
#5 D:\Coding\Xampp\htdocs\Codeigniter\system\Common.php(1119): CodeIgniter\View\View->render('site/layout', Array, true)
#6 D:\Coding\Xampp\htdocs\Codeigniter\app\Controllers\BaseController.php(53): view('site/layout', Array)
#7 D:\Coding\Xampp\htdocs\Codeigniter\system\CodeIgniter.php(891): App\Controllers\BaseController->initController(Object(CodeIgniter\HTTP\IncomingRequest), Object(CodeIgniter\HTTP\Response), Object(CodeIgniter\Log\Logger))
#8 D:\Coding\Xampp\htdocs\Codeigniter\system\CodeIgniter.php(399): CodeIgniter\CodeIgniter->createController()
#9 D:\Coding\Xampp\htdocs\Codeigniter\system\CodeIgniter.php(312): CodeIgniter\CodeIgniter->handleRequest(NULL, Object(Config\Cache), false)
#10 D:\Coding\Xampp\htdocs\Codeigniter\index.php(46): CodeIgniter\CodeIgniter->run()
#11 {main}
CRITICAL - 2020-07-27 21:18:41 --> syntax error, unexpected '?>'
#0 D:\Coding\Xampp\htdocs\Codeigniter\system\Common.php(1119): CodeIgniter\View\View->render('site/home', Array, true)
#1 D:\Coding\Xampp\htdocs\Codeigniter\app\Controllers\HomeController.php(17): view('site/home', Array)
#2 D:\Coding\Xampp\htdocs\Codeigniter\system\CodeIgniter.php(918): App\Controllers\HomeController->index()
#3 D:\Coding\Xampp\htdocs\Codeigniter\system\CodeIgniter.php(404): CodeIgniter\CodeIgniter->runController(Object(App\Controllers\HomeController))
#4 D:\Coding\Xampp\htdocs\Codeigniter\system\CodeIgniter.php(312): CodeIgniter\CodeIgniter->handleRequest(NULL, Object(Config\Cache), false)
#5 D:\Coding\Xampp\htdocs\Codeigniter\index.php(46): CodeIgniter\CodeIgniter->run()
#6 {main}
CRITICAL - 2020-07-27 21:19:08 --> syntax error, unexpected '?>'
#0 D:\Coding\Xampp\htdocs\Codeigniter\system\Common.php(1119): CodeIgniter\View\View->render('site/home', Array, true)
#1 D:\Coding\Xampp\htdocs\Codeigniter\app\Controllers\HomeController.php(17): view('site/home', Array)
#2 D:\Coding\Xampp\htdocs\Codeigniter\system\CodeIgniter.php(918): App\Controllers\HomeController->index()
#3 D:\Coding\Xampp\htdocs\Codeigniter\system\CodeIgniter.php(404): CodeIgniter\CodeIgniter->runController(Object(App\Controllers\HomeController))
#4 D:\Coding\Xampp\htdocs\Codeigniter\system\CodeIgniter.php(312): CodeIgniter\CodeIgniter->handleRequest(NULL, Object(Config\Cache), false)
#5 D:\Coding\Xampp\htdocs\Codeigniter\index.php(46): CodeIgniter\CodeIgniter->run()
#6 {main}
CRITICAL - 2020-07-27 21:20:05 --> Undefined variable: page_home
#0 D:\Coding\Xampp\htdocs\Codeigniter\app\Views\site\meta.php(1): CodeIgniter\Debug\Exceptions->errorHandler(8, 'Undefined varia...', 'D:\\Coding\\Xampp...', 1, Array)
#1 D:\Coding\Xampp\htdocs\Codeigniter\system\View\View.php(246): include('D:\\Coding\\Xampp...')
#2 D:\Coding\Xampp\htdocs\Codeigniter\system\View\View.php(525): CodeIgniter\View\View->render('site/meta', NULL, true)
#3 D:\Coding\Xampp\htdocs\Codeigniter\app\Views\site\layout.php(93): CodeIgniter\View\View->include('site/meta')
#4 D:\Coding\Xampp\htdocs\Codeigniter\system\View\View.php(246): include('D:\\Coding\\Xampp...')
#5 D:\Coding\Xampp\htdocs\Codeigniter\system\Common.php(1119): CodeIgniter\View\View->render('site/layout', Array, true)
#6 D:\Coding\Xampp\htdocs\Codeigniter\app\Controllers\BaseController.php(53): view('site/layout', Array)
#7 D:\Coding\Xampp\htdocs\Codeigniter\system\CodeIgniter.php(891): App\Controllers\BaseController->initController(Object(CodeIgniter\HTTP\IncomingRequest), Object(CodeIgniter\HTTP\Response), Object(CodeIgniter\Log\Logger))
#8 D:\Coding\Xampp\htdocs\Codeigniter\system\CodeIgniter.php(399): CodeIgniter\CodeIgniter->createController()
#9 D:\Coding\Xampp\htdocs\Codeigniter\system\CodeIgniter.php(312): CodeIgniter\CodeIgniter->handleRequest(NULL, Object(Config\Cache), false)
#10 D:\Coding\Xampp\htdocs\Codeigniter\index.php(46): CodeIgniter\CodeIgniter->run()
#11 {main}
CRITICAL - 2020-07-27 21:22:23 --> Undefined variable: page_home
#0 D:\Coding\Xampp\htdocs\Codeigniter\app\Views\site\meta.php(1): CodeIgniter\Debug\Exceptions->errorHandler(8, 'Undefined varia...', 'D:\\Coding\\Xampp...', 1, Array)
#1 D:\Coding\Xampp\htdocs\Codeigniter\system\View\View.php(246): include('D:\\Coding\\Xampp...')
#2 D:\Coding\Xampp\htdocs\Codeigniter\system\View\View.php(525): CodeIgniter\View\View->render('site/meta', NULL, true)
#3 D:\Coding\Xampp\htdocs\Codeigniter\app\Views\site\layout.php(93): CodeIgniter\View\View->include('site/meta')
#4 D:\Coding\Xampp\htdocs\Codeigniter\system\View\View.php(246): include('D:\\Coding\\Xampp...')
#5 D:\Coding\Xampp\htdocs\Codeigniter\system\Common.php(1119): CodeIgniter\View\View->render('site/layout', Array, true)
#6 D:\Coding\Xampp\htdocs\Codeigniter\app\Controllers\BaseController.php(53): view('site/layout', Array)
#7 D:\Coding\Xampp\htdocs\Codeigniter\system\CodeIgniter.php(891): App\Controllers\BaseController->initController(Object(CodeIgniter\HTTP\IncomingRequest), Object(CodeIgniter\HTTP\Response), Object(CodeIgniter\Log\Logger))
#8 D:\Coding\Xampp\htdocs\Codeigniter\system\CodeIgniter.php(399): CodeIgniter\CodeIgniter->createController()
#9 D:\Coding\Xampp\htdocs\Codeigniter\system\CodeIgniter.php(312): CodeIgniter\CodeIgniter->handleRequest(NULL, Object(Config\Cache), false)
#10 D:\Coding\Xampp\htdocs\Codeigniter\index.php(46): CodeIgniter\CodeIgniter->run()
#11 {main}
CRITICAL - 2020-07-27 21:23:15 --> syntax error, unexpected '?>'
#0 D:\Coding\Xampp\htdocs\Codeigniter\system\Common.php(1119): CodeIgniter\View\View->render('site/layout', Array, true)
#1 D:\Coding\Xampp\htdocs\Codeigniter\app\Controllers\BaseController.php(53): view('site/layout', Array)
#2 D:\Coding\Xampp\htdocs\Codeigniter\system\CodeIgniter.php(891): App\Controllers\BaseController->initController(Object(CodeIgniter\HTTP\IncomingRequest), Object(CodeIgniter\HTTP\Response), Object(CodeIgniter\Log\Logger))
#3 D:\Coding\Xampp\htdocs\Codeigniter\system\CodeIgniter.php(399): CodeIgniter\CodeIgniter->createController()
#4 D:\Coding\Xampp\htdocs\Codeigniter\system\CodeIgniter.php(312): CodeIgniter\CodeIgniter->handleRequest(NULL, Object(Config\Cache), false)
#5 D:\Coding\Xampp\htdocs\Codeigniter\index.php(46): CodeIgniter\CodeIgniter->run()
#6 {main}
CRITICAL - 2020-07-27 21:24:30 --> Undefined variable: page_home
#0 D:\Coding\Xampp\htdocs\Codeigniter\app\Views\site\header.php(17): CodeIgniter\Debug\Exceptions->errorHandler(8, 'Undefined varia...', 'D:\\Coding\\Xampp...', 17, Array)
#1 D:\Coding\Xampp\htdocs\Codeigniter\system\View\View.php(246): include('D:\\Coding\\Xampp...')
#2 D:\Coding\Xampp\htdocs\Codeigniter\system\View\View.php(525): CodeIgniter\View\View->render('site/header', NULL, true)
#3 D:\Coding\Xampp\htdocs\Codeigniter\app\Views\site\layout.php(96): CodeIgniter\View\View->include('site/header')
#4 D:\Coding\Xampp\htdocs\Codeigniter\system\View\View.php(246): include('D:\\Coding\\Xampp...')
#5 D:\Coding\Xampp\htdocs\Codeigniter\system\Common.php(1119): CodeIgniter\View\View->render('site/layout', Array, true)
#6 D:\Coding\Xampp\htdocs\Codeigniter\app\Controllers\BaseController.php(53): view('site/layout', Array)
#7 D:\Coding\Xampp\htdocs\Codeigniter\system\CodeIgniter.php(891): App\Controllers\BaseController->initController(Object(CodeIgniter\HTTP\IncomingRequest), Object(CodeIgniter\HTTP\Response), Object(CodeIgniter\Log\Logger))
#8 D:\Coding\Xampp\htdocs\Codeigniter\system\CodeIgniter.php(399): CodeIgniter\CodeIgniter->createController()
#9 D:\Coding\Xampp\htdocs\Codeigniter\system\CodeIgniter.php(312): CodeIgniter\CodeIgniter->handleRequest(NULL, Object(Config\Cache), false)
#10 D:\Coding\Xampp\htdocs\Codeigniter\index.php(46): CodeIgniter\CodeIgniter->run()
#11 {main}
CRITICAL - 2020-07-27 21:29:08 --> Undefined variable: data
#0 D:\Coding\Xampp\htdocs\Codeigniter\app\Views\site\home.php(638): CodeIgniter\Debug\Exceptions->errorHandler(8, 'Undefined varia...', 'D:\\Coding\\Xampp...', 638, Array)
#1 D:\Coding\Xampp\htdocs\Codeigniter\system\View\View.php(246): include('D:\\Coding\\Xampp...')
#2 D:\Coding\Xampp\htdocs\Codeigniter\system\Common.php(1119): CodeIgniter\View\View->render('site/home', Array, true)
#3 D:\Coding\Xampp\htdocs\Codeigniter\app\Controllers\HomeController.php(18): view('site/home', Array)
#4 D:\Coding\Xampp\htdocs\Codeigniter\system\CodeIgniter.php(918): App\Controllers\HomeController->index()
#5 D:\Coding\Xampp\htdocs\Codeigniter\system\CodeIgniter.php(404): CodeIgniter\CodeIgniter->runController(Object(App\Controllers\HomeController))
#6 D:\Coding\Xampp\htdocs\Codeigniter\system\CodeIgniter.php(312): CodeIgniter\CodeIgniter->handleRequest(NULL, Object(Config\Cache), false)
#7 D:\Coding\Xampp\htdocs\Codeigniter\index.php(46): CodeIgniter\CodeIgniter->run()
#8 {main}
CRITICAL - 2020-07-27 21:29:19 --> Argument 2 passed to view() must be of the type array, object given, called in D:\Coding\Xampp\htdocs\Codeigniter\app\Views\site\home.php on line 638
#0 D:\Coding\Xampp\htdocs\Codeigniter\app\Views\site\home.php(638): view('site/meta', Object(stdClass))
#1 D:\Coding\Xampp\htdocs\Codeigniter\system\View\View.php(246): include('D:\\Coding\\Xampp...')
#2 D:\Coding\Xampp\htdocs\Codeigniter\system\Common.php(1119): CodeIgniter\View\View->render('site/home', Array, true)
#3 D:\Coding\Xampp\htdocs\Codeigniter\app\Controllers\HomeController.php(18): view('site/home', Array)
#4 D:\Coding\Xampp\htdocs\Codeigniter\system\CodeIgniter.php(918): App\Controllers\HomeController->index()
#5 D:\Coding\Xampp\htdocs\Codeigniter\system\CodeIgniter.php(404): CodeIgniter\CodeIgniter->runController(Object(App\Controllers\HomeController))
#6 D:\Coding\Xampp\htdocs\Codeigniter\system\CodeIgniter.php(312): CodeIgniter\CodeIgniter->handleRequest(NULL, Object(Config\Cache), false)
#7 D:\Coding\Xampp\htdocs\Codeigniter\index.php(46): CodeIgniter\CodeIgniter->run()
#8 {main}
CRITICAL - 2020-07-27 21:38:21 --> Too few arguments to function CodeIgniter\View\Parser::__construct(), 0 passed in D:\Coding\Xampp\htdocs\Codeigniter\app\Controllers\HomeController.php on line 14 and at least 1 expected
#0 D:\Coding\Xampp\htdocs\Codeigniter\app\Controllers\HomeController.php(14): CodeIgniter\View\Parser->__construct()
#1 D:\Coding\Xampp\htdocs\Codeigniter\system\CodeIgniter.php(918): App\Controllers\HomeController->index()
#2 D:\Coding\Xampp\htdocs\Codeigniter\system\CodeIgniter.php(404): CodeIgniter\CodeIgniter->runController(Object(App\Controllers\HomeController))
#3 D:\Coding\Xampp\htdocs\Codeigniter\system\CodeIgniter.php(312): CodeIgniter\CodeIgniter->handleRequest(NULL, Object(Config\Cache), false)
#4 D:\Coding\Xampp\htdocs\Codeigniter\index.php(46): CodeIgniter\CodeIgniter->run()
#5 {main}
CRITICAL - 2020-07-27 21:44:37 --> Undefined variable: page_home
#0 D:\Coding\Xampp\htdocs\Codeigniter\app\Views\site\meta.php(1): CodeIgniter\Debug\Exceptions->errorHandler(8, 'Undefined varia...', 'D:\\Coding\\Xampp...', 1, Array)
#1 D:\Coding\Xampp\htdocs\Codeigniter\system\View\View.php(246): include('D:\\Coding\\Xampp...')
#2 D:\Coding\Xampp\htdocs\Codeigniter\system\View\View.php(525): CodeIgniter\View\View->render('site/meta', NULL, true)
#3 D:\Coding\Xampp\htdocs\Codeigniter\app\Views\site\layout.php(94): CodeIgniter\View\View->include('site/meta')
#4 D:\Coding\Xampp\htdocs\Codeigniter\system\View\View.php(246): include('D:\\Coding\\Xampp...')
#5 D:\Coding\Xampp\htdocs\Codeigniter\system\Common.php(1119): CodeIgniter\View\View->render('site/layout', Array, true)
#6 D:\Coding\Xampp\htdocs\Codeigniter\app\Controllers\BaseController.php(53): view('site/layout', Array)
#7 D:\Coding\Xampp\htdocs\Codeigniter\system\CodeIgniter.php(891): App\Controllers\BaseController->initController(Object(CodeIgniter\HTTP\IncomingRequest), Object(CodeIgniter\HTTP\Response), Object(CodeIgniter\Log\Logger))
#8 D:\Coding\Xampp\htdocs\Codeigniter\system\CodeIgniter.php(399): CodeIgniter\CodeIgniter->createController()
#9 D:\Coding\Xampp\htdocs\Codeigniter\system\CodeIgniter.php(312): CodeIgniter\CodeIgniter->handleRequest(NULL, Object(Config\Cache), false)
#10 D:\Coding\Xampp\htdocs\Codeigniter\index.php(46): CodeIgniter\CodeIgniter->run()
#11 {main}
CRITICAL - 2020-07-27 21:50:14 --> Undefined variable: page_title
#0 D:\Coding\Xampp\htdocs\Codeigniter\app\Views\site\meta.php(1): CodeIgniter\Debug\Exceptions->errorHandler(8, 'Undefined varia...', 'D:\\Coding\\Xampp...', 1, Array)
#1 D:\Coding\Xampp\htdocs\Codeigniter\system\View\View.php(246): include('D:\\Coding\\Xampp...')
#2 D:\Coding\Xampp\htdocs\Codeigniter\system\View\View.php(525): CodeIgniter\View\View->render('site/meta', NULL, true)
#3 D:\Coding\Xampp\htdocs\Codeigniter\app\Views\site\layout.php(94): CodeIgniter\View\View->include('site/meta')
#4 D:\Coding\Xampp\htdocs\Codeigniter\system\View\View.php(246): include('D:\\Coding\\Xampp...')
#5 D:\Coding\Xampp\htdocs\Codeigniter\system\Common.php(1119): CodeIgniter\View\View->render('site/layout', Array, true)
#6 D:\Coding\Xampp\htdocs\Codeigniter\app\Controllers\BaseController.php(53): view('site/layout', Array)
#7 D:\Coding\Xampp\htdocs\Codeigniter\system\CodeIgniter.php(891): App\Controllers\BaseController->initController(Object(CodeIgniter\HTTP\IncomingRequest), Object(CodeIgniter\HTTP\Response), Object(CodeIgniter\Log\Logger))
#8 D:\Coding\Xampp\htdocs\Codeigniter\system\CodeIgniter.php(399): CodeIgniter\CodeIgniter->createController()
#9 D:\Coding\Xampp\htdocs\Codeigniter\system\CodeIgniter.php(312): CodeIgniter\CodeIgniter->handleRequest(NULL, Object(Config\Cache), false)
#10 D:\Coding\Xampp\htdocs\Codeigniter\index.php(46): CodeIgniter\CodeIgniter->run()
#11 {main}
CRITICAL - 2020-07-27 21:50:28 --> Undefined variable: page_title
#0 D:\Coding\Xampp\htdocs\Codeigniter\app\Views\site\meta.php(1): CodeIgniter\Debug\Exceptions->errorHandler(8, 'Undefined varia...', 'D:\\Coding\\Xampp...', 1, Array)
#1 D:\Coding\Xampp\htdocs\Codeigniter\system\View\View.php(246): include('D:\\Coding\\Xampp...')
#2 D:\Coding\Xampp\htdocs\Codeigniter\system\View\View.php(525): CodeIgniter\View\View->render('site/meta', NULL, true)
#3 D:\Coding\Xampp\htdocs\Codeigniter\app\Views\site\layout.php(94): CodeIgniter\View\View->include('site/meta')
#4 D:\Coding\Xampp\htdocs\Codeigniter\system\View\View.php(246): include('D:\\Coding\\Xampp...')
#5 D:\Coding\Xampp\htdocs\Codeigniter\system\Common.php(1119): CodeIgniter\View\View->render('site/layout', Array, true)
#6 D:\Coding\Xampp\htdocs\Codeigniter\app\Controllers\BaseController.php(53): view('site/layout', Array)
#7 D:\Coding\Xampp\htdocs\Codeigniter\system\CodeIgniter.php(891): App\Controllers\BaseController->initController(Object(CodeIgniter\HTTP\IncomingRequest), Object(CodeIgniter\HTTP\Response), Object(CodeIgniter\Log\Logger))
#8 D:\Coding\Xampp\htdocs\Codeigniter\system\CodeIgniter.php(399): CodeIgniter\CodeIgniter->createController()
#9 D:\Coding\Xampp\htdocs\Codeigniter\system\CodeIgniter.php(312): CodeIgniter\CodeIgniter->handleRequest(NULL, Object(Config\Cache), false)
#10 D:\Coding\Xampp\htdocs\Codeigniter\index.php(46): CodeIgniter\CodeIgniter->run()
#11 {main}
