CRITICAL - 2020-08-18 20:06:39 --> Undefined variable: cate_sub_array
#0 D:\Coding\Xampp\htdocs\Codeigniter\app\Controllers\HomeController.php(84): CodeIgniter\Debug\Exceptions->errorHandler(8, 'Undefined varia...', 'D:\\Coding\\Xampp...', 84, Array)
#1 D:\Coding\Xampp\htdocs\Codeigniter\system\CodeIgniter.php(918): App\Controllers\HomeController->catePost('dich-vu-van-tai')
#2 D:\Coding\Xampp\htdocs\Codeigniter\system\CodeIgniter.php(404): CodeIgniter\CodeIgniter->runController(Object(App\Controllers\HomeController))
#3 D:\Coding\Xampp\htdocs\Codeigniter\system\CodeIgniter.php(312): CodeIgniter\CodeIgniter->handleRequest(NULL, Object(Config\Cache), false)
#4 D:\Coding\Xampp\htdocs\Codeigniter\index.php(46): CodeIgniter\CodeIgniter->run()
#5 {main}
CRITICAL - 2020-08-18 20:07:14 --> whereIn() expects $values to be of type array or closure
#0 D:\Coding\Xampp\htdocs\Codeigniter\system\Database\BaseBuilder.php(853): CodeIgniter\Database\BaseBuilder->_whereIn('post_cate_id', '1', false, 'AND ', NULL)
#1 D:\Coding\Xampp\htdocs\Codeigniter\system\Model.php(1818): CodeIgniter\Database\BaseBuilder->whereIn('post_cate_id', '1')
#2 D:\Coding\Xampp\htdocs\Codeigniter\app\Controllers\HomeController.php(84): CodeIgniter\Model->__call('whereIn', Array)
#3 D:\Coding\Xampp\htdocs\Codeigniter\system\CodeIgniter.php(918): App\Controllers\HomeController->catePost('dich-vu-van-tai')
#4 D:\Coding\Xampp\htdocs\Codeigniter\system\CodeIgniter.php(404): CodeIgniter\CodeIgniter->runController(Object(App\Controllers\HomeController))
#5 D:\Coding\Xampp\htdocs\Codeigniter\system\CodeIgniter.php(312): CodeIgniter\CodeIgniter->handleRequest(NULL, Object(Config\Cache), false)
#6 D:\Coding\Xampp\htdocs\Codeigniter\index.php(46): CodeIgniter\CodeIgniter->run()
#7 {main}
CRITICAL - 2020-08-18 20:07:27 --> Call to undefined method App\models\Post_Model::count
#0 D:\Coding\Xampp\htdocs\Codeigniter\app\Controllers\HomeController.php(84): CodeIgniter\Model->__call('count', Array)
#1 D:\Coding\Xampp\htdocs\Codeigniter\system\CodeIgniter.php(918): App\Controllers\HomeController->catePost('dich-vu-van-tai')
#2 D:\Coding\Xampp\htdocs\Codeigniter\system\CodeIgniter.php(404): CodeIgniter\CodeIgniter->runController(Object(App\Controllers\HomeController))
#3 D:\Coding\Xampp\htdocs\Codeigniter\system\CodeIgniter.php(312): CodeIgniter\CodeIgniter->handleRequest(NULL, Object(Config\Cache), false)
#4 D:\Coding\Xampp\htdocs\Codeigniter\index.php(46): CodeIgniter\CodeIgniter->run()
#5 {main}
